---------------------------------------------------------------
[ 2018-01-19T18:28:35+08:00 ] 127.0.0.1 GET /user/my_info/show/id/1.html
[ info ] www.aiyy.com/user/my_info/show/id/1.html [运行时间：0.142008s][吞吐率：7.04req/s] [内存消耗：2,765.23kb] [文件加载：73]
[ info ] [ LANG ] D:\phpstudy\WWW\aiyy\thinkphp\lang\zh-cn.php
[ info ] [ ROUTE ] array (
  'type' => 'module',
  'module' => 
  array (
    0 => 'user',
    1 => 'my_info',
    2 => 'show',
  ),
)
[ info ] [ HEADER ] array (
  'cookie' => 'PHPSESSID=b46ak6dgfiviiq8aq0cmju3af4; Hm_lvt_cc903faaed69cca18f7cf0997b2e62c9=1516351871; Hm_lpvt_cc903faaed69cca18f7cf0997b2e62c9=1516354858',
  'accept-language' => 'zh-CN,zh;q=0.8',
  'accept-encoding' => 'gzip, deflate',
  'referer' => 'http://www.aiyy.com/user/my_info/index.html',
  'accept' => 'text/html,application/xhtml+xml,application/xml;q=0.9,image/webp,image/apng,*/*;q=0.8',
  'user-agent' => 'Mozilla/5.0 (iPhone; CPU iPhone OS 9_1 like Mac OS X) AppleWebKit/601.1.46 (KHTML, like Gecko) Version/9.0 Mobile/13B143 Safari/601.1',
  'upgrade-insecure-requests' => '1',
  'connection' => 'close',
  'host' => 'www.aiyy.com',
)
[ info ] [ PARAM ] array (
  '/user/my_info/show/id/1_html' => '',
  'id' => '1',
)
[ info ] [ CACHE ] INIT File
[ info ] [ DB ] INIT mysql
[ info ] [ BEHAVIOR ] Run app\common\behavior\Config @app_begin [ RunTime:0.046003s ]
[ info ] [ BEHAVIOR ] Run app\common\behavior\Hook @app_begin [ RunTime:0.051003s ]
[ info ] [ SESSION ] INIT array (
  'id' => '',
  'var_session_id' => '',
  'prefix' => 'dolphin_admin_',
  'type' => '',
  'auto_start' => true,
)
[ info ] [ LOG ] INIT File
[ sql ] [ DB ] CONNECT:[ UseTime:0.003000s ] mysql:host=127.0.0.1;port=3306;dbname=dolphin;charset=utf8
[ sql ] [ SQL ] SHOW COLUMNS FROM `dp_admin_config` [ RunTime:0.014001s ]
[ sql ] [ SQL ] SELECT `name`,`value`,`type` FROM `dp_admin_config` [ RunTime:0.001000s ]
[ sql ] [ SQL ] SHOW COLUMNS FROM `dp_admin_module` [ RunTime:0.014001s ]
[ sql ] [ SQL ] SELECT `name`,`config` FROM `dp_admin_module` WHERE  `config` <> '' [ RunTime:0.000000s ]
[ sql ] [ SQL ] SHOW COLUMNS FROM `dp_admin_hook` [ RunTime:0.015001s ]
[ sql ] [ SQL ] SELECT `name`,`status` FROM `dp_admin_hook` WHERE  `status` = 1 [ RunTime:0.001000s ]
[ sql ] [ SQL ] SHOW COLUMNS FROM `dp_admin_plugin` [ RunTime:0.013001s ]
[ sql ] [ SQL ] SELECT `name`,`status` FROM `dp_admin_plugin` WHERE  `status` = 1 [ RunTime:0.000000s ]
[ sql ] [ SQL ] SHOW COLUMNS FROM `dp_admin_hook_plugin` [ RunTime:0.013001s ]
[ sql ] [ SQL ] SELECT * FROM `dp_admin_hook_plugin` WHERE  `status` = 1 ORDER BY hook,sort [ RunTime:0.001000s ]
---------------------------------------------------------------
[ 2018-01-19T18:28:37+08:00 ] 127.0.0.1 GET /user/my_info/index.html
[ info ] www.aiyy.com/user/my_info/index.html [运行时间：0.185010s][吞吐率：5.41req/s] [内存消耗：3,019.20kb] [文件加载：75]
[ info ] [ LANG ] D:\phpstudy\WWW\aiyy\thinkphp\lang\zh-cn.php
[ info ] [ ROUTE ] array (
  'type' => 'module',
  'module' => 
  array (
    0 => 'user',
    1 => 'my_info',
    2 => 'index',
  ),
)
[ info ] [ HEADER ] array (
  'cookie' => 'PHPSESSID=b46ak6dgfiviiq8aq0cmju3af4; Hm_lvt_cc903faaed69cca18f7cf0997b2e62c9=1516351871; Hm_lpvt_cc903faaed69cca18f7cf0997b2e62c9=1516357716',
  'accept-language' => 'zh-CN,zh;q=0.8',
  'accept-encoding' => 'gzip, deflate',
  'referer' => 'http://www.aiyy.com/user/index/index.html',
  'accept' => 'text/html,application/xhtml+xml,application/xml;q=0.9,image/webp,image/apng,*/*;q=0.8',
  'user-agent' => 'Mozilla/5.0 (iPhone; CPU iPhone OS 9_1 like Mac OS X) AppleWebKit/601.1.46 (KHTML, like Gecko) Version/9.0 Mobile/13B143 Safari/601.1',
  'upgrade-insecure-requests' => '1',
  'connection' => 'close',
  'host' => 'www.aiyy.com',
)
[ info ] [ PARAM ] array (
  '/user/my_info/index_html' => '',
)
[ info ] [ CACHE ] INIT File
[ info ] [ DB ] INIT mysql
[ info ] [ BEHAVIOR ] Run app\common\behavior\Config @app_begin [ RunTime:0.054003s ]
[ info ] [ BEHAVIOR ] Run app\common\behavior\Hook @app_begin [ RunTime:0.052003s ]
[ info ] [ SESSION ] INIT array (
  'id' => '',
  'var_session_id' => '',
  'prefix' => 'dolphin_admin_',
  'type' => '',
  'auto_start' => true,
)
[ info ] [ RUN ] app\user\home\MyInfo->index[ D:\phpstudy\WWW\aiyy\application\user\home\MyInfo.php ]
[ info ] [ VIEW ] D:\phpstudy\WWW\aiyy\public/../application/user\view\my_info\index.html [ array (
  0 => 'base_info',
  1 => 'video_url',
) ]
[ info ] [ LOG ] INIT File
[ sql ] [ DB ] CONNECT:[ UseTime:0.012001s ] mysql:host=127.0.0.1;port=3306;dbname=dolphin;charset=utf8
[ sql ] [ SQL ] SHOW COLUMNS FROM `dp_admin_config` [ RunTime:0.015001s ]
[ sql ] [ SQL ] SELECT `name`,`value`,`type` FROM `dp_admin_config` [ RunTime:0.001000s ]
[ sql ] [ SQL ] SHOW COLUMNS FROM `dp_admin_module` [ RunTime:0.013000s ]
[ sql ] [ SQL ] SELECT `name`,`config` FROM `dp_admin_module` WHERE  `config` <> '' [ RunTime:0.001000s ]
[ sql ] [ SQL ] SHOW COLUMNS FROM `dp_admin_hook` [ RunTime:0.011001s ]
[ sql ] [ SQL ] SELECT `name`,`status` FROM `dp_admin_hook` WHERE  `status` = 1 [ RunTime:0.001000s ]
[ sql ] [ SQL ] SHOW COLUMNS FROM `dp_admin_plugin` [ RunTime:0.020001s ]
[ sql ] [ SQL ] SELECT `name`,`status` FROM `dp_admin_plugin` WHERE  `status` = 1 [ RunTime:0.000000s ]
[ sql ] [ SQL ] SHOW COLUMNS FROM `dp_admin_hook_plugin` [ RunTime:0.017001s ]
[ sql ] [ SQL ] SELECT * FROM `dp_admin_hook_plugin` WHERE  `status` = 1 ORDER BY hook,sort [ RunTime:0.001000s ]
[ sql ] [ SQL ] SHOW COLUMNS FROM `dp_user` [ RunTime:0.015001s ]
[ sql ] [ SQL ] SELECT * FROM `dp_user` WHERE  `id` = 5 LIMIT 1 [ RunTime:0.005000s ]
[ sql ] [ SQL ] SELECT * FROM `dp_user` WHERE  `id` = 5 LIMIT 1 [ RunTime:0.001000s ]
[ sql ] [ SQL ] SHOW COLUMNS FROM `dp_user_video` [ RunTime:0.017001s ]
[ sql ] [ SQL ] SELECT * FROM `dp_user_video` WHERE  `uid` = 5 [ RunTime:0.001000s ]
---------------------------------------------------------------
[ 2018-01-19T18:28:38+08:00 ] 127.0.0.1 GET /static/jquery-form/jquery.form.min.js.map
[ info ] www.aiyy.com/static/jquery-form/jquery.form.min.js.map [运行时间：0.135007s][吞吐率：7.41req/s] [内存消耗：2,206.54kb] [文件加载：59]
[ info ] [ LANG ] D:\phpstudy\WWW\aiyy\thinkphp\lang\zh-cn.php
[ info ] [ ROUTE ] array (
  'type' => 'module',
  'module' => 
  array (
    0 => 'static',
    1 => 'jquery-form',
    2 => 'jquery.form.min.js.map',
  ),
)
[ info ] [ HEADER ] array (
  'cookie' => 'PHPSESSID=b46ak6dgfiviiq8aq0cmju3af4; Hm_lvt_cc903faaed69cca18f7cf0997b2e62c9=1516351871; Hm_lpvt_cc903faaed69cca18f7cf0997b2e62c9=1516357716',
  'accept-language' => 'zh-CN,zh;q=0.8',
  'accept-encoding' => 'gzip, deflate',
  'user-agent' => 'Mozilla/5.0 (iPhone; CPU iPhone OS 9_1 like Mac OS X) AppleWebKit/601.1.46 (KHTML, like Gecko) Version/9.0 Mobile/13B143 Safari/601.1',
  'connection' => 'close',
  'host' => 'www.aiyy.com',
)
[ info ] [ PARAM ] array (
  '/static/jquery-form/jquery_form_min_js_map' => '',
)
[ info ] [ CACHE ] INIT File
[ info ] [ DB ] INIT mysql
[ info ] [ BEHAVIOR ] Run app\common\behavior\Config @app_begin [ RunTime:0.080005s ]
[ info ] [ BEHAVIOR ] Run app\common\behavior\Hook @app_begin [ RunTime:0.028001s ]
[ info ] [ LOG ] INIT File
[ sql ] [ DB ] CONNECT:[ UseTime:0.046003s ] mysql:host=127.0.0.1;port=3306;dbname=dolphin;charset=utf8
[ sql ] [ SQL ] SHOW COLUMNS FROM `dp_admin_config` [ RunTime:0.013001s ]
[ sql ] [ SQL ] SELECT `name`,`value`,`type` FROM `dp_admin_config` [ RunTime:0.001000s ]
[ sql ] [ SQL ] SHOW COLUMNS FROM `dp_admin_module` [ RunTime:0.009000s ]
[ sql ] [ SQL ] SELECT `name`,`config` FROM `dp_admin_module` WHERE  `config` <> '' [ RunTime:0.001001s ]
[ sql ] [ SQL ] SHOW COLUMNS FROM `dp_admin_hook` [ RunTime:0.006000s ]
[ sql ] [ SQL ] SELECT `name`,`status` FROM `dp_admin_hook` WHERE  `status` = 1 [ RunTime:0.001000s ]
[ sql ] [ SQL ] SHOW COLUMNS FROM `dp_admin_plugin` [ RunTime:0.007000s ]
[ sql ] [ SQL ] SELECT `name`,`status` FROM `dp_admin_plugin` WHERE  `status` = 1 [ RunTime:0.001000s ]
[ sql ] [ SQL ] SHOW COLUMNS FROM `dp_admin_hook_plugin` [ RunTime:0.010001s ]
[ sql ] [ SQL ] SELECT * FROM `dp_admin_hook_plugin` WHERE  `status` = 1 ORDER BY hook,sort [ RunTime:0.001000s ]
---------------------------------------------------------------
[ 2018-01-19T18:28:38+08:00 ] 127.0.0.1 GET /user/my_info/index.html
[ info ] www.aiyy.com/user/my_info/index.html [运行时间：0.249015s][吞吐率：4.02req/s] [内存消耗：2,841.70kb] [文件加载：73]
[ info ] [ LANG ] D:\phpstudy\WWW\aiyy\thinkphp\lang\zh-cn.php
[ info ] [ ROUTE ] array (
  'type' => 'module',
  'module' => 
  array (
    0 => 'user',
    1 => 'my_info',
    2 => 'index',
  ),
)
[ info ] [ HEADER ] array (
  'cookie' => 'PHPSESSID=b46ak6dgfiviiq8aq0cmju3af4; Hm_lvt_cc903faaed69cca18f7cf0997b2e62c9=1516351871; Hm_lpvt_cc903faaed69cca18f7cf0997b2e62c9=1516357716',
  'accept-language' => 'zh-CN,zh;q=0.8',
  'accept-encoding' => 'gzip, deflate',
  'referer' => 'http://www.aiyy.com/user/my_info/index.html',
  'accept' => 'image/webp,image/apng,image/*,*/*;q=0.8',
  'user-agent' => 'Mozilla/5.0 (iPhone; CPU iPhone OS 9_1 like Mac OS X) AppleWebKit/601.1.46 (KHTML, like Gecko) Version/9.0 Mobile/13B143 Safari/601.1',
  'connection' => 'close',
  'host' => 'www.aiyy.com',
)
[ info ] [ PARAM ] array (
  '/user/my_info/index_html' => '',
)
[ info ] [ CACHE ] INIT File
[ info ] [ DB ] INIT mysql
[ info ] [ BEHAVIOR ] Run app\common\behavior\Config @app_begin [ RunTime:0.073004s ]
[ info ] [ BEHAVIOR ] Run app\common\behavior\Hook @app_begin [ RunTime:0.083005s ]
[ info ] [ SESSION ] INIT array (
  'id' => '',
  'var_session_id' => '',
  'prefix' => 'dolphin_admin_',
  'type' => '',
  'auto_start' => true,
)
[ info ] [ RUN ] app\user\home\MyInfo->index[ D:\phpstudy\WWW\aiyy\application\user\home\MyInfo.php ]
[ info ] [ VIEW ] D:\phpstudy\WWW\aiyy\public/../application/user\view\my_info\index.html [ array (
  0 => 'base_info',
  1 => 'video_url',
) ]
[ info ] [ LOG ] INIT File
[ sql ] [ DB ] CONNECT:[ UseTime:0.023001s ] mysql:host=127.0.0.1;port=3306;dbname=dolphin;charset=utf8
[ sql ] [ SQL ] SHOW COLUMNS FROM `dp_admin_config` [ RunTime:0.028001s ]
[ sql ] [ SQL ] SELECT `name`,`value`,`type` FROM `dp_admin_config` [ RunTime:0.001001s ]
[ sql ] [ SQL ] SHOW COLUMNS FROM `dp_admin_module` [ RunTime:0.009000s ]
[ sql ] [ SQL ] SELECT `name`,`config` FROM `dp_admin_module` WHERE  `config` <> '' [ RunTime:0.001000s ]
[ sql ] [ SQL ] SHOW COLUMNS FROM `dp_admin_hook` [ RunTime:0.012001s ]
[ sql ] [ SQL ] SELECT `name`,`status` FROM `dp_admin_hook` WHERE  `status` = 1 [ RunTime:0.013001s ]
[ sql ] [ SQL ] SHOW COLUMNS FROM `dp_admin_plugin` [ RunTime:0.016001s ]
[ sql ] [ SQL ] SELECT `name`,`status` FROM `dp_admin_plugin` WHERE  `status` = 1 [ RunTime:0.008000s ]
[ sql ] [ SQL ] SHOW COLUMNS FROM `dp_admin_hook_plugin` [ RunTime:0.030002s ]
[ sql ] [ SQL ] SELECT * FROM `dp_admin_hook_plugin` WHERE  `status` = 1 ORDER BY hook,sort [ RunTime:0.001000s ]
[ sql ] [ SQL ] SHOW COLUMNS FROM `dp_user` [ RunTime:0.021001s ]
[ sql ] [ SQL ] SELECT * FROM `dp_user` WHERE  `id` = 5 LIMIT 1 [ RunTime:0.006000s ]
[ sql ] [ SQL ] SELECT * FROM `dp_user` WHERE  `id` = 5 LIMIT 1 [ RunTime:0.001000s ]
[ sql ] [ SQL ] SHOW COLUMNS FROM `dp_user_video` [ RunTime:0.018001s ]
[ sql ] [ SQL ] SELECT * FROM `dp_user_video` WHERE  `uid` = 5 [ RunTime:0.000000s ]
---------------------------------------------------------------
[ 2018-01-19T18:28:51+08:00 ] 127.0.0.1 GET /user/index/index.html
[ info ] www.aiyy.com/user/index/index.html [运行时间：0.173010s][吞吐率：5.78req/s] [内存消耗：2,628.26kb] [文件加载：72]
[ info ] [ LANG ] D:\phpstudy\WWW\aiyy\thinkphp\lang\zh-cn.php
[ info ] [ ROUTE ] array (
  'type' => 'module',
  'module' => 
  array (
    0 => 'user',
    1 => 'index',
    2 => 'index',
  ),
)
[ info ] [ HEADER ] array (
  'cookie' => 'PHPSESSID=b46ak6dgfiviiq8aq0cmju3af4; Hm_lvt_cc903faaed69cca18f7cf0997b2e62c9=1516351871; Hm_lpvt_cc903faaed69cca18f7cf0997b2e62c9=1516357718',
  'accept-language' => 'zh-CN,zh;q=0.8',
  'accept-encoding' => 'gzip, deflate',
  'referer' => 'http://www.aiyy.com/user/journey/index.html',
  'accept' => 'text/html,application/xhtml+xml,application/xml;q=0.9,image/webp,image/apng,*/*;q=0.8',
  'user-agent' => 'Mozilla/5.0 (iPhone; CPU iPhone OS 9_1 like Mac OS X) AppleWebKit/601.1.46 (KHTML, like Gecko) Version/9.0 Mobile/13B143 Safari/601.1',
  'upgrade-insecure-requests' => '1',
  'connection' => 'close',
  'host' => 'www.aiyy.com',
)
[ info ] [ PARAM ] array (
  '/user/index/index_html' => '',
)
[ info ] [ CACHE ] INIT File
[ info ] [ DB ] INIT mysql
[ info ] [ BEHAVIOR ] Run app\common\behavior\Config @app_begin [ RunTime:0.046003s ]
[ info ] [ BEHAVIOR ] Run app\common\behavior\Hook @app_begin [ RunTime:0.052003s ]
[ info ] [ SESSION ] INIT array (
  'id' => '',
  'var_session_id' => '',
  'prefix' => 'dolphin_admin_',
  'type' => '',
  'auto_start' => true,
)
[ info ] [ RUN ] app\user\home\Index->index[ D:\phpstudy\WWW\aiyy\application\user\home\Index.php ]
[ info ] [ VIEW ] D:\phpstudy\WWW\aiyy\public/../application/user\view\index\index.html [ array (
  0 => 'user_base_info',
) ]
[ info ] [ LOG ] INIT File
[ sql ] [ DB ] CONNECT:[ UseTime:0.001000s ] mysql:host=127.0.0.1;port=3306;dbname=dolphin;charset=utf8
[ sql ] [ SQL ] SHOW COLUMNS FROM `dp_admin_config` [ RunTime:0.009000s ]
[ sql ] [ SQL ] SELECT `name`,`value`,`type` FROM `dp_admin_config` [ RunTime:0.001000s ]
[ sql ] [ SQL ] SHOW COLUMNS FROM `dp_admin_module` [ RunTime:0.020001s ]
[ sql ] [ SQL ] SELECT `name`,`config` FROM `dp_admin_module` WHERE  `config` <> '' [ RunTime:0.002001s ]
[ sql ] [ SQL ] SHOW COLUMNS FROM `dp_admin_hook` [ RunTime:0.016001s ]
[ sql ] [ SQL ] SELECT `name`,`status` FROM `dp_admin_hook` WHERE  `status` = 1 [ RunTime:0.000000s ]
[ sql ] [ SQL ] SHOW COLUMNS FROM `dp_admin_plugin` [ RunTime:0.015001s ]
[ sql ] [ SQL ] SELECT `name`,`status` FROM `dp_admin_plugin` WHERE  `status` = 1 [ RunTime:0.000000s ]
[ sql ] [ SQL ] SHOW COLUMNS FROM `dp_admin_hook_plugin` [ RunTime:0.016001s ]
[ sql ] [ SQL ] SELECT * FROM `dp_admin_hook_plugin` WHERE  `status` = 1 ORDER BY hook,sort [ RunTime:0.001000s ]
[ sql ] [ SQL ] SHOW COLUMNS FROM `dp_user_video` [ RunTime:0.016001s ]
[ sql ] [ SQL ] SHOW COLUMNS FROM `dp_user` [ RunTime:0.015001s ]
[ sql ] [ SQL ] SELECT count(DISTINCT attention.id) as attention_num,count(DISTINCT attentioned.id) as attentioned_num,`img`.`img_num`,`video`.`video_num`,`User`.`nickname`,`User`.`head_img`,`User`.`sys_id`,`User`.`id`,`User`.`sex` FROM `dp_user` `User` LEFT JOIN `dp_user_attention` `attention` ON `attention`.`user_followid`=`User`.`id` LEFT JOIN `dp_user_attention` `attentioned` ON `attentioned`.`user_id`=`User`.`id` LEFT JOIN ( SELECT `uid`,count(id) as  img_num FROM `dp_user_video` WHERE  (  video_type=1 ) GROUP BY `video_type` ) `img` ON `img`.`uid`=`User`.`id` LEFT JOIN ( SELECT `uid`,count(id) as  video_num FROM `dp_user_video` WHERE  (  video_type=2 ) GROUP BY `video_type` ) `video` ON `video`.`uid`=`User`.`id` WHERE  `User`.`id` = 5 GROUP BY `User`.`id` LIMIT 1 [ RunTime:0.003000s ]
---------------------------------------------------------------
[ 2018-01-19T18:28:52+08:00 ] 127.0.0.1 GET /static/jquery-form/jquery.form.min.js.map
[ info ] www.aiyy.com/static/jquery-form/jquery.form.min.js.map [运行时间：0.184011s][吞吐率：5.43req/s] [内存消耗：2,206.54kb] [文件加载：59]
[ info ] [ LANG ] D:\phpstudy\WWW\aiyy\thinkphp\lang\zh-cn.php
[ info ] [ ROUTE ] array (
  'type' => 'module',
  'module' => 
  array (
    0 => 'static',
    1 => 'jquery-form',
    2 => 'jquery.form.min.js.map',
  ),
)
[ info ] [ HEADER ] array (
  'cookie' => 'PHPSESSID=b46ak6dgfiviiq8aq0cmju3af4; Hm_lvt_cc903faaed69cca18f7cf0997b2e62c9=1516351871; Hm_lpvt_cc903faaed69cca18f7cf0997b2e62c9=1516357718',
  'accept-language' => 'zh-CN,zh;q=0.8',
  'accept-encoding' => 'gzip, deflate',
  'user-agent' => 'Mozilla/5.0 (iPhone; CPU iPhone OS 9_1 like Mac OS X) AppleWebKit/601.1.46 (KHTML, like Gecko) Version/9.0 Mobile/13B143 Safari/601.1',
  'connection' => 'close',
  'host' => 'www.aiyy.com',
)
[ info ] [ PARAM ] array (
  '/static/jquery-form/jquery_form_min_js_map' => '',
)
[ info ] [ CACHE ] INIT File
[ info ] [ DB ] INIT mysql
[ info ] [ BEHAVIOR ] Run app\common\behavior\Config @app_begin [ RunTime:0.062004s ]
[ info ] [ BEHAVIOR ] Run app\common\behavior\Hook @app_begin [ RunTime:0.102005s ]
[ info ] [ LOG ] INIT File
[ sql ] [ DB ] CONNECT:[ UseTime:0.033002s ] mysql:host=127.0.0.1;port=3306;dbname=dolphin;charset=utf8
[ sql ] [ SQL ] SHOW COLUMNS FROM `dp_admin_config` [ RunTime:0.010000s ]
[ sql ] [ SQL ] SELECT `name`,`value`,`type` FROM `dp_admin_config` [ RunTime:0.001000s ]
[ sql ] [ SQL ] SHOW COLUMNS FROM `dp_admin_module` [ RunTime:0.007001s ]
[ sql ] [ SQL ] SELECT `name`,`config` FROM `dp_admin_module` WHERE  `config` <> '' [ RunTime:0.001000s ]
[ sql ] [ SQL ] SHOW COLUMNS FROM `dp_admin_hook` [ RunTime:0.009000s ]
[ sql ] [ SQL ] SELECT `name`,`status` FROM `dp_admin_hook` WHERE  `status` = 1 [ RunTime:0.002000s ]
[ sql ] [ SQL ] SHOW COLUMNS FROM `dp_admin_plugin` [ RunTime:0.028002s ]
[ sql ] [ SQL ] SELECT `name`,`status` FROM `dp_admin_plugin` WHERE  `status` = 1 [ RunTime:0.001000s ]
[ sql ] [ SQL ] SHOW COLUMNS FROM `dp_admin_hook_plugin` [ RunTime:0.033002s ]
[ sql ] [ SQL ] SELECT * FROM `dp_admin_hook_plugin` WHERE  `status` = 1 ORDER BY hook,sort [ RunTime:0.028001s ]
---------------------------------------------------------------
[ 2018-01-19T18:28:53+08:00 ] 127.0.0.1 GET /user/index/index.html
[ info ] www.aiyy.com/user/index/index.html [运行时间：0.140008s][吞吐率：7.14req/s] [内存消耗：2,495.12kb] [文件加载：70]
[ info ] [ LANG ] D:\phpstudy\WWW\aiyy\thinkphp\lang\zh-cn.php
[ info ] [ ROUTE ] array (
  'type' => 'module',
  'module' => 
  array (
    0 => 'user',
    1 => 'index',
    2 => 'index',
  ),
)
[ info ] [ HEADER ] array (
  'cookie' => 'PHPSESSID=b46ak6dgfiviiq8aq0cmju3af4; Hm_lvt_cc903faaed69cca18f7cf0997b2e62c9=1516351871; Hm_lpvt_cc903faaed69cca18f7cf0997b2e62c9=1516357732',
  'accept-language' => 'zh-CN,zh;q=0.8',
  'accept-encoding' => 'gzip, deflate',
  'referer' => 'http://www.aiyy.com/user/index/index.html',
  'accept' => 'text/html,application/xhtml+xml,application/xml;q=0.9,image/webp,image/apng,*/*;q=0.8',
  'user-agent' => 'Mozilla/5.0 (iPhone; CPU iPhone OS 9_1 like Mac OS X) AppleWebKit/601.1.46 (KHTML, like Gecko) Version/9.0 Mobile/13B143 Safari/601.1',
  'upgrade-insecure-requests' => '1',
  'connection' => 'close',
  'host' => 'www.aiyy.com',
)
[ info ] [ PARAM ] array (
  '/user/index/index_html' => '',
)
[ info ] [ CACHE ] INIT File
[ info ] [ DB ] INIT mysql
[ info ] [ BEHAVIOR ] Run app\common\behavior\Config @app_begin [ RunTime:0.034002s ]
[ info ] [ BEHAVIOR ] Run app\common\behavior\Hook @app_begin [ RunTime:0.052003s ]
[ info ] [ SESSION ] INIT array (
  'id' => '',
  'var_session_id' => '',
  'prefix' => 'dolphin_admin_',
  'type' => '',
  'auto_start' => true,
)
[ info ] [ RUN ] app\user\home\Index->index[ D:\phpstudy\WWW\aiyy\application\user\home\Index.php ]
[ info ] [ VIEW ] D:\phpstudy\WWW\aiyy\public/../application/user\view\index\index.html [ array (
  0 => 'user_base_info',
) ]
[ info ] [ LOG ] INIT File
[ sql ] [ DB ] CONNECT:[ UseTime:0.004000s ] mysql:host=127.0.0.1;port=3306;dbname=dolphin;charset=utf8
[ sql ] [ SQL ] SHOW COLUMNS FROM `dp_admin_config` [ RunTime:0.010001s ]
[ sql ] [ SQL ] SELECT `name`,`value`,`type` FROM `dp_admin_config` [ RunTime:0.001000s ]
[ sql ] [ SQL ] SHOW COLUMNS FROM `dp_admin_module` [ RunTime:0.007000s ]
[ sql ] [ SQL ] SELECT `name`,`config` FROM `dp_admin_module` WHERE  `config` <> '' [ RunTime:0.000000s ]
[ sql ] [ SQL ] SHOW COLUMNS FROM `dp_admin_hook` [ RunTime:0.010001s ]
[ sql ] [ SQL ] SELECT `name`,`status` FROM `dp_admin_hook` WHERE  `status` = 1 [ RunTime:0.001000s ]
[ sql ] [ SQL ] SHOW COLUMNS FROM `dp_admin_plugin` [ RunTime:0.020001s ]
[ sql ] [ SQL ] SELECT `name`,`status` FROM `dp_admin_plugin` WHERE  `status` = 1 [ RunTime:0.000000s ]
[ sql ] [ SQL ] SHOW COLUMNS FROM `dp_admin_hook_plugin` [ RunTime:0.015001s ]
[ sql ] [ SQL ] SELECT * FROM `dp_admin_hook_plugin` WHERE  `status` = 1 ORDER BY hook,sort [ RunTime:0.001000s ]
[ sql ] [ SQL ] SHOW COLUMNS FROM `dp_user_video` [ RunTime:0.010000s ]
[ sql ] [ SQL ] SHOW COLUMNS FROM `dp_user` [ RunTime:0.014001s ]
[ sql ] [ SQL ] SELECT count(DISTINCT attention.id) as attention_num,count(DISTINCT attentioned.id) as attentioned_num,`img`.`img_num`,`video`.`video_num`,`User`.`nickname`,`User`.`head_img`,`User`.`sys_id`,`User`.`id`,`User`.`sex` FROM `dp_user` `User` LEFT JOIN `dp_user_attention` `attention` ON `attention`.`user_followid`=`User`.`id` LEFT JOIN `dp_user_attention` `attentioned` ON `attentioned`.`user_id`=`User`.`id` LEFT JOIN ( SELECT `uid`,count(id) as  img_num FROM `dp_user_video` WHERE  (  video_type=1 ) GROUP BY `video_type` ) `img` ON `img`.`uid`=`User`.`id` LEFT JOIN ( SELECT `uid`,count(id) as  video_num FROM `dp_user_video` WHERE  (  video_type=2 ) GROUP BY `video_type` ) `video` ON `video`.`uid`=`User`.`id` WHERE  `User`.`id` = 5 GROUP BY `User`.`id` LIMIT 1 [ RunTime:0.002000s ]
---------------------------------------------------------------
[ 2018-01-19T18:28:53+08:00 ] 127.0.0.1 GET /static/jquery-form/jquery.form.min.js.map
[ info ] www.aiyy.com/static/jquery-form/jquery.form.min.js.map [运行时间：0.215013s][吞吐率：4.65req/s] [内存消耗：2,206.54kb] [文件加载：59]
[ info ] [ LANG ] D:\phpstudy\WWW\aiyy\thinkphp\lang\zh-cn.php
[ info ] [ ROUTE ] array (
  'type' => 'module',
  'module' => 
  array (
    0 => 'static',
    1 => 'jquery-form',
    2 => 'jquery.form.min.js.map',
  ),
)
[ info ] [ HEADER ] array (
  'cookie' => 'PHPSESSID=b46ak6dgfiviiq8aq0cmju3af4; Hm_lvt_cc903faaed69cca18f7cf0997b2e62c9=1516351871; Hm_lpvt_cc903faaed69cca18f7cf0997b2e62c9=1516357732',
  'accept-language' => 'zh-CN,zh;q=0.8',
  'accept-encoding' => 'gzip, deflate',
  'user-agent' => 'Mozilla/5.0 (iPhone; CPU iPhone OS 9_1 like Mac OS X) AppleWebKit/601.1.46 (KHTML, like Gecko) Version/9.0 Mobile/13B143 Safari/601.1',
  'connection' => 'close',
  'host' => 'www.aiyy.com',
)
[ info ] [ PARAM ] array (
  '/static/jquery-form/jquery_form_min_js_map' => '',
)
[ info ] [ CACHE ] INIT File
[ info ] [ DB ] INIT mysql
[ info ] [ BEHAVIOR ] Run app\common\behavior\Config @app_begin [ RunTime:0.127008s ]
[ info ] [ BEHAVIOR ] Run app\common\behavior\Hook @app_begin [ RunTime:0.062003s ]
[ info ] [ LOG ] INIT File
[ sql ] [ DB ] CONNECT:[ UseTime:0.014001s ] mysql:host=127.0.0.1;port=3306;dbname=dolphin;charset=utf8
[ sql ] [ SQL ] SHOW COLUMNS FROM `dp_admin_config` [ RunTime:0.060004s ]
[ sql ] [ SQL ] SELECT `name`,`value`,`type` FROM `dp_admin_config` [ RunTime:0.001000s ]
[ sql ] [ SQL ] SHOW COLUMNS FROM `dp_admin_module` [ RunTime:0.015001s ]
[ sql ] [ SQL ] SELECT `name`,`config` FROM `dp_admin_module` WHERE  `config` <> '' [ RunTime:0.001000s ]
[ sql ] [ SQL ] SHOW COLUMNS FROM `dp_admin_hook` [ RunTime:0.011000s ]
[ sql ] [ SQL ] SELECT `name`,`status` FROM `dp_admin_hook` WHERE  `status` = 1 [ RunTime:0.001000s ]
[ sql ] [ SQL ] SHOW COLUMNS FROM `dp_admin_plugin` [ RunTime:0.011000s ]
[ sql ] [ SQL ] SELECT `name`,`status` FROM `dp_admin_plugin` WHERE  `status` = 1 [ RunTime:0.002000s ]
[ sql ] [ SQL ] SHOW COLUMNS FROM `dp_admin_hook_plugin` [ RunTime:0.032002s ]
[ sql ] [ SQL ] SELECT * FROM `dp_admin_hook_plugin` WHERE  `status` = 1 ORDER BY hook,sort [ RunTime:0.002000s ]
---------------------------------------------------------------
[ 2018-01-19T18:28:55+08:00 ] 127.0.0.1 GET /user/index/index.html
[ info ] www.aiyy.com/user/index/index.html [运行时间：0.193011s][吞吐率：5.18req/s] [内存消耗：2,495.12kb] [文件加载：70]
[ info ] [ LANG ] D:\phpstudy\WWW\aiyy\thinkphp\lang\zh-cn.php
[ info ] [ ROUTE ] array (
  'type' => 'module',
  'module' => 
  array (
    0 => 'user',
    1 => 'index',
    2 => 'index',
  ),
)
[ info ] [ HEADER ] array (
  'cookie' => 'PHPSESSID=b46ak6dgfiviiq8aq0cmju3af4; Hm_lvt_cc903faaed69cca18f7cf0997b2e62c9=1516351871; Hm_lpvt_cc903faaed69cca18f7cf0997b2e62c9=1516357734',
  'accept-language' => 'zh-CN,zh;q=0.8',
  'accept-encoding' => 'gzip, deflate',
  'referer' => 'http://www.aiyy.com/user/index/index.html',
  'accept' => 'text/html,application/xhtml+xml,application/xml;q=0.9,image/webp,image/apng,*/*;q=0.8',
  'user-agent' => 'Mozilla/5.0 (iPhone; CPU iPhone OS 9_1 like Mac OS X) AppleWebKit/601.1.46 (KHTML, like Gecko) Version/9.0 Mobile/13B143 Safari/601.1',
  'upgrade-insecure-requests' => '1',
  'connection' => 'close',
  'host' => 'www.aiyy.com',
)
[ info ] [ PARAM ] array (
  '/user/index/index_html' => '',
)
[ info ] [ CACHE ] INIT File
[ info ] [ DB ] INIT mysql
[ info ] [ BEHAVIOR ] Run app\common\behavior\Config @app_begin [ RunTime:0.083005s ]
[ info ] [ BEHAVIOR ] Run app\common\behavior\Hook @app_begin [ RunTime:0.054003s ]
[ info ] [ SESSION ] INIT array (
  'id' => '',
  'var_session_id' => '',
  'prefix' => 'dolphin_admin_',
  'type' => '',
  'auto_start' => true,
)
[ info ] [ RUN ] app\user\home\Index->index[ D:\phpstudy\WWW\aiyy\application\user\home\Index.php ]
[ info ] [ VIEW ] D:\phpstudy\WWW\aiyy\public/../application/user\view\index\index.html [ array (
  0 => 'user_base_info',
) ]
[ info ] [ LOG ] INIT File
[ sql ] [ DB ] CONNECT:[ UseTime:0.021001s ] mysql:host=127.0.0.1;port=3306;dbname=dolphin;charset=utf8
[ sql ] [ SQL ] SHOW COLUMNS FROM `dp_admin_config` [ RunTime:0.017001s ]
[ sql ] [ SQL ] SELECT `name`,`value`,`type` FROM `dp_admin_config` [ RunTime:0.001000s ]
[ sql ] [ SQL ] SHOW COLUMNS FROM `dp_admin_module` [ RunTime:0.031002s ]
[ sql ] [ SQL ] SELECT `name`,`config` FROM `dp_admin_module` WHERE  `config` <> '' [ RunTime:0.001000s ]
[ sql ] [ SQL ] SHOW COLUMNS FROM `dp_admin_hook` [ RunTime:0.020001s ]
[ sql ] [ SQL ] SELECT `name`,`status` FROM `dp_admin_hook` WHERE  `status` = 1 [ RunTime:0.001000s ]
[ sql ] [ SQL ] SHOW COLUMNS FROM `dp_admin_plugin` [ RunTime:0.017001s ]
[ sql ] [ SQL ] SELECT `name`,`status` FROM `dp_admin_plugin` WHERE  `status` = 1 [ RunTime:0.001000s ]
[ sql ] [ SQL ] SHOW COLUMNS FROM `dp_admin_hook_plugin` [ RunTime:0.012001s ]
[ sql ] [ SQL ] SELECT * FROM `dp_admin_hook_plugin` WHERE  `status` = 1 ORDER BY hook,sort [ RunTime:0.001000s ]
[ sql ] [ SQL ] SHOW COLUMNS FROM `dp_user_video` [ RunTime:0.013000s ]
[ sql ] [ SQL ] SHOW COLUMNS FROM `dp_user` [ RunTime:0.015001s ]
[ sql ] [ SQL ] SELECT count(DISTINCT attention.id) as attention_num,count(DISTINCT attentioned.id) as attentioned_num,`img`.`img_num`,`video`.`video_num`,`User`.`nickname`,`User`.`head_img`,`User`.`sys_id`,`User`.`id`,`User`.`sex` FROM `dp_user` `User` LEFT JOIN `dp_user_attention` `attention` ON `attention`.`user_followid`=`User`.`id` LEFT JOIN `dp_user_attention` `attentioned` ON `attentioned`.`user_id`=`User`.`id` LEFT JOIN ( SELECT `uid`,count(id) as  img_num FROM `dp_user_video` WHERE  (  video_type=1 ) GROUP BY `video_type` ) `img` ON `img`.`uid`=`User`.`id` LEFT JOIN ( SELECT `uid`,count(id) as  video_num FROM `dp_user_video` WHERE  (  video_type=2 ) GROUP BY `video_type` ) `video` ON `video`.`uid`=`User`.`id` WHERE  `User`.`id` = 5 GROUP BY `User`.`id` LIMIT 1 [ RunTime:0.001000s ]
---------------------------------------------------------------
[ 2018-01-19T18:28:55+08:00 ] 127.0.0.1 GET /static/jquery-form/jquery.form.min.js.map
[ info ] www.aiyy.com/static/jquery-form/jquery.form.min.js.map [运行时间：0.119007s][吞吐率：8.40req/s] [内存消耗：2,206.54kb] [文件加载：59]
[ info ] [ LANG ] D:\phpstudy\WWW\aiyy\thinkphp\lang\zh-cn.php
[ info ] [ ROUTE ] array (
  'type' => 'module',
  'module' => 
  array (
    0 => 'static',
    1 => 'jquery-form',
    2 => 'jquery.form.min.js.map',
  ),
)
[ info ] [ HEADER ] array (
  'cookie' => 'PHPSESSID=b46ak6dgfiviiq8aq0cmju3af4; Hm_lvt_cc903faaed69cca18f7cf0997b2e62c9=1516351871; Hm_lpvt_cc903faaed69cca18f7cf0997b2e62c9=1516357734',
  'accept-language' => 'zh-CN,zh;q=0.8',
  'accept-encoding' => 'gzip, deflate',
  'user-agent' => 'Mozilla/5.0 (iPhone; CPU iPhone OS 9_1 like Mac OS X) AppleWebKit/601.1.46 (KHTML, like Gecko) Version/9.0 Mobile/13B143 Safari/601.1',
  'connection' => 'close',
  'host' => 'www.aiyy.com',
)
[ info ] [ PARAM ] array (
  '/static/jquery-form/jquery_form_min_js_map' => '',
)
[ info ] [ CACHE ] INIT File
[ info ] [ DB ] INIT mysql
[ info ] [ BEHAVIOR ] Run app\common\behavior\Config @app_begin [ RunTime:0.047003s ]
[ info ] [ BEHAVIOR ] Run app\common\behavior\Hook @app_begin [ RunTime:0.046002s ]
[ info ] [ LOG ] INIT File
[ sql ] [ DB ] CONNECT:[ UseTime:0.001000s ] mysql:host=127.0.0.1;port=3306;dbname=dolphin;charset=utf8
[ sql ] [ SQL ] SHOW COLUMNS FROM `dp_admin_config` [ RunTime:0.018001s ]
[ sql ] [ SQL ] SELECT `name`,`value`,`type` FROM `dp_admin_config` [ RunTime:0.002000s ]
[ sql ] [ SQL ] SHOW COLUMNS FROM `dp_admin_module` [ RunTime:0.013001s ]
[ sql ] [ SQL ] SELECT `name`,`config` FROM `dp_admin_module` WHERE  `config` <> '' [ RunTime:0.000000s ]
[ sql ] [ SQL ] SHOW COLUMNS FROM `dp_admin_hook` [ RunTime:0.015001s ]
[ sql ] [ SQL ] SELECT `name`,`status` FROM `dp_admin_hook` WHERE  `status` = 1 [ RunTime:0.001000s ]
[ sql ] [ SQL ] SHOW COLUMNS FROM `dp_admin_plugin` [ RunTime:0.009000s ]
[ sql ] [ SQL ] SELECT `name`,`status` FROM `dp_admin_plugin` WHERE  `status` = 1 [ RunTime:0.001000s ]
[ sql ] [ SQL ] SHOW COLUMNS FROM `dp_admin_hook_plugin` [ RunTime:0.016001s ]
[ sql ] [ SQL ] SELECT * FROM `dp_admin_hook_plugin` WHERE  `status` = 1 ORDER BY hook,sort [ RunTime:0.001000s ]
---------------------------------------------------------------
[ 2018-01-19T18:28:56+08:00 ] 127.0.0.1 GET /user/my_info/index.html
[ info ] www.aiyy.com/user/my_info/index.html [运行时间：0.233013s][吞吐率：4.29req/s] [内存消耗：2,842.17kb] [文件加载：73]
[ info ] [ LANG ] D:\phpstudy\WWW\aiyy\thinkphp\lang\zh-cn.php
[ info ] [ ROUTE ] array (
  'type' => 'module',
  'module' => 
  array (
    0 => 'user',
    1 => 'my_info',
    2 => 'index',
  ),
)
[ info ] [ HEADER ] array (
  'cookie' => 'PHPSESSID=b46ak6dgfiviiq8aq0cmju3af4; Hm_lvt_cc903faaed69cca18f7cf0997b2e62c9=1516351871; Hm_lpvt_cc903faaed69cca18f7cf0997b2e62c9=1516357734',
  'accept-language' => 'zh-CN,zh;q=0.8',
  'accept-encoding' => 'gzip, deflate',
  'referer' => 'http://www.aiyy.com/user/index/index.html',
  'accept' => 'text/html,application/xhtml+xml,application/xml;q=0.9,image/webp,image/apng,*/*;q=0.8',
  'user-agent' => 'Mozilla/5.0 (iPhone; CPU iPhone OS 9_1 like Mac OS X) AppleWebKit/601.1.46 (KHTML, like Gecko) Version/9.0 Mobile/13B143 Safari/601.1',
  'upgrade-insecure-requests' => '1',
  'connection' => 'close',
  'host' => 'www.aiyy.com',
)
[ info ] [ PARAM ] array (
  '/user/my_info/index_html' => '',
)
[ info ] [ CACHE ] INIT File
[ info ] [ DB ] INIT mysql
[ info ] [ BEHAVIOR ] Run app\common\behavior\Config @app_begin [ RunTime:0.093005s ]
[ info ] [ BEHAVIOR ] Run app\common\behavior\Hook @app_begin [ RunTime:0.071004s ]
[ info ] [ SESSION ] INIT array (
  'id' => '',
  'var_session_id' => '',
  'prefix' => 'dolphin_admin_',
  'type' => '',
  'auto_start' => true,
)
[ info ] [ RUN ] app\user\home\MyInfo->index[ D:\phpstudy\WWW\aiyy\application\user\home\MyInfo.php ]
[ info ] [ VIEW ] D:\phpstudy\WWW\aiyy\public/../application/user\view\my_info\index.html [ array (
  0 => 'base_info',
  1 => 'video_url',
) ]
[ info ] [ LOG ] INIT File
[ sql ] [ DB ] CONNECT:[ UseTime:0.044003s ] mysql:host=127.0.0.1;port=3306;dbname=dolphin;charset=utf8
[ sql ] [ SQL ] SHOW COLUMNS FROM `dp_admin_config` [ RunTime:0.018001s ]
[ sql ] [ SQL ] SELECT `name`,`value`,`type` FROM `dp_admin_config` [ RunTime:0.001000s ]
[ sql ] [ SQL ] SHOW COLUMNS FROM `dp_admin_module` [ RunTime:0.017001s ]
[ sql ] [ SQL ] SELECT `name`,`config` FROM `dp_admin_module` WHERE  `config` <> '' [ RunTime:0.001000s ]
[ sql ] [ SQL ] SHOW COLUMNS FROM `dp_admin_hook` [ RunTime:0.033002s ]
[ sql ] [ SQL ] SELECT `name`,`status` FROM `dp_admin_hook` WHERE  `status` = 1 [ RunTime:0.005000s ]
[ sql ] [ SQL ] SHOW COLUMNS FROM `dp_admin_plugin` [ RunTime:0.015001s ]
[ sql ] [ SQL ] SELECT `name`,`status` FROM `dp_admin_plugin` WHERE  `status` = 1 [ RunTime:0.005000s ]
[ sql ] [ SQL ] SHOW COLUMNS FROM `dp_admin_hook_plugin` [ RunTime:0.007001s ]
[ sql ] [ SQL ] SELECT * FROM `dp_admin_hook_plugin` WHERE  `status` = 1 ORDER BY hook,sort [ RunTime:0.001000s ]
[ sql ] [ SQL ] SHOW COLUMNS FROM `dp_user` [ RunTime:0.019001s ]
[ sql ] [ SQL ] SELECT * FROM `dp_user` WHERE  `id` = 5 LIMIT 1 [ RunTime:0.001000s ]
[ sql ] [ SQL ] SELECT * FROM `dp_user` WHERE  `id` = 5 LIMIT 1 [ RunTime:0.000000s ]
[ sql ] [ SQL ] SHOW COLUMNS FROM `dp_user_video` [ RunTime:0.021001s ]
[ sql ] [ SQL ] SELECT * FROM `dp_user_video` WHERE  `uid` = 5 [ RunTime:0.001000s ]
---------------------------------------------------------------
[ 2018-01-19T18:28:56+08:00 ] 127.0.0.1 GET /static/jquery-form/jquery.form.min.js.map
[ info ] www.aiyy.com/static/jquery-form/jquery.form.min.js.map [运行时间：0.198011s][吞吐率：5.05req/s] [内存消耗：2,206.54kb] [文件加载：59]
[ info ] [ LANG ] D:\phpstudy\WWW\aiyy\thinkphp\lang\zh-cn.php
[ info ] [ ROUTE ] array (
  'type' => 'module',
  'module' => 
  array (
    0 => 'static',
    1 => 'jquery-form',
    2 => 'jquery.form.min.js.map',
  ),
)
[ info ] [ HEADER ] array (
  'cookie' => 'PHPSESSID=b46ak6dgfiviiq8aq0cmju3af4; Hm_lvt_cc903faaed69cca18f7cf0997b2e62c9=1516351871; Hm_lpvt_cc903faaed69cca18f7cf0997b2e62c9=1516357736',
  'accept-language' => 'zh-CN,zh;q=0.8',
  'accept-encoding' => 'gzip, deflate',
  'user-agent' => 'Mozilla/5.0 (iPhone; CPU iPhone OS 9_1 like Mac OS X) AppleWebKit/601.1.46 (KHTML, like Gecko) Version/9.0 Mobile/13B143 Safari/601.1',
  'connection' => 'close',
  'host' => 'www.aiyy.com',
)
[ info ] [ PARAM ] array (
  '/static/jquery-form/jquery_form_min_js_map' => '',
)
[ info ] [ CACHE ] INIT File
[ info ] [ DB ] INIT mysql
[ info ] [ BEHAVIOR ] Run app\common\behavior\Config @app_begin [ RunTime:0.078004s ]
[ info ] [ BEHAVIOR ] Run app\common\behavior\Hook @app_begin [ RunTime:0.099006s ]
[ info ] [ LOG ] INIT File
[ sql ] [ DB ] CONNECT:[ UseTime:0.014001s ] mysql:host=127.0.0.1;port=3306;dbname=dolphin;charset=utf8
[ sql ] [ SQL ] SHOW COLUMNS FROM `dp_admin_config` [ RunTime:0.036002s ]
[ sql ] [ SQL ] SELECT `name`,`value`,`type` FROM `dp_admin_config` [ RunTime:0.001000s ]
[ sql ] [ SQL ] SHOW COLUMNS FROM `dp_admin_module` [ RunTime:0.017001s ]
[ sql ] [ SQL ] SELECT `name`,`config` FROM `dp_admin_module` WHERE  `config` <> '' [ RunTime:0.001000s ]
[ sql ] [ SQL ] SHOW COLUMNS FROM `dp_admin_hook` [ RunTime:0.014001s ]
[ sql ] [ SQL ] SELECT `name`,`status` FROM `dp_admin_hook` WHERE  `status` = 1 [ RunTime:0.001000s ]
[ sql ] [ SQL ] SHOW COLUMNS FROM `dp_admin_plugin` [ RunTime:0.059004s ]
[ sql ] [ SQL ] SELECT `name`,`status` FROM `dp_admin_plugin` WHERE  `status` = 1 [ RunTime:0.001000s ]
[ sql ] [ SQL ] SHOW COLUMNS FROM `dp_admin_hook_plugin` [ RunTime:0.022001s ]
[ sql ] [ SQL ] SELECT * FROM `dp_admin_hook_plugin` WHERE  `status` = 1 ORDER BY hook,sort [ RunTime:0.001000s ]
---------------------------------------------------------------
[ 2018-01-19T18:28:57+08:00 ] 127.0.0.1 GET /user/my_info/index.html
[ info ] www.aiyy.com/user/my_info/index.html [运行时间：0.249014s][吞吐率：4.02req/s] [内存消耗：2,841.70kb] [文件加载：73]
[ info ] [ LANG ] D:\phpstudy\WWW\aiyy\thinkphp\lang\zh-cn.php
[ info ] [ ROUTE ] array (
  'type' => 'module',
  'module' => 
  array (
    0 => 'user',
    1 => 'my_info',
    2 => 'index',
  ),
)
[ info ] [ HEADER ] array (
  'cookie' => 'PHPSESSID=b46ak6dgfiviiq8aq0cmju3af4; Hm_lvt_cc903faaed69cca18f7cf0997b2e62c9=1516351871; Hm_lpvt_cc903faaed69cca18f7cf0997b2e62c9=1516357736',
  'accept-language' => 'zh-CN,zh;q=0.8',
  'accept-encoding' => 'gzip, deflate',
  'referer' => 'http://www.aiyy.com/user/my_info/index.html',
  'accept' => 'image/webp,image/apng,image/*,*/*;q=0.8',
  'user-agent' => 'Mozilla/5.0 (iPhone; CPU iPhone OS 9_1 like Mac OS X) AppleWebKit/601.1.46 (KHTML, like Gecko) Version/9.0 Mobile/13B143 Safari/601.1',
  'connection' => 'close',
  'host' => 'www.aiyy.com',
)
[ info ] [ PARAM ] array (
  '/user/my_info/index_html' => '',
)
[ info ] [ CACHE ] INIT File
[ info ] [ DB ] INIT mysql
[ info ] [ BEHAVIOR ] Run app\common\behavior\Config @app_begin [ RunTime:0.097005s ]
[ info ] [ BEHAVIOR ] Run app\common\behavior\Hook @app_begin [ RunTime:0.072004s ]
[ info ] [ SESSION ] INIT array (
  'id' => '',
  'var_session_id' => '',
  'prefix' => 'dolphin_admin_',
  'type' => '',
  'auto_start' => true,
)
[ info ] [ RUN ] app\user\home\MyInfo->index[ D:\phpstudy\WWW\aiyy\application\user\home\MyInfo.php ]
[ info ] [ VIEW ] D:\phpstudy\WWW\aiyy\public/../application/user\view\my_info\index.html [ array (
  0 => 'base_info',
  1 => 'video_url',
) ]
[ info ] [ LOG ] INIT File
[ sql ] [ DB ] CONNECT:[ UseTime:0.003000s ] mysql:host=127.0.0.1;port=3306;dbname=dolphin;charset=utf8
[ sql ] [ SQL ] SHOW COLUMNS FROM `dp_admin_config` [ RunTime:0.017001s ]
[ sql ] [ SQL ] SELECT `name`,`value`,`type` FROM `dp_admin_config` [ RunTime:0.044002s ]
[ sql ] [ SQL ] SHOW COLUMNS FROM `dp_admin_module` [ RunTime:0.010001s ]
[ sql ] [ SQL ] SELECT `name`,`config` FROM `dp_admin_module` WHERE  `config` <> '' [ RunTime:0.008000s ]
[ sql ] [ SQL ] SHOW COLUMNS FROM `dp_admin_hook` [ RunTime:0.018001s ]
[ sql ] [ SQL ] SELECT `name`,`status` FROM `dp_admin_hook` WHERE  `status` = 1 [ RunTime:0.004000s ]
[ sql ] [ SQL ] SHOW COLUMNS FROM `dp_admin_plugin` [ RunTime:0.011001s ]
[ sql ] [ SQL ] SELECT `name`,`status` FROM `dp_admin_plugin` WHERE  `status` = 1 [ RunTime:0.001000s ]
[ sql ] [ SQL ] SHOW COLUMNS FROM `dp_admin_hook_plugin` [ RunTime:0.026001s ]
[ sql ] [ SQL ] SELECT * FROM `dp_admin_hook_plugin` WHERE  `status` = 1 ORDER BY hook,sort [ RunTime:0.009001s ]
[ sql ] [ SQL ] SHOW COLUMNS FROM `dp_user` [ RunTime:0.018001s ]
[ sql ] [ SQL ] SELECT * FROM `dp_user` WHERE  `id` = 5 LIMIT 1 [ RunTime:0.007000s ]
[ sql ] [ SQL ] SELECT * FROM `dp_user` WHERE  `id` = 5 LIMIT 1 [ RunTime:0.001000s ]
[ sql ] [ SQL ] SHOW COLUMNS FROM `dp_user_video` [ RunTime:0.014001s ]
[ sql ] [ SQL ] SELECT * FROM `dp_user_video` WHERE  `uid` = 5 [ RunTime:0.000000s ]
---------------------------------------------------------------
[ 2018-01-19T18:49:09+08:00 ] 127.0.0.1 GET /user/index/index.html
[ info ] www.aiyy.com/user/index/index.html [运行时间：0.146008s][吞吐率：6.85req/s] [内存消耗：2,495.12kb] [文件加载：70]
[ info ] [ LANG ] D:\phpstudy\WWW\aiyy\thinkphp\lang\zh-cn.php
[ info ] [ ROUTE ] array (
  'type' => 'module',
  'module' => 
  array (
    0 => 'user',
    1 => 'index',
    2 => 'index',
  ),
)
[ info ] [ HEADER ] array (
  'cookie' => 'PHPSESSID=b46ak6dgfiviiq8aq0cmju3af4; Hm_lvt_cc903faaed69cca18f7cf0997b2e62c9=1516351871; Hm_lpvt_cc903faaed69cca18f7cf0997b2e62c9=1516357737',
  'accept-language' => 'zh-CN,zh;q=0.8',
  'accept-encoding' => 'gzip, deflate',
  'referer' => 'http://www.aiyy.com/user/my_info/index.html',
  'accept' => 'text/html,application/xhtml+xml,application/xml;q=0.9,image/webp,image/apng,*/*;q=0.8',
  'user-agent' => 'Mozilla/5.0 (iPhone; CPU iPhone OS 9_1 like Mac OS X) AppleWebKit/601.1.46 (KHTML, like Gecko) Version/9.0 Mobile/13B143 Safari/601.1',
  'upgrade-insecure-requests' => '1',
  'connection' => 'close',
  'host' => 'www.aiyy.com',
)
[ info ] [ PARAM ] array (
  '/user/index/index_html' => '',
)
[ info ] [ CACHE ] INIT File
[ info ] [ DB ] INIT mysql
[ info ] [ BEHAVIOR ] Run app\common\behavior\Config @app_begin [ RunTime:0.045002s ]
[ info ] [ BEHAVIOR ] Run app\common\behavior\Hook @app_begin [ RunTime:0.046003s ]
[ info ] [ SESSION ] INIT array (
  'id' => '',
  'var_session_id' => '',
  'prefix' => 'dolphin_admin_',
  'type' => '',
  'auto_start' => true,
)
[ info ] [ RUN ] app\user\home\Index->index[ D:\phpstudy\WWW\aiyy\application\user\home\Index.php ]
[ info ] [ VIEW ] D:\phpstudy\WWW\aiyy\public/../application/user\view\index\index.html [ array (
  0 => 'user_base_info',
) ]
[ info ] [ LOG ] INIT File
[ sql ] [ DB ] CONNECT:[ UseTime:0.003000s ] mysql:host=127.0.0.1;port=3306;dbname=dolphin;charset=utf8
[ sql ] [ SQL ] SHOW COLUMNS FROM `dp_admin_config` [ RunTime:0.014001s ]
[ sql ] [ SQL ] SELECT `name`,`value`,`type` FROM `dp_admin_config` [ RunTime:0.000000s ]
[ sql ] [ SQL ] SHOW COLUMNS FROM `dp_admin_module` [ RunTime:0.014001s ]
[ sql ] [ SQL ] SELECT `name`,`config` FROM `dp_admin_module` WHERE  `config` <> '' [ RunTime:0.000000s ]
[ sql ] [ SQL ] SHOW COLUMNS FROM `dp_admin_hook` [ RunTime:0.015001s ]
[ sql ] [ SQL ] SELECT `name`,`status` FROM `dp_admin_hook` WHERE  `status` = 1 [ RunTime:0.001000s ]
[ sql ] [ SQL ] SHOW COLUMNS FROM `dp_admin_plugin` [ RunTime:0.013001s ]
[ sql ] [ SQL ] SELECT `name`,`status` FROM `dp_admin_plugin` WHERE  `status` = 1 [ RunTime:0.000000s ]
[ sql ] [ SQL ] SHOW COLUMNS FROM `dp_admin_hook_plugin` [ RunTime:0.015001s ]
[ sql ] [ SQL ] SELECT * FROM `dp_admin_hook_plugin` WHERE  `status` = 1 ORDER BY hook,sort [ RunTime:0.001000s ]
[ sql ] [ SQL ] SHOW COLUMNS FROM `dp_user_video` [ RunTime:0.010001s ]
[ sql ] [ SQL ] SHOW COLUMNS FROM `dp_user` [ RunTime:0.015001s ]
[ sql ] [ SQL ] SELECT count(DISTINCT attention.id) as attention_num,count(DISTINCT attentioned.id) as attentioned_num,`img`.`img_num`,`video`.`video_num`,`User`.`nickname`,`User`.`head_img`,`User`.`sys_id`,`User`.`id`,`User`.`sex` FROM `dp_user` `User` LEFT JOIN `dp_user_attention` `attention` ON `attention`.`user_followid`=`User`.`id` LEFT JOIN `dp_user_attention` `attentioned` ON `attentioned`.`user_id`=`User`.`id` LEFT JOIN ( SELECT `uid`,count(id) as  img_num FROM `dp_user_video` WHERE  (  video_type=1 ) GROUP BY `video_type` ) `img` ON `img`.`uid`=`User`.`id` LEFT JOIN ( SELECT `uid`,count(id) as  video_num FROM `dp_user_video` WHERE  (  video_type=2 ) GROUP BY `video_type` ) `video` ON `video`.`uid`=`User`.`id` WHERE  `User`.`id` = 5 GROUP BY `User`.`id` LIMIT 1 [ RunTime:0.003000s ]
---------------------------------------------------------------
[ 2018-01-19T18:49:10+08:00 ] 127.0.0.1 GET /static/jquery-form/jquery.form.min.js.map
[ info ] www.aiyy.com/static/jquery-form/jquery.form.min.js.map [运行时间：0.148009s][吞吐率：6.76req/s] [内存消耗：2,206.54kb] [文件加载：59]
[ info ] [ LANG ] D:\phpstudy\WWW\aiyy\thinkphp\lang\zh-cn.php
[ info ] [ ROUTE ] array (
  'type' => 'module',
  'module' => 
  array (
    0 => 'static',
    1 => 'jquery-form',
    2 => 'jquery.form.min.js.map',
  ),
)
[ info ] [ HEADER ] array (
  'cookie' => 'PHPSESSID=b46ak6dgfiviiq8aq0cmju3af4; Hm_lvt_cc903faaed69cca18f7cf0997b2e62c9=1516351871; Hm_lpvt_cc903faaed69cca18f7cf0997b2e62c9=1516357737',
  'accept-language' => 'zh-CN,zh;q=0.8',
  'accept-encoding' => 'gzip, deflate',
  'user-agent' => 'Mozilla/5.0 (iPhone; CPU iPhone OS 9_1 like Mac OS X) AppleWebKit/601.1.46 (KHTML, like Gecko) Version/9.0 Mobile/13B143 Safari/601.1',
  'connection' => 'close',
  'host' => 'www.aiyy.com',
)
[ info ] [ PARAM ] array (
  '/static/jquery-form/jquery_form_min_js_map' => '',
)
[ info ] [ CACHE ] INIT File
[ info ] [ DB ] INIT mysql
[ info ] [ BEHAVIOR ] Run app\common\behavior\Config @app_begin [ RunTime:0.056003s ]
[ info ] [ BEHAVIOR ] Run app\common\behavior\Hook @app_begin [ RunTime:0.070004s ]
[ info ] [ LOG ] INIT File
[ sql ] [ DB ] CONNECT:[ UseTime:0.014001s ] mysql:host=127.0.0.1;port=3306;dbname=dolphin;charset=utf8
[ sql ] [ SQL ] SHOW COLUMNS FROM `dp_admin_config` [ RunTime:0.012000s ]
[ sql ] [ SQL ] SELECT `name`,`value`,`type` FROM `dp_admin_config` [ RunTime:0.001000s ]
[ sql ] [ SQL ] SHOW COLUMNS FROM `dp_admin_module` [ RunTime:0.015000s ]
[ sql ] [ SQL ] SELECT `name`,`config` FROM `dp_admin_module` WHERE  `config` <> '' [ RunTime:0.001000s ]
[ sql ] [ SQL ] SHOW COLUMNS FROM `dp_admin_hook` [ RunTime:0.017001s ]
[ sql ] [ SQL ] SELECT `name`,`status` FROM `dp_admin_hook` WHERE  `status` = 1 [ RunTime:0.001001s ]
[ sql ] [ SQL ] SHOW COLUMNS FROM `dp_admin_plugin` [ RunTime:0.015000s ]
[ sql ] [ SQL ] SELECT `name`,`status` FROM `dp_admin_plugin` WHERE  `status` = 1 [ RunTime:0.023002s ]
[ sql ] [ SQL ] SHOW COLUMNS FROM `dp_admin_hook_plugin` [ RunTime:0.009000s ]
[ sql ] [ SQL ] SELECT * FROM `dp_admin_hook_plugin` WHERE  `status` = 1 ORDER BY hook,sort [ RunTime:0.001000s ]
---------------------------------------------------------------
[ 2018-01-19T18:49:10+08:00 ] 127.0.0.1 GET /user/wallet/index.html
[ info ] www.aiyy.com/user/wallet/index.html [运行时间：0.102006s][吞吐率：9.80req/s] [内存消耗：2,547.70kb] [文件加载：67]
[ info ] [ LANG ] D:\phpstudy\WWW\aiyy\thinkphp\lang\zh-cn.php
[ info ] [ ROUTE ] array (
  'type' => 'module',
  'module' => 
  array (
    0 => 'user',
    1 => 'wallet',
    2 => 'index',
  ),
)
[ info ] [ HEADER ] array (
  'cookie' => 'PHPSESSID=b46ak6dgfiviiq8aq0cmju3af4; Hm_lvt_cc903faaed69cca18f7cf0997b2e62c9=1516351871; Hm_lpvt_cc903faaed69cca18f7cf0997b2e62c9=1516358950',
  'accept-language' => 'zh-CN,zh;q=0.8',
  'accept-encoding' => 'gzip, deflate',
  'referer' => 'http://www.aiyy.com/user/index/index.html',
  'accept' => 'text/html,application/xhtml+xml,application/xml;q=0.9,image/webp,image/apng,*/*;q=0.8',
  'user-agent' => 'Mozilla/5.0 (iPhone; CPU iPhone OS 9_1 like Mac OS X) AppleWebKit/601.1.46 (KHTML, like Gecko) Version/9.0 Mobile/13B143 Safari/601.1',
  'upgrade-insecure-requests' => '1',
  'connection' => 'close',
  'host' => 'www.aiyy.com',
)
[ info ] [ PARAM ] array (
  '/user/wallet/index_html' => '',
)
[ info ] [ CACHE ] INIT File
[ info ] [ DB ] INIT mysql
[ info ] [ BEHAVIOR ] Run app\common\behavior\Config @app_begin [ RunTime:0.035002s ]
[ info ] [ BEHAVIOR ] Run app\common\behavior\Hook @app_begin [ RunTime:0.031002s ]
[ info ] [ RUN ] app\user\home\Wallet->index[ D:\phpstudy\WWW\aiyy\application\user\home\Wallet.php ]
[ info ] [ VIEW ] D:\phpstudy\WWW\aiyy\public/../application/user\view\wallet\index.html [ array (
) ]
[ info ] [ LOG ] INIT File
[ sql ] [ DB ] CONNECT:[ UseTime:0.004000s ] mysql:host=127.0.0.1;port=3306;dbname=dolphin;charset=utf8
[ sql ] [ SQL ] SHOW COLUMNS FROM `dp_admin_config` [ RunTime:0.011001s ]
[ sql ] [ SQL ] SELECT `name`,`value`,`type` FROM `dp_admin_config` [ RunTime:0.003000s ]
[ sql ] [ SQL ] SHOW COLUMNS FROM `dp_admin_module` [ RunTime:0.006000s ]
[ sql ] [ SQL ] SELECT `name`,`config` FROM `dp_admin_module` WHERE  `config` <> '' [ RunTime:0.000000s ]
[ sql ] [ SQL ] SHOW COLUMNS FROM `dp_admin_hook` [ RunTime:0.005000s ]
[ sql ] [ SQL ] SELECT `name`,`status` FROM `dp_admin_hook` WHERE  `status` = 1 [ RunTime:0.001000s ]
[ sql ] [ SQL ] SHOW COLUMNS FROM `dp_admin_plugin` [ RunTime:0.007000s ]
[ sql ] [ SQL ] SELECT `name`,`status` FROM `dp_admin_plugin` WHERE  `status` = 1 [ RunTime:0.001001s ]
[ sql ] [ SQL ] SHOW COLUMNS FROM `dp_admin_hook_plugin` [ RunTime:0.011000s ]
[ sql ] [ SQL ] SELECT * FROM `dp_admin_hook_plugin` WHERE  `status` = 1 ORDER BY hook,sort [ RunTime:0.000000s ]
---------------------------------------------------------------
[ 2018-01-19T18:49:11+08:00 ] 127.0.0.1 GET /static/jquery-form/jquery.form.min.js.map
[ info ] www.aiyy.com/static/jquery-form/jquery.form.min.js.map [运行时间：0.306018s][吞吐率：3.27req/s] [内存消耗：2,206.54kb] [文件加载：59]
[ info ] [ LANG ] D:\phpstudy\WWW\aiyy\thinkphp\lang\zh-cn.php
[ info ] [ ROUTE ] array (
  'type' => 'module',
  'module' => 
  array (
    0 => 'static',
    1 => 'jquery-form',
    2 => 'jquery.form.min.js.map',
  ),
)
[ info ] [ HEADER ] array (
  'cookie' => 'PHPSESSID=b46ak6dgfiviiq8aq0cmju3af4; Hm_lvt_cc903faaed69cca18f7cf0997b2e62c9=1516351871; Hm_lpvt_cc903faaed69cca18f7cf0997b2e62c9=1516358950',
  'accept-language' => 'zh-CN,zh;q=0.8',
  'accept-encoding' => 'gzip, deflate',
  'user-agent' => 'Mozilla/5.0 (iPhone; CPU iPhone OS 9_1 like Mac OS X) AppleWebKit/601.1.46 (KHTML, like Gecko) Version/9.0 Mobile/13B143 Safari/601.1',
  'connection' => 'close',
  'host' => 'www.aiyy.com',
)
[ info ] [ PARAM ] array (
  '/static/jquery-form/jquery_form_min_js_map' => '',
)
[ info ] [ CACHE ] INIT File
[ info ] [ DB ] INIT mysql
[ info ] [ BEHAVIOR ] Run app\common\behavior\Config @app_begin [ RunTime:0.160009s ]
[ info ] [ BEHAVIOR ] Run app\common\behavior\Hook @app_begin [ RunTime:0.128008s ]
[ info ] [ LOG ] INIT File
[ sql ] [ DB ] CONNECT:[ UseTime:0.027002s ] mysql:host=127.0.0.1;port=3306;dbname=dolphin;charset=utf8
[ sql ] [ SQL ] SHOW COLUMNS FROM `dp_admin_config` [ RunTime:0.018001s ]
[ sql ] [ SQL ] SELECT `name`,`value`,`type` FROM `dp_admin_config` [ RunTime:0.001000s ]
[ sql ] [ SQL ] SHOW COLUMNS FROM `dp_admin_module` [ RunTime:0.097005s ]
[ sql ] [ SQL ] SELECT `name`,`config` FROM `dp_admin_module` WHERE  `config` <> '' [ RunTime:0.001000s ]
[ sql ] [ SQL ] SHOW COLUMNS FROM `dp_admin_hook` [ RunTime:0.012000s ]
[ sql ] [ SQL ] SELECT `name`,`status` FROM `dp_admin_hook` WHERE  `status` = 1 [ RunTime:0.007001s ]
[ sql ] [ SQL ] SHOW COLUMNS FROM `dp_admin_plugin` [ RunTime:0.033002s ]
[ sql ] [ SQL ] SELECT `name`,`status` FROM `dp_admin_plugin` WHERE  `status` = 1 [ RunTime:0.001000s ]
[ sql ] [ SQL ] SHOW COLUMNS FROM `dp_admin_hook_plugin` [ RunTime:0.061003s ]
[ sql ] [ SQL ] SELECT * FROM `dp_admin_hook_plugin` WHERE  `status` = 1 ORDER BY hook,sort [ RunTime:0.009001s ]
---------------------------------------------------------------
[ 2018-01-19T18:49:12+08:00 ] 127.0.0.1 GET /user/index/index.html
[ info ] www.aiyy.com/user/index/index.html [运行时间：0.166009s][吞吐率：6.02req/s] [内存消耗：2,495.12kb] [文件加载：70]
[ info ] [ LANG ] D:\phpstudy\WWW\aiyy\thinkphp\lang\zh-cn.php
[ info ] [ ROUTE ] array (
  'type' => 'module',
  'module' => 
  array (
    0 => 'user',
    1 => 'index',
    2 => 'index',
  ),
)
[ info ] [ HEADER ] array (
  'cookie' => 'PHPSESSID=b46ak6dgfiviiq8aq0cmju3af4; Hm_lvt_cc903faaed69cca18f7cf0997b2e62c9=1516351871; Hm_lpvt_cc903faaed69cca18f7cf0997b2e62c9=1516358951',
  'accept-language' => 'zh-CN,zh;q=0.8',
  'accept-encoding' => 'gzip, deflate',
  'referer' => 'http://www.aiyy.com/user/my_info/index.html',
  'accept' => 'text/html,application/xhtml+xml,application/xml;q=0.9,image/webp,image/apng,*/*;q=0.8',
  'user-agent' => 'Mozilla/5.0 (iPhone; CPU iPhone OS 9_1 like Mac OS X) AppleWebKit/601.1.46 (KHTML, like Gecko) Version/9.0 Mobile/13B143 Safari/601.1',
  'upgrade-insecure-requests' => '1',
  'connection' => 'close',
  'host' => 'www.aiyy.com',
)
[ info ] [ PARAM ] array (
  '/user/index/index_html' => '',
)
[ info ] [ CACHE ] INIT File
[ info ] [ DB ] INIT mysql
[ info ] [ BEHAVIOR ] Run app\common\behavior\Config @app_begin [ RunTime:0.053003s ]
[ info ] [ BEHAVIOR ] Run app\common\behavior\Hook @app_begin [ RunTime:0.054003s ]
[ info ] [ SESSION ] INIT array (
  'id' => '',
  'var_session_id' => '',
  'prefix' => 'dolphin_admin_',
  'type' => '',
  'auto_start' => true,
)
[ info ] [ RUN ] app\user\home\Index->index[ D:\phpstudy\WWW\aiyy\application\user\home\Index.php ]
[ info ] [ VIEW ] D:\phpstudy\WWW\aiyy\public/../application/user\view\index\index.html [ array (
  0 => 'user_base_info',
) ]
[ info ] [ LOG ] INIT File
[ sql ] [ DB ] CONNECT:[ UseTime:0.006000s ] mysql:host=127.0.0.1;port=3306;dbname=dolphin;charset=utf8
[ sql ] [ SQL ] SHOW COLUMNS FROM `dp_admin_config` [ RunTime:0.014001s ]
[ sql ] [ SQL ] SELECT `name`,`value`,`type` FROM `dp_admin_config` [ RunTime:0.001000s ]
[ sql ] [ SQL ] SHOW COLUMNS FROM `dp_admin_module` [ RunTime:0.018001s ]
[ sql ] [ SQL ] SELECT `name`,`config` FROM `dp_admin_module` WHERE  `config` <> '' [ RunTime:0.001000s ]
[ sql ] [ SQL ] SHOW COLUMNS FROM `dp_admin_hook` [ RunTime:0.015001s ]
[ sql ] [ SQL ] SELECT `name`,`status` FROM `dp_admin_hook` WHERE  `status` = 1 [ RunTime:0.001000s ]
[ sql ] [ SQL ] SHOW COLUMNS FROM `dp_admin_plugin` [ RunTime:0.018001s ]
[ sql ] [ SQL ] SELECT `name`,`status` FROM `dp_admin_plugin` WHERE  `status` = 1 [ RunTime:0.001000s ]
[ sql ] [ SQL ] SHOW COLUMNS FROM `dp_admin_hook_plugin` [ RunTime:0.017001s ]
[ sql ] [ SQL ] SELECT * FROM `dp_admin_hook_plugin` WHERE  `status` = 1 ORDER BY hook,sort [ RunTime:0.001000s ]
[ sql ] [ SQL ] SHOW COLUMNS FROM `dp_user_video` [ RunTime:0.013001s ]
[ sql ] [ SQL ] SHOW COLUMNS FROM `dp_user` [ RunTime:0.016001s ]
[ sql ] [ SQL ] SELECT count(DISTINCT attention.id) as attention_num,count(DISTINCT attentioned.id) as attentioned_num,`img`.`img_num`,`video`.`video_num`,`User`.`nickname`,`User`.`head_img`,`User`.`sys_id`,`User`.`id`,`User`.`sex` FROM `dp_user` `User` LEFT JOIN `dp_user_attention` `attention` ON `attention`.`user_followid`=`User`.`id` LEFT JOIN `dp_user_attention` `attentioned` ON `attentioned`.`user_id`=`User`.`id` LEFT JOIN ( SELECT `uid`,count(id) as  img_num FROM `dp_user_video` WHERE  (  video_type=1 ) GROUP BY `video_type` ) `img` ON `img`.`uid`=`User`.`id` LEFT JOIN ( SELECT `uid`,count(id) as  video_num FROM `dp_user_video` WHERE  (  video_type=2 ) GROUP BY `video_type` ) `video` ON `video`.`uid`=`User`.`id` WHERE  `User`.`id` = 5 GROUP BY `User`.`id` LIMIT 1 [ RunTime:0.002000s ]
---------------------------------------------------------------
[ 2018-01-19T18:49:12+08:00 ] 127.0.0.1 GET /static/jquery-form/jquery.form.min.js.map
[ info ] www.aiyy.com/static/jquery-form/jquery.form.min.js.map [运行时间：0.205012s][吞吐率：4.88req/s] [内存消耗：2,206.54kb] [文件加载：59]
[ info ] [ LANG ] D:\phpstudy\WWW\aiyy\thinkphp\lang\zh-cn.php
[ info ] [ ROUTE ] array (
  'type' => 'module',
  'module' => 
  array (
    0 => 'static',
    1 => 'jquery-form',
    2 => 'jquery.form.min.js.map',
  ),
)
[ info ] [ HEADER ] array (
  'cookie' => 'PHPSESSID=b46ak6dgfiviiq8aq0cmju3af4; Hm_lvt_cc903faaed69cca18f7cf0997b2e62c9=1516351871; Hm_lpvt_cc903faaed69cca18f7cf0997b2e62c9=1516358951',
  'accept-language' => 'zh-CN,zh;q=0.8',
  'accept-encoding' => 'gzip, deflate',
  'user-agent' => 'Mozilla/5.0 (iPhone; CPU iPhone OS 9_1 like Mac OS X) AppleWebKit/601.1.46 (KHTML, like Gecko) Version/9.0 Mobile/13B143 Safari/601.1',
  'connection' => 'close',
  'host' => 'www.aiyy.com',
)
[ info ] [ PARAM ] array (
  '/static/jquery-form/jquery_form_min_js_map' => '',
)
[ info ] [ CACHE ] INIT File
[ info ] [ DB ] INIT mysql
[ info ] [ BEHAVIOR ] Run app\common\behavior\Config @app_begin [ RunTime:0.087005s ]
[ info ] [ BEHAVIOR ] Run app\common\behavior\Hook @app_begin [ RunTime:0.098005s ]
[ info ] [ LOG ] INIT File
[ sql ] [ DB ] CONNECT:[ UseTime:0.004001s ] mysql:host=127.0.0.1;port=3306;dbname=dolphin;charset=utf8
[ sql ] [ SQL ] SHOW COLUMNS FROM `dp_admin_config` [ RunTime:0.016000s ]
[ sql ] [ SQL ] SELECT `name`,`value`,`type` FROM `dp_admin_config` [ RunTime:0.005001s ]
[ sql ] [ SQL ] SHOW COLUMNS FROM `dp_admin_module` [ RunTime:0.045002s ]
[ sql ] [ SQL ] SELECT `name`,`config` FROM `dp_admin_module` WHERE  `config` <> '' [ RunTime:0.006001s ]
[ sql ] [ SQL ] SHOW COLUMNS FROM `dp_admin_hook` [ RunTime:0.031002s ]
[ sql ] [ SQL ] SELECT `name`,`status` FROM `dp_admin_hook` WHERE  `status` = 1 [ RunTime:0.016001s ]
[ sql ] [ SQL ] SHOW COLUMNS FROM `dp_admin_plugin` [ RunTime:0.020001s ]
[ sql ] [ SQL ] SELECT `name`,`status` FROM `dp_admin_plugin` WHERE  `status` = 1 [ RunTime:0.006000s ]
[ sql ] [ SQL ] SHOW COLUMNS FROM `dp_admin_hook_plugin` [ RunTime:0.021001s ]
[ sql ] [ SQL ] SELECT * FROM `dp_admin_hook_plugin` WHERE  `status` = 1 ORDER BY hook,sort [ RunTime:0.001000s ]
---------------------------------------------------------------
[ 2018-01-19T18:49:13+08:00 ] 127.0.0.1 GET /user/become_escort/index.html
[ info ] www.aiyy.com/user/become_escort/index.html [运行时间：0.174010s][吞吐率：5.75req/s] [内存消耗：3,028.05kb] [文件加载：86]
[ info ] [ LANG ] D:\phpstudy\WWW\aiyy\thinkphp\lang\zh-cn.php
[ info ] [ ROUTE ] array (
  'type' => 'module',
  'module' => 
  array (
    0 => 'user',
    1 => 'become_escort',
    2 => 'index',
  ),
)
[ info ] [ HEADER ] array (
  'cookie' => 'PHPSESSID=b46ak6dgfiviiq8aq0cmju3af4; Hm_lvt_cc903faaed69cca18f7cf0997b2e62c9=1516351871; Hm_lpvt_cc903faaed69cca18f7cf0997b2e62c9=1516358953',
  'accept-language' => 'zh-CN,zh;q=0.8',
  'accept-encoding' => 'gzip, deflate',
  'referer' => 'http://www.aiyy.com/user/index/index.html',
  'accept' => 'text/html,application/xhtml+xml,application/xml;q=0.9,image/webp,image/apng,*/*;q=0.8',
  'user-agent' => 'Mozilla/5.0 (iPhone; CPU iPhone OS 9_1 like Mac OS X) AppleWebKit/601.1.46 (KHTML, like Gecko) Version/9.0 Mobile/13B143 Safari/601.1',
  'upgrade-insecure-requests' => '1',
  'connection' => 'close',
  'host' => 'www.aiyy.com',
)
[ info ] [ PARAM ] array (
  '/user/become_escort/index_html' => '',
)
[ info ] [ CACHE ] INIT File
[ info ] [ DB ] INIT mysql
[ info ] [ BEHAVIOR ] Run app\common\behavior\Config @app_begin [ RunTime:0.046002s ]
[ info ] [ BEHAVIOR ] Run app\common\behavior\Hook @app_begin [ RunTime:0.057004s ]
[ info ] [ SESSION ] INIT array (
  'id' => '',
  'var_session_id' => '',
  'prefix' => 'dolphin_admin_',
  'type' => '',
  'auto_start' => true,
)
[ info ] [ RUN ] app\user\home\BecomeEscort->index[ D:\phpstudy\WWW\aiyy\application\user\home\BecomeEscort.php ]
[ info ] [ VIEW ] D:\phpstudy\WWW\aiyy\public/../application/user\view\become_escort\index.html [ array (
  0 => 'url_root',
  1 => 'data',
  2 => 'type',
  3 => 'forgetPass',
) ]
[ info ] [ LOG ] INIT File
[ sql ] [ DB ] CONNECT:[ UseTime:0.002000s ] mysql:host=127.0.0.1;port=3306;dbname=dolphin;charset=utf8
[ sql ] [ SQL ] SHOW COLUMNS FROM `dp_admin_config` [ RunTime:0.015001s ]
[ sql ] [ SQL ] SELECT `name`,`value`,`type` FROM `dp_admin_config` [ RunTime:0.000000s ]
[ sql ] [ SQL ] SHOW COLUMNS FROM `dp_admin_module` [ RunTime:0.018001s ]
[ sql ] [ SQL ] SELECT `name`,`config` FROM `dp_admin_module` WHERE  `config` <> '' [ RunTime:0.000000s ]
[ sql ] [ SQL ] SHOW COLUMNS FROM `dp_admin_hook` [ RunTime:0.016001s ]
[ sql ] [ SQL ] SELECT `name`,`status` FROM `dp_admin_hook` WHERE  `status` = 1 [ RunTime:0.001000s ]
[ sql ] [ SQL ] SHOW COLUMNS FROM `dp_admin_plugin` [ RunTime:0.021002s ]
[ sql ] [ SQL ] SELECT `name`,`status` FROM `dp_admin_plugin` WHERE  `status` = 1 [ RunTime:0.001000s ]
[ sql ] [ SQL ] SHOW COLUMNS FROM `dp_admin_hook_plugin` [ RunTime:0.015001s ]
[ sql ] [ SQL ] SELECT * FROM `dp_admin_hook_plugin` WHERE  `status` = 1 ORDER BY hook,sort [ RunTime:0.001000s ]
[ sql ] [ SQL ] SHOW COLUMNS FROM `dp_user` [ RunTime:0.014001s ]
[ sql ] [ SQL ] SELECT * FROM `dp_user` WHERE  `id` = 5 LIMIT 1 [ RunTime:0.000000s ]
[ sql ] [ SQL ] SHOW COLUMNS FROM `dp_user_identity` [ RunTime:0.014000s ]
[ sql ] [ SQL ] SELECT * FROM `dp_user_identity` WHERE  `uid` = 5 LIMIT 1 [ RunTime:0.001001s ]
---------------------------------------------------------------
[ 2018-01-19T18:49:13+08:00 ] 127.0.0.1 GET /static/jquery-form/jquery.form.min.js.map
[ info ] www.aiyy.com/static/jquery-form/jquery.form.min.js.map [运行时间：0.276016s][吞吐率：3.62req/s] [内存消耗：2,206.54kb] [文件加载：59]
[ info ] [ LANG ] D:\phpstudy\WWW\aiyy\thinkphp\lang\zh-cn.php
[ info ] [ ROUTE ] array (
  'type' => 'module',
  'module' => 
  array (
    0 => 'static',
    1 => 'jquery-form',
    2 => 'jquery.form.min.js.map',
  ),
)
[ info ] [ HEADER ] array (
  'cookie' => 'PHPSESSID=b46ak6dgfiviiq8aq0cmju3af4; Hm_lvt_cc903faaed69cca18f7cf0997b2e62c9=1516351871; Hm_lpvt_cc903faaed69cca18f7cf0997b2e62c9=1516358953',
  'accept-language' => 'zh-CN,zh;q=0.8',
  'accept-encoding' => 'gzip, deflate',
  'user-agent' => 'Mozilla/5.0 (iPhone; CPU iPhone OS 9_1 like Mac OS X) AppleWebKit/601.1.46 (KHTML, like Gecko) Version/9.0 Mobile/13B143 Safari/601.1',
  'connection' => 'close',
  'host' => 'www.aiyy.com',
)
[ info ] [ PARAM ] array (
  '/static/jquery-form/jquery_form_min_js_map' => '',
)
[ info ] [ CACHE ] INIT File
[ info ] [ DB ] INIT mysql
[ info ] [ BEHAVIOR ] Run app\common\behavior\Config @app_begin [ RunTime:0.172010s ]
[ info ] [ BEHAVIOR ] Run app\common\behavior\Hook @app_begin [ RunTime:0.081004s ]
[ info ] [ LOG ] INIT File
[ sql ] [ DB ] CONNECT:[ UseTime:0.127008s ] mysql:host=127.0.0.1;port=3306;dbname=dolphin;charset=utf8
[ sql ] [ SQL ] SHOW COLUMNS FROM `dp_admin_config` [ RunTime:0.012000s ]
[ sql ] [ SQL ] SELECT `name`,`value`,`type` FROM `dp_admin_config` [ RunTime:0.001001s ]
[ sql ] [ SQL ] SHOW COLUMNS FROM `dp_admin_module` [ RunTime:0.010000s ]
[ sql ] [ SQL ] SELECT `name`,`config` FROM `dp_admin_module` WHERE  `config` <> '' [ RunTime:0.011001s ]
[ sql ] [ SQL ] SHOW COLUMNS FROM `dp_admin_hook` [ RunTime:0.023001s ]
[ sql ] [ SQL ] SELECT `name`,`status` FROM `dp_admin_hook` WHERE  `status` = 1 [ RunTime:0.001000s ]
[ sql ] [ SQL ] SHOW COLUMNS FROM `dp_admin_plugin` [ RunTime:0.040003s ]
[ sql ] [ SQL ] SELECT `name`,`status` FROM `dp_admin_plugin` WHERE  `status` = 1 [ RunTime:0.002000s ]
[ sql ] [ SQL ] SHOW COLUMNS FROM `dp_admin_hook_plugin` [ RunTime:0.010000s ]
[ sql ] [ SQL ] SELECT * FROM `dp_admin_hook_plugin` WHERE  `status` = 1 ORDER BY hook,sort [ RunTime:0.003000s ]
---------------------------------------------------------------
[ 2018-01-19T18:49:15+08:00 ] 127.0.0.1 GET /user/index/index.html
[ info ] www.aiyy.com/user/index/index.html [运行时间：0.170010s][吞吐率：5.88req/s] [内存消耗：2,495.12kb] [文件加载：70]
[ info ] [ LANG ] D:\phpstudy\WWW\aiyy\thinkphp\lang\zh-cn.php
[ info ] [ ROUTE ] array (
  'type' => 'module',
  'module' => 
  array (
    0 => 'user',
    1 => 'index',
    2 => 'index',
  ),
)
[ info ] [ HEADER ] array (
  'cookie' => 'PHPSESSID=b46ak6dgfiviiq8aq0cmju3af4; Hm_lvt_cc903faaed69cca18f7cf0997b2e62c9=1516351871; Hm_lpvt_cc903faaed69cca18f7cf0997b2e62c9=1516358954',
  'accept-language' => 'zh-CN,zh;q=0.8',
  'accept-encoding' => 'gzip, deflate',
  'referer' => 'http://www.aiyy.com/user/my_info/index.html',
  'accept' => 'text/html,application/xhtml+xml,application/xml;q=0.9,image/webp,image/apng,*/*;q=0.8',
  'user-agent' => 'Mozilla/5.0 (iPhone; CPU iPhone OS 9_1 like Mac OS X) AppleWebKit/601.1.46 (KHTML, like Gecko) Version/9.0 Mobile/13B143 Safari/601.1',
  'upgrade-insecure-requests' => '1',
  'connection' => 'close',
  'host' => 'www.aiyy.com',
)
[ info ] [ PARAM ] array (
  '/user/index/index_html' => '',
)
[ info ] [ CACHE ] INIT File
[ info ] [ DB ] INIT mysql
[ info ] [ BEHAVIOR ] Run app\common\behavior\Config @app_begin [ RunTime:0.057004s ]
[ info ] [ BEHAVIOR ] Run app\common\behavior\Hook @app_begin [ RunTime:0.061003s ]
[ info ] [ SESSION ] INIT array (
  'id' => '',
  'var_session_id' => '',
  'prefix' => 'dolphin_admin_',
  'type' => '',
  'auto_start' => true,
)
[ info ] [ RUN ] app\user\home\Index->index[ D:\phpstudy\WWW\aiyy\application\user\home\Index.php ]
[ info ] [ VIEW ] D:\phpstudy\WWW\aiyy\public/../application/user\view\index\index.html [ array (
  0 => 'user_base_info',
) ]
[ info ] [ LOG ] INIT File
[ sql ] [ DB ] CONNECT:[ UseTime:0.007000s ] mysql:host=127.0.0.1;port=3306;dbname=dolphin;charset=utf8
[ sql ] [ SQL ] SHOW COLUMNS FROM `dp_admin_config` [ RunTime:0.024001s ]
[ sql ] [ SQL ] SELECT `name`,`value`,`type` FROM `dp_admin_config` [ RunTime:0.001000s ]
[ sql ] [ SQL ] SHOW COLUMNS FROM `dp_admin_module` [ RunTime:0.012000s ]
[ sql ] [ SQL ] SELECT `name`,`config` FROM `dp_admin_module` WHERE  `config` <> '' [ RunTime:0.005001s ]
[ sql ] [ SQL ] SHOW COLUMNS FROM `dp_admin_hook` [ RunTime:0.014000s ]
[ sql ] [ SQL ] SELECT `name`,`status` FROM `dp_admin_hook` WHERE  `status` = 1 [ RunTime:0.001000s ]
[ sql ] [ SQL ] SHOW COLUMNS FROM `dp_admin_plugin` [ RunTime:0.019001s ]
[ sql ] [ SQL ] SELECT `name`,`status` FROM `dp_admin_plugin` WHERE  `status` = 1 [ RunTime:0.004000s ]
[ sql ] [ SQL ] SHOW COLUMNS FROM `dp_admin_hook_plugin` [ RunTime:0.016001s ]
[ sql ] [ SQL ] SELECT * FROM `dp_admin_hook_plugin` WHERE  `status` = 1 ORDER BY hook,sort [ RunTime:0.002000s ]
[ sql ] [ SQL ] SHOW COLUMNS FROM `dp_user_video` [ RunTime:0.012001s ]
[ sql ] [ SQL ] SHOW COLUMNS FROM `dp_user` [ RunTime:0.014001s ]
[ sql ] [ SQL ] SELECT count(DISTINCT attention.id) as attention_num,count(DISTINCT attentioned.id) as attentioned_num,`img`.`img_num`,`video`.`video_num`,`User`.`nickname`,`User`.`head_img`,`User`.`sys_id`,`User`.`id`,`User`.`sex` FROM `dp_user` `User` LEFT JOIN `dp_user_attention` `attention` ON `attention`.`user_followid`=`User`.`id` LEFT JOIN `dp_user_attention` `attentioned` ON `attentioned`.`user_id`=`User`.`id` LEFT JOIN ( SELECT `uid`,count(id) as  img_num FROM `dp_user_video` WHERE  (  video_type=1 ) GROUP BY `video_type` ) `img` ON `img`.`uid`=`User`.`id` LEFT JOIN ( SELECT `uid`,count(id) as  video_num FROM `dp_user_video` WHERE  (  video_type=2 ) GROUP BY `video_type` ) `video` ON `video`.`uid`=`User`.`id` WHERE  `User`.`id` = 5 GROUP BY `User`.`id` LIMIT 1 [ RunTime:0.003000s ]
---------------------------------------------------------------
[ 2018-01-19T18:49:16+08:00 ] 127.0.0.1 GET /static/jquery-form/jquery.form.min.js.map
[ info ] www.aiyy.com/static/jquery-form/jquery.form.min.js.map [运行时间：0.193011s][吞吐率：5.18req/s] [内存消耗：2,206.54kb] [文件加载：59]
[ info ] [ LANG ] D:\phpstudy\WWW\aiyy\thinkphp\lang\zh-cn.php
[ info ] [ ROUTE ] array (
  'type' => 'module',
  'module' => 
  array (
    0 => 'static',
    1 => 'jquery-form',
    2 => 'jquery.form.min.js.map',
  ),
)
[ info ] [ HEADER ] array (
  'cookie' => 'PHPSESSID=b46ak6dgfiviiq8aq0cmju3af4; Hm_lvt_cc903faaed69cca18f7cf0997b2e62c9=1516351871; Hm_lpvt_cc903faaed69cca18f7cf0997b2e62c9=1516358954',
  'accept-language' => 'zh-CN,zh;q=0.8',
  'accept-encoding' => 'gzip, deflate',
  'user-agent' => 'Mozilla/5.0 (iPhone; CPU iPhone OS 9_1 like Mac OS X) AppleWebKit/601.1.46 (KHTML, like Gecko) Version/9.0 Mobile/13B143 Safari/601.1',
  'connection' => 'close',
  'host' => 'www.aiyy.com',
)
[ info ] [ PARAM ] array (
  '/static/jquery-form/jquery_form_min_js_map' => '',
)
[ info ] [ CACHE ] INIT File
[ info ] [ DB ] INIT mysql
[ info ] [ BEHAVIOR ] Run app\common\behavior\Config @app_begin [ RunTime:0.085005s ]
[ info ] [ BEHAVIOR ] Run app\common\behavior\Hook @app_begin [ RunTime:0.092005s ]
[ info ] [ LOG ] INIT File
[ sql ] [ DB ] CONNECT:[ UseTime:0.028002s ] mysql:host=127.0.0.1;port=3306;dbname=dolphin;charset=utf8
[ sql ] [ SQL ] SHOW COLUMNS FROM `dp_admin_config` [ RunTime:0.032002s ]
[ sql ] [ SQL ] SELECT `name`,`value`,`type` FROM `dp_admin_config` [ RunTime:0.000000s ]
[ sql ] [ SQL ] SHOW COLUMNS FROM `dp_admin_module` [ RunTime:0.014001s ]
[ sql ] [ SQL ] SELECT `name`,`config` FROM `dp_admin_module` WHERE  `config` <> '' [ RunTime:0.001000s ]
[ sql ] [ SQL ] SHOW COLUMNS FROM `dp_admin_hook` [ RunTime:0.013001s ]
[ sql ] [ SQL ] SELECT `name`,`status` FROM `dp_admin_hook` WHERE  `status` = 1 [ RunTime:0.003000s ]
[ sql ] [ SQL ] SHOW COLUMNS FROM `dp_admin_plugin` [ RunTime:0.021001s ]
[ sql ] [ SQL ] SELECT `name`,`status` FROM `dp_admin_plugin` WHERE  `status` = 1 [ RunTime:0.000000s ]
[ sql ] [ SQL ] SHOW COLUMNS FROM `dp_admin_hook_plugin` [ RunTime:0.047003s ]
[ sql ] [ SQL ] SELECT * FROM `dp_admin_hook_plugin` WHERE  `status` = 1 ORDER BY hook,sort [ RunTime:0.004000s ]
