---------------------------------------------------------------
[ 2018-01-20T11:36:25+08:00 ] 127.0.0.1 GET /user/become_member/member_list.html
[ info ] dev.dophin.local/user/become_member/member_list.html [运行时间：0.167009s][吞吐率：5.99req/s] [内存消耗：672.60kb] [文件加载：71]
[ info ] [ LANG ] D:\UPUPW\UPUPW_AP7.0_64\vhosts\dev.dophin.local\thinkphp\lang\zh-cn.php
[ info ] [ ROUTE ] array (
  'type' => 'module',
  'module' => 
  array (
    0 => 'user',
    1 => 'become_member',
    2 => 'member_list',
  ),
)
[ info ] [ HEADER ] array (
  'host' => 'dev.dophin.local',
  'connection' => 'keep-alive',
  'cache-control' => 'max-age=0',
  'upgrade-insecure-requests' => '1',
  'user-agent' => 'Mozilla/5.0 (iPhone; CPU iPhone OS 9_1 like Mac OS X) AppleWebKit/601.1.46 (KHTML, like Gecko) Version/9.0 Mobile/13B143 Safari/601.1',
  'accept' => 'text/html,application/xhtml+xml,application/xml;q=0.9,image/webp,image/apng,*/*;q=0.8',
  'referer' => 'http://dev.dophin.local/user/index/index.html',
  'accept-encoding' => 'gzip, deflate',
  'accept-language' => 'zh-CN,zh;q=0.9',
  'cookie' => 'PHPSESSID=r13v3uarfmrdpshlt40oj6ass7',
)
[ info ] [ PARAM ] array (
  '/user/become_member/member_list_html' => '',
)
[ info ] [ CACHE ] INIT File
[ info ] [ DB ] INIT mysql
[ info ] [ BEHAVIOR ] Run app\common\behavior\Config @app_begin [ RunTime:0.044002s ]
[ info ] [ BEHAVIOR ] Run app\common\behavior\Hook @app_begin [ RunTime:0.041003s ]
[ info ] [ SESSION ] INIT array (
  'id' => '',
  'var_session_id' => '',
  'prefix' => 'dolphin_admin_',
  'type' => '',
  'auto_start' => true,
)
[ info ] [ RUN ] app\user\home\BecomeMember->member_list[ D:\UPUPW\UPUPW_AP7.0_64\vhosts\dev.dophin.local\application\user\home\BecomeMember.php ]
[ info ] [ VIEW ] D:\UPUPW\UPUPW_AP7.0_64\vhosts\dev.dophin.local\public/../application/user\view\become_member\member_list.html [ array (
  0 => 'member_group',
) ]
[ info ] [ LOG ] INIT File
[ sql ] [ DB ] CONNECT:[ UseTime:0.001000s ] mysql:host=127.0.0.1;port=3306;dbname=dolphin;charset=utf8
[ sql ] [ SQL ] SHOW COLUMNS FROM `dp_admin_config` [ RunTime:0.011001s ]
[ sql ] [ SQL ] SELECT `name`,`value`,`type` FROM `dp_admin_config` [ RunTime:0.001000s ]
[ sql ] [ SQL ] SHOW COLUMNS FROM `dp_admin_module` [ RunTime:0.008000s ]
[ sql ] [ SQL ] SELECT `name`,`config` FROM `dp_admin_module` WHERE  `config` <> '' [ RunTime:0.000000s ]
[ sql ] [ SQL ] SHOW COLUMNS FROM `dp_admin_hook` [ RunTime:0.007000s ]
[ sql ] [ SQL ] SELECT `name`,`status` FROM `dp_admin_hook` WHERE  `status` = 1 [ RunTime:0.000000s ]
[ sql ] [ SQL ] SHOW COLUMNS FROM `dp_admin_plugin` [ RunTime:0.009001s ]
[ sql ] [ SQL ] SELECT `name`,`status` FROM `dp_admin_plugin` WHERE  `status` = 1 [ RunTime:0.001000s ]
[ sql ] [ SQL ] SHOW COLUMNS FROM `dp_admin_hook_plugin` [ RunTime:0.010001s ]
[ sql ] [ SQL ] SELECT * FROM `dp_admin_hook_plugin` WHERE  `status` = 1 ORDER BY hook,sort [ RunTime:0.000000s ]
[ sql ] [ SQL ] SHOW COLUMNS FROM `dp_user_group` [ RunTime:0.008000s ]
[ sql ] [ SQL ] SELECT `g`.`id`,`g`.`group_name`,`g`.`price_y`,`g`.`price_m`,`g`.`price_a`,`g`.`prestore`,`g`.`gift_money`,`g`.`icon`,`g`.`usernamecolor`,`gp`.`allow_priview_photo`,`gp`.`allow_priview_video`,`gp`.`allow_chat`,`gp`.`allow_insurance`,`gp`.`allow_recommend`,`gp`.`allow_videoconferencing`,`gp`.`allow_escort_recommend`,`gp`.`allow_date`,`g`.`member_type`,`g`.`discount_y`,`g`.`discount_m`,`g`.`discount_a`,`g`.`discount_pre` FROM `dp_user_group` `g` LEFT JOIN `dp_user_group_privilege` `gp` ON `g`.`id`=`gp`.`group_id` WHERE  `g`.`price_y` > '0.00' OR `g`.`prestore` > '0.00' [ RunTime:0.001000s ]
---------------------------------------------------------------
[ 2018-01-20T11:36:37+08:00 ] 127.0.0.1 GET /user/become_member/member_list.html
[ info ] dev.dophin.local/user/become_member/member_list.html [运行时间：0.152008s][吞吐率：6.58req/s] [内存消耗：584.27kb] [文件加载：69]
[ info ] [ LANG ] D:\UPUPW\UPUPW_AP7.0_64\vhosts\dev.dophin.local\thinkphp\lang\zh-cn.php
[ info ] [ ROUTE ] array (
  'type' => 'module',
  'module' => 
  array (
    0 => 'user',
    1 => 'become_member',
    2 => 'member_list',
  ),
)
[ info ] [ HEADER ] array (
  'host' => 'dev.dophin.local',
  'connection' => 'keep-alive',
  'cache-control' => 'max-age=0',
  'upgrade-insecure-requests' => '1',
  'user-agent' => 'Mozilla/5.0 (iPhone; CPU iPhone OS 9_1 like Mac OS X) AppleWebKit/601.1.46 (KHTML, like Gecko) Version/9.0 Mobile/13B143 Safari/601.1',
  'accept' => 'text/html,application/xhtml+xml,application/xml;q=0.9,image/webp,image/apng,*/*;q=0.8',
  'referer' => 'http://dev.dophin.local/user/index/index.html',
  'accept-encoding' => 'gzip, deflate',
  'accept-language' => 'zh-CN,zh;q=0.9',
  'cookie' => 'PHPSESSID=r13v3uarfmrdpshlt40oj6ass7',
)
[ info ] [ PARAM ] array (
  '/user/become_member/member_list_html' => '',
)
[ info ] [ CACHE ] INIT File
[ info ] [ DB ] INIT mysql
[ info ] [ BEHAVIOR ] Run app\common\behavior\Config @app_begin [ RunTime:0.040002s ]
[ info ] [ BEHAVIOR ] Run app\common\behavior\Hook @app_begin [ RunTime:0.038002s ]
[ info ] [ SESSION ] INIT array (
  'id' => '',
  'var_session_id' => '',
  'prefix' => 'dolphin_admin_',
  'type' => '',
  'auto_start' => true,
)
[ info ] [ RUN ] app\user\home\BecomeMember->member_list[ D:\UPUPW\UPUPW_AP7.0_64\vhosts\dev.dophin.local\application\user\home\BecomeMember.php ]
[ info ] [ VIEW ] D:\UPUPW\UPUPW_AP7.0_64\vhosts\dev.dophin.local\public/../application/user\view\become_member\member_list.html [ array (
  0 => 'member_group',
) ]
[ info ] [ LOG ] INIT File
[ sql ] [ DB ] CONNECT:[ UseTime:0.001001s ] mysql:host=127.0.0.1;port=3306;dbname=dolphin;charset=utf8
[ sql ] [ SQL ] SHOW COLUMNS FROM `dp_admin_config` [ RunTime:0.011000s ]
[ sql ] [ SQL ] SELECT `name`,`value`,`type` FROM `dp_admin_config` [ RunTime:0.001000s ]
[ sql ] [ SQL ] SHOW COLUMNS FROM `dp_admin_module` [ RunTime:0.009001s ]
[ sql ] [ SQL ] SELECT `name`,`config` FROM `dp_admin_module` WHERE  `config` <> '' [ RunTime:0.000000s ]
[ sql ] [ SQL ] SHOW COLUMNS FROM `dp_admin_hook` [ RunTime:0.008001s ]
[ sql ] [ SQL ] SELECT `name`,`status` FROM `dp_admin_hook` WHERE  `status` = 1 [ RunTime:0.001000s ]
[ sql ] [ SQL ] SHOW COLUMNS FROM `dp_admin_plugin` [ RunTime:0.011000s ]
[ sql ] [ SQL ] SELECT `name`,`status` FROM `dp_admin_plugin` WHERE  `status` = 1 [ RunTime:0.001000s ]
[ sql ] [ SQL ] SHOW COLUMNS FROM `dp_admin_hook_plugin` [ RunTime:0.010001s ]
[ sql ] [ SQL ] SELECT * FROM `dp_admin_hook_plugin` WHERE  `status` = 1 ORDER BY hook,sort [ RunTime:0.000000s ]
[ sql ] [ SQL ] SHOW COLUMNS FROM `dp_user_group` [ RunTime:0.009001s ]
[ sql ] [ SQL ] SELECT `g`.`id`,`g`.`group_name`,`g`.`price_y`,`g`.`price_m`,`g`.`price_a`,`g`.`prestore`,`g`.`gift_money`,`g`.`icon`,`g`.`usernamecolor`,`gp`.`allow_priview_photo`,`gp`.`allow_priview_video`,`gp`.`allow_chat`,`gp`.`allow_insurance`,`gp`.`allow_recommend`,`gp`.`allow_videoconferencing`,`gp`.`allow_escort_recommend`,`gp`.`allow_date`,`g`.`member_type`,`g`.`discount_y`,`g`.`discount_m`,`g`.`discount_a`,`g`.`discount_pre` FROM `dp_user_group` `g` LEFT JOIN `dp_user_group_privilege` `gp` ON `g`.`id`=`gp`.`group_id` WHERE  `g`.`price_y` > '0.00' OR `g`.`prestore` > '0.00' [ RunTime:0.001000s ]
---------------------------------------------------------------
[ 2018-01-20T11:36:38+08:00 ] 127.0.0.1 GET /
[ info ] dev.dophin.local/ [运行时间：0.157009s][吞吐率：6.37req/s] [内存消耗：658.40kb] [文件加载：69]
[ info ] [ LANG ] D:\UPUPW\UPUPW_AP7.0_64\vhosts\dev.dophin.local\thinkphp\lang\zh-cn.php
[ info ] [ ROUTE ] array (
  'type' => 'module',
  'module' => 
  array (
    0 => '',
    1 => NULL,
    2 => NULL,
  ),
)
[ info ] [ HEADER ] array (
  'host' => 'dev.dophin.local',
  'connection' => 'keep-alive',
  'upgrade-insecure-requests' => '1',
  'user-agent' => 'Mozilla/5.0 (iPhone; CPU iPhone OS 9_1 like Mac OS X) AppleWebKit/601.1.46 (KHTML, like Gecko) Version/9.0 Mobile/13B143 Safari/601.1',
  'accept' => 'text/html,application/xhtml+xml,application/xml;q=0.9,image/webp,image/apng,*/*;q=0.8',
  'referer' => 'http://dev.dophin.local/user/become_member/member_list.html',
  'accept-encoding' => 'gzip, deflate',
  'accept-language' => 'zh-CN,zh;q=0.9',
  'cookie' => 'PHPSESSID=r13v3uarfmrdpshlt40oj6ass7',
)
[ info ] [ PARAM ] array (
)
[ info ] [ CACHE ] INIT File
[ info ] [ DB ] INIT mysql
[ info ] [ BEHAVIOR ] Run app\common\behavior\Config @app_begin [ RunTime:0.037002s ]
[ info ] [ BEHAVIOR ] Run app\common\behavior\Hook @app_begin [ RunTime:0.043002s ]
[ info ] [ RUN ] app\index\controller\Index->index[ D:\UPUPW\UPUPW_AP7.0_64\vhosts\dev.dophin.local\application\index\controller\Index.php ]
[ info ] [ VIEW ] D:\UPUPW\UPUPW_AP7.0_64\vhosts\dev.dophin.local\public/../application/index\view\index\index.html [ array (
  0 => 'bindphone',
  1 => 'name',
) ]
[ info ] [ LOG ] INIT File
[ sql ] [ DB ] CONNECT:[ UseTime:0.001000s ] mysql:host=127.0.0.1;port=3306;dbname=dolphin;charset=utf8
[ sql ] [ SQL ] SHOW COLUMNS FROM `dp_admin_config` [ RunTime:0.010000s ]
[ sql ] [ SQL ] SELECT `name`,`value`,`type` FROM `dp_admin_config` [ RunTime:0.000000s ]
[ sql ] [ SQL ] SHOW COLUMNS FROM `dp_admin_module` [ RunTime:0.010001s ]
[ sql ] [ SQL ] SELECT `name`,`config` FROM `dp_admin_module` WHERE  `config` <> '' [ RunTime:0.000000s ]
[ sql ] [ SQL ] SHOW COLUMNS FROM `dp_admin_hook` [ RunTime:0.007001s ]
[ sql ] [ SQL ] SELECT `name`,`status` FROM `dp_admin_hook` WHERE  `status` = 1 [ RunTime:0.000000s ]
[ sql ] [ SQL ] SHOW COLUMNS FROM `dp_admin_plugin` [ RunTime:0.010000s ]
[ sql ] [ SQL ] SELECT `name`,`status` FROM `dp_admin_plugin` WHERE  `status` = 1 [ RunTime:0.001000s ]
[ sql ] [ SQL ] SHOW COLUMNS FROM `dp_admin_hook_plugin` [ RunTime:0.012000s ]
[ sql ] [ SQL ] SELECT * FROM `dp_admin_hook_plugin` WHERE  `status` = 1 ORDER BY hook,sort [ RunTime:0.001000s ]
[ sql ] [ SQL ] SHOW COLUMNS FROM `dp_user` [ RunTime:0.012001s ]
[ sql ] [ SQL ] SELECT * FROM `dp_user` WHERE  (  is_escort=1 ) [ RunTime:0.001000s ]
---------------------------------------------------------------
[ 2018-01-20T11:36:40+08:00 ] 127.0.0.1 GET /user/journey/index.html
[ info ] dev.dophin.local/user/journey/index.html [运行时间：0.159009s][吞吐率：6.29req/s] [内存消耗：546.61kb] [文件加载：68]
[ info ] [ LANG ] D:\UPUPW\UPUPW_AP7.0_64\vhosts\dev.dophin.local\thinkphp\lang\zh-cn.php
[ info ] [ ROUTE ] array (
  'type' => 'module',
  'module' => 
  array (
    0 => 'user',
    1 => 'journey',
    2 => 'index',
  ),
)
[ info ] [ HEADER ] array (
  'host' => 'dev.dophin.local',
  'connection' => 'keep-alive',
  'upgrade-insecure-requests' => '1',
  'user-agent' => 'Mozilla/5.0 (iPhone; CPU iPhone OS 9_1 like Mac OS X) AppleWebKit/601.1.46 (KHTML, like Gecko) Version/9.0 Mobile/13B143 Safari/601.1',
  'accept' => 'text/html,application/xhtml+xml,application/xml;q=0.9,image/webp,image/apng,*/*;q=0.8',
  'referer' => 'http://dev.dophin.local/',
  'accept-encoding' => 'gzip, deflate',
  'accept-language' => 'zh-CN,zh;q=0.9',
  'cookie' => 'PHPSESSID=r13v3uarfmrdpshlt40oj6ass7',
)
[ info ] [ PARAM ] array (
  '/user/journey/index_html' => '',
)
[ info ] [ CACHE ] INIT File
[ info ] [ DB ] INIT mysql
[ info ] [ BEHAVIOR ] Run app\common\behavior\Config @app_begin [ RunTime:0.047002s ]
[ info ] [ BEHAVIOR ] Run app\common\behavior\Hook @app_begin [ RunTime:0.041003s ]
[ info ] [ RUN ] app\user\home\Journey->index[ D:\UPUPW\UPUPW_AP7.0_64\vhosts\dev.dophin.local\application\user\home\Journey.php ]
[ info ] [ LOG ] INIT File
[ sql ] [ DB ] CONNECT:[ UseTime:0.010000s ] mysql:host=127.0.0.1;port=3306;dbname=dolphin;charset=utf8
[ sql ] [ SQL ] SHOW COLUMNS FROM `dp_admin_config` [ RunTime:0.009001s ]
[ sql ] [ SQL ] SELECT `name`,`value`,`type` FROM `dp_admin_config` [ RunTime:0.000000s ]
[ sql ] [ SQL ] SHOW COLUMNS FROM `dp_admin_module` [ RunTime:0.010000s ]
[ sql ] [ SQL ] SELECT `name`,`config` FROM `dp_admin_module` WHERE  `config` <> '' [ RunTime:0.001000s ]
[ sql ] [ SQL ] SHOW COLUMNS FROM `dp_admin_hook` [ RunTime:0.006000s ]
[ sql ] [ SQL ] SELECT `name`,`status` FROM `dp_admin_hook` WHERE  `status` = 1 [ RunTime:0.002000s ]
[ sql ] [ SQL ] SHOW COLUMNS FROM `dp_admin_plugin` [ RunTime:0.012001s ]
[ sql ] [ SQL ] SELECT `name`,`status` FROM `dp_admin_plugin` WHERE  `status` = 1 [ RunTime:0.001000s ]
[ sql ] [ SQL ] SHOW COLUMNS FROM `dp_admin_hook_plugin` [ RunTime:0.011001s ]
[ sql ] [ SQL ] SELECT * FROM `dp_admin_hook_plugin` WHERE  `status` = 1 ORDER BY hook,sort [ RunTime:0.001000s ]
[ sql ] [ SQL ] SHOW COLUMNS FROM `dp_user` [ RunTime:0.012000s ]
[ error ] [10501]SQLSTATE[42S02]: Base table or view not found: 1146 Table 'dolphin.dp_user_release' doesn't exist[D:\UPUPW\UPUPW_AP7.0_64\vhosts\dev.dophin.local\thinkphp\library\think\db\Connection.php:388]
---------------------------------------------------------------
[ 2018-01-20T11:48:52+08:00 ] 127.0.0.1 GET /user/journey/index.html
[ info ] dev.dophin.local/user/journey/index.html [运行时间：0.129008s][吞吐率：7.75req/s] [内存消耗：652.39kb] [文件加载：67]
[ info ] [ LANG ] D:\UPUPW\UPUPW_AP7.0_64\vhosts\dev.dophin.local\thinkphp\lang\zh-cn.php
[ info ] [ ROUTE ] array (
  'type' => 'module',
  'module' => 
  array (
    0 => 'user',
    1 => 'journey',
    2 => 'index',
  ),
)
[ info ] [ HEADER ] array (
  'host' => 'dev.dophin.local',
  'connection' => 'keep-alive',
  'cache-control' => 'max-age=0',
  'upgrade-insecure-requests' => '1',
  'user-agent' => 'Mozilla/5.0 (iPhone; CPU iPhone OS 9_1 like Mac OS X) AppleWebKit/601.1.46 (KHTML, like Gecko) Version/9.0 Mobile/13B143 Safari/601.1',
  'accept' => 'text/html,application/xhtml+xml,application/xml;q=0.9,image/webp,image/apng,*/*;q=0.8',
  'referer' => 'http://dev.dophin.local/',
  'accept-encoding' => 'gzip, deflate',
  'accept-language' => 'zh-CN,zh;q=0.9',
  'cookie' => 'PHPSESSID=r13v3uarfmrdpshlt40oj6ass7',
)
[ info ] [ PARAM ] array (
  '/user/journey/index_html' => '',
)
[ info ] [ CACHE ] INIT File
[ info ] [ DB ] INIT mysql
[ info ] [ BEHAVIOR ] Run app\common\behavior\Config @app_begin [ RunTime:0.038002s ]
[ info ] [ BEHAVIOR ] Run app\common\behavior\Hook @app_begin [ RunTime:0.022002s ]
[ info ] [ RUN ] app\user\home\Journey->index[ D:\UPUPW\UPUPW_AP7.0_64\vhosts\dev.dophin.local\application\user\home\Journey.php ]
[ info ] [ VIEW ] D:\UPUPW\UPUPW_AP7.0_64\vhosts\dev.dophin.local\public/../application/user\view\journey\index.html [ array (
  0 => 'journey',
) ]
[ info ] [ LOG ] INIT File
[ sql ] [ DB ] CONNECT:[ UseTime:0.010001s ] mysql:host=127.0.0.1;port=3306;dbname=dolphin;charset=utf8
[ sql ] [ SQL ] SHOW COLUMNS FROM `dp_admin_config` [ RunTime:0.005000s ]
[ sql ] [ SQL ] SELECT `name`,`value`,`type` FROM `dp_admin_config` [ RunTime:0.000000s ]
[ sql ] [ SQL ] SHOW COLUMNS FROM `dp_admin_module` [ RunTime:0.004000s ]
[ sql ] [ SQL ] SELECT `name`,`config` FROM `dp_admin_module` WHERE  `config` <> '' [ RunTime:0.000000s ]
[ sql ] [ SQL ] SHOW COLUMNS FROM `dp_admin_hook` [ RunTime:0.005000s ]
[ sql ] [ SQL ] SELECT `name`,`status` FROM `dp_admin_hook` WHERE  `status` = 1 [ RunTime:0.000000s ]
[ sql ] [ SQL ] SHOW COLUMNS FROM `dp_admin_plugin` [ RunTime:0.003000s ]
[ sql ] [ SQL ] SELECT `name`,`status` FROM `dp_admin_plugin` WHERE  `status` = 1 [ RunTime:0.000000s ]
[ sql ] [ SQL ] SHOW COLUMNS FROM `dp_admin_hook_plugin` [ RunTime:0.004001s ]
[ sql ] [ SQL ] SELECT * FROM `dp_admin_hook_plugin` WHERE  `status` = 1 ORDER BY hook,sort [ RunTime:0.000000s ]
[ sql ] [ SQL ] SHOW COLUMNS FROM `dp_user` [ RunTime:0.004000s ]
[ sql ] [ SQL ] SELECT * FROM `dp_user` `a` INNER JOIN `dp_user_release` `w` ON `a`.`id`=`w`.`uid` [ RunTime:0.001000s ]
---------------------------------------------------------------
[ 2018-01-20T11:48:52+08:00 ] 127.0.0.1 GET /static/jquery-form/jquery.form.min.js.map
[ info ] dev.dophin.local/static/jquery-form/jquery.form.min.js.map [运行时间：0.110007s][吞吐率：9.09req/s] [内存消耗：496.61kb] [文件加载：59]
[ info ] [ LANG ] D:\UPUPW\UPUPW_AP7.0_64\vhosts\dev.dophin.local\thinkphp\lang\zh-cn.php
[ info ] [ ROUTE ] array (
  'type' => 'module',
  'module' => 
  array (
    0 => 'static',
    1 => 'jquery-form',
    2 => 'jquery.form.min.js.map',
  ),
)
[ info ] [ HEADER ] array (
  'host' => 'dev.dophin.local',
  'connection' => 'keep-alive',
  'user-agent' => 'Mozilla/5.0 (iPhone; CPU iPhone OS 9_1 like Mac OS X) AppleWebKit/601.1.46 (KHTML, like Gecko) Version/9.0 Mobile/13B143 Safari/601.1',
  'accept-encoding' => 'gzip, deflate',
  'accept-language' => 'zh-CN,zh;q=0.9',
  'cookie' => 'PHPSESSID=r13v3uarfmrdpshlt40oj6ass7',
)
[ info ] [ PARAM ] array (
  '/static/jquery-form/jquery_form_min_js_map' => '',
)
[ info ] [ CACHE ] INIT File
[ info ] [ DB ] INIT mysql
[ info ] [ BEHAVIOR ] Run app\common\behavior\Config @app_begin [ RunTime:0.030002s ]
[ info ] [ BEHAVIOR ] Run app\common\behavior\Hook @app_begin [ RunTime:0.021001s ]
[ info ] [ LOG ] INIT File
[ sql ] [ DB ] CONNECT:[ UseTime:0.001000s ] mysql:host=127.0.0.1;port=3306;dbname=dolphin;charset=utf8
[ sql ] [ SQL ] SHOW COLUMNS FROM `dp_admin_config` [ RunTime:0.005000s ]
[ sql ] [ SQL ] SELECT `name`,`value`,`type` FROM `dp_admin_config` [ RunTime:0.001000s ]
[ sql ] [ SQL ] SHOW COLUMNS FROM `dp_admin_module` [ RunTime:0.003000s ]
[ sql ] [ SQL ] SELECT `name`,`config` FROM `dp_admin_module` WHERE  `config` <> '' [ RunTime:0.001000s ]
[ sql ] [ SQL ] SHOW COLUMNS FROM `dp_admin_hook` [ RunTime:0.003000s ]
[ sql ] [ SQL ] SELECT `name`,`status` FROM `dp_admin_hook` WHERE  `status` = 1 [ RunTime:0.001000s ]
[ sql ] [ SQL ] SHOW COLUMNS FROM `dp_admin_plugin` [ RunTime:0.004001s ]
[ sql ] [ SQL ] SELECT `name`,`status` FROM `dp_admin_plugin` WHERE  `status` = 1 [ RunTime:0.000000s ]
[ sql ] [ SQL ] SHOW COLUMNS FROM `dp_admin_hook_plugin` [ RunTime:0.004000s ]
[ sql ] [ SQL ] SELECT * FROM `dp_admin_hook_plugin` WHERE  `status` = 1 ORDER BY hook,sort [ RunTime:0.000000s ]
---------------------------------------------------------------
[ 2018-01-20T11:48:56+08:00 ] 127.0.0.1 GET /user/journey/index.html
[ info ] dev.dophin.local/user/journey/index.html [运行时间：0.135008s][吞吐率：7.41req/s] [内存消耗：562.06kb] [文件加载：65]
[ info ] [ LANG ] D:\UPUPW\UPUPW_AP7.0_64\vhosts\dev.dophin.local\thinkphp\lang\zh-cn.php
[ info ] [ ROUTE ] array (
  'type' => 'module',
  'module' => 
  array (
    0 => 'user',
    1 => 'journey',
    2 => 'index',
  ),
)
[ info ] [ HEADER ] array (
  'host' => 'dev.dophin.local',
  'connection' => 'keep-alive',
  'upgrade-insecure-requests' => '1',
  'user-agent' => 'Mozilla/5.0 (iPhone; CPU iPhone OS 9_1 like Mac OS X) AppleWebKit/601.1.46 (KHTML, like Gecko) Version/9.0 Mobile/13B143 Safari/601.1',
  'accept' => 'text/html,application/xhtml+xml,application/xml;q=0.9,image/webp,image/apng,*/*;q=0.8',
  'referer' => 'http://dev.dophin.local/user/journey/index.html',
  'accept-encoding' => 'gzip, deflate',
  'accept-language' => 'zh-CN,zh;q=0.9',
  'cookie' => 'PHPSESSID=r13v3uarfmrdpshlt40oj6ass7',
)
[ info ] [ PARAM ] array (
  '/user/journey/index_html' => '',
)
[ info ] [ CACHE ] INIT File
[ info ] [ DB ] INIT mysql
[ info ] [ BEHAVIOR ] Run app\common\behavior\Config @app_begin [ RunTime:0.038002s ]
[ info ] [ BEHAVIOR ] Run app\common\behavior\Hook @app_begin [ RunTime:0.025002s ]
[ info ] [ RUN ] app\user\home\Journey->index[ D:\UPUPW\UPUPW_AP7.0_64\vhosts\dev.dophin.local\application\user\home\Journey.php ]
[ info ] [ VIEW ] D:\UPUPW\UPUPW_AP7.0_64\vhosts\dev.dophin.local\public/../application/user\view\journey\index.html [ array (
  0 => 'journey',
) ]
[ info ] [ LOG ] INIT File
[ sql ] [ DB ] CONNECT:[ UseTime:0.010001s ] mysql:host=127.0.0.1;port=3306;dbname=dolphin;charset=utf8
[ sql ] [ SQL ] SHOW COLUMNS FROM `dp_admin_config` [ RunTime:0.004000s ]
[ sql ] [ SQL ] SELECT `name`,`value`,`type` FROM `dp_admin_config` [ RunTime:0.001000s ]
[ sql ] [ SQL ] SHOW COLUMNS FROM `dp_admin_module` [ RunTime:0.004000s ]
[ sql ] [ SQL ] SELECT `name`,`config` FROM `dp_admin_module` WHERE  `config` <> '' [ RunTime:0.001000s ]
[ sql ] [ SQL ] SHOW COLUMNS FROM `dp_admin_hook` [ RunTime:0.004000s ]
[ sql ] [ SQL ] SELECT `name`,`status` FROM `dp_admin_hook` WHERE  `status` = 1 [ RunTime:0.001000s ]
[ sql ] [ SQL ] SHOW COLUMNS FROM `dp_admin_plugin` [ RunTime:0.004000s ]
[ sql ] [ SQL ] SELECT `name`,`status` FROM `dp_admin_plugin` WHERE  `status` = 1 [ RunTime:0.000000s ]
[ sql ] [ SQL ] SHOW COLUMNS FROM `dp_admin_hook_plugin` [ RunTime:0.004001s ]
[ sql ] [ SQL ] SELECT * FROM `dp_admin_hook_plugin` WHERE  `status` = 1 ORDER BY hook,sort [ RunTime:0.000000s ]
[ sql ] [ SQL ] SHOW COLUMNS FROM `dp_user` [ RunTime:0.004001s ]
[ sql ] [ SQL ] SELECT * FROM `dp_user` `a` INNER JOIN `dp_user_release` `w` ON `a`.`id`=`w`.`uid` [ RunTime:0.000000s ]
---------------------------------------------------------------
[ 2018-01-20T11:48:56+08:00 ] 127.0.0.1 GET /static/jquery-form/jquery.form.min.js.map
[ info ] dev.dophin.local/static/jquery-form/jquery.form.min.js.map [运行时间：0.107006s][吞吐率：9.35req/s] [内存消耗：496.61kb] [文件加载：59]
[ info ] [ LANG ] D:\UPUPW\UPUPW_AP7.0_64\vhosts\dev.dophin.local\thinkphp\lang\zh-cn.php
[ info ] [ ROUTE ] array (
  'type' => 'module',
  'module' => 
  array (
    0 => 'static',
    1 => 'jquery-form',
    2 => 'jquery.form.min.js.map',
  ),
)
[ info ] [ HEADER ] array (
  'host' => 'dev.dophin.local',
  'connection' => 'keep-alive',
  'user-agent' => 'Mozilla/5.0 (iPhone; CPU iPhone OS 9_1 like Mac OS X) AppleWebKit/601.1.46 (KHTML, like Gecko) Version/9.0 Mobile/13B143 Safari/601.1',
  'accept-encoding' => 'gzip, deflate',
  'accept-language' => 'zh-CN,zh;q=0.9',
  'cookie' => 'PHPSESSID=r13v3uarfmrdpshlt40oj6ass7',
)
[ info ] [ PARAM ] array (
  '/static/jquery-form/jquery_form_min_js_map' => '',
)
[ info ] [ CACHE ] INIT File
[ info ] [ DB ] INIT mysql
[ info ] [ BEHAVIOR ] Run app\common\behavior\Config @app_begin [ RunTime:0.031001s ]
[ info ] [ BEHAVIOR ] Run app\common\behavior\Hook @app_begin [ RunTime:0.022002s ]
[ info ] [ LOG ] INIT File
[ sql ] [ DB ] CONNECT:[ UseTime:0.000000s ] mysql:host=127.0.0.1;port=3306;dbname=dolphin;charset=utf8
[ sql ] [ SQL ] SHOW COLUMNS FROM `dp_admin_config` [ RunTime:0.004000s ]
[ sql ] [ SQL ] SELECT `name`,`value`,`type` FROM `dp_admin_config` [ RunTime:0.000000s ]
[ sql ] [ SQL ] SHOW COLUMNS FROM `dp_admin_module` [ RunTime:0.004000s ]
[ sql ] [ SQL ] SELECT `name`,`config` FROM `dp_admin_module` WHERE  `config` <> '' [ RunTime:0.000000s ]
[ sql ] [ SQL ] SHOW COLUMNS FROM `dp_admin_hook` [ RunTime:0.003000s ]
[ sql ] [ SQL ] SELECT `name`,`status` FROM `dp_admin_hook` WHERE  `status` = 1 [ RunTime:0.000000s ]
[ sql ] [ SQL ] SHOW COLUMNS FROM `dp_admin_plugin` [ RunTime:0.003000s ]
[ sql ] [ SQL ] SELECT `name`,`status` FROM `dp_admin_plugin` WHERE  `status` = 1 [ RunTime:0.001000s ]
[ sql ] [ SQL ] SHOW COLUMNS FROM `dp_admin_hook_plugin` [ RunTime:0.003001s ]
[ sql ] [ SQL ] SELECT * FROM `dp_admin_hook_plugin` WHERE  `status` = 1 ORDER BY hook,sort [ RunTime:0.001000s ]
---------------------------------------------------------------
[ 2018-01-20T11:48:57+08:00 ] 127.0.0.1 GET /user/release/index.html
[ info ] dev.dophin.local/user/release/index.html [运行时间：0.119007s][吞吐率：8.40req/s] [内存消耗：635.20kb] [文件加载：70]
[ info ] [ LANG ] D:\UPUPW\UPUPW_AP7.0_64\vhosts\dev.dophin.local\thinkphp\lang\zh-cn.php
[ info ] [ ROUTE ] array (
  'type' => 'module',
  'module' => 
  array (
    0 => 'user',
    1 => 'release',
    2 => 'index',
  ),
)
[ info ] [ HEADER ] array (
  'host' => 'dev.dophin.local',
  'connection' => 'keep-alive',
  'upgrade-insecure-requests' => '1',
  'user-agent' => 'Mozilla/5.0 (iPhone; CPU iPhone OS 9_1 like Mac OS X) AppleWebKit/601.1.46 (KHTML, like Gecko) Version/9.0 Mobile/13B143 Safari/601.1',
  'accept' => 'text/html,application/xhtml+xml,application/xml;q=0.9,image/webp,image/apng,*/*;q=0.8',
  'referer' => 'http://dev.dophin.local/user/journey/index.html',
  'accept-encoding' => 'gzip, deflate',
  'accept-language' => 'zh-CN,zh;q=0.9',
  'cookie' => 'PHPSESSID=r13v3uarfmrdpshlt40oj6ass7',
)
[ info ] [ PARAM ] array (
  '/user/release/index_html' => '',
)
[ info ] [ CACHE ] INIT File
[ info ] [ DB ] INIT mysql
[ info ] [ BEHAVIOR ] Run app\common\behavior\Config @app_begin [ RunTime:0.036002s ]
[ info ] [ BEHAVIOR ] Run app\common\behavior\Hook @app_begin [ RunTime:0.023002s ]
[ info ] [ SESSION ] INIT array (
  'id' => '',
  'var_session_id' => '',
  'prefix' => 'dolphin_admin_',
  'type' => '',
  'auto_start' => true,
)
[ info ] [ RUN ] app\user\home\Release->index[ D:\UPUPW\UPUPW_AP7.0_64\vhosts\dev.dophin.local\application\user\home\Release.php ]
[ info ] [ VIEW ] D:\UPUPW\UPUPW_AP7.0_64\vhosts\dev.dophin.local\public/../application/user\view\release\index.html [ array (
) ]
[ info ] [ LOG ] INIT File
[ sql ] [ DB ] CONNECT:[ UseTime:0.010001s ] mysql:host=127.0.0.1;port=3306;dbname=dolphin;charset=utf8
[ sql ] [ SQL ] SHOW COLUMNS FROM `dp_admin_config` [ RunTime:0.004000s ]
[ sql ] [ SQL ] SELECT `name`,`value`,`type` FROM `dp_admin_config` [ RunTime:0.001000s ]
[ sql ] [ SQL ] SHOW COLUMNS FROM `dp_admin_module` [ RunTime:0.004000s ]
[ sql ] [ SQL ] SELECT `name`,`config` FROM `dp_admin_module` WHERE  `config` <> '' [ RunTime:0.001000s ]
[ sql ] [ SQL ] SHOW COLUMNS FROM `dp_admin_hook` [ RunTime:0.005000s ]
[ sql ] [ SQL ] SELECT `name`,`status` FROM `dp_admin_hook` WHERE  `status` = 1 [ RunTime:0.000000s ]
[ sql ] [ SQL ] SHOW COLUMNS FROM `dp_admin_plugin` [ RunTime:0.005000s ]
[ sql ] [ SQL ] SELECT `name`,`status` FROM `dp_admin_plugin` WHERE  `status` = 1 [ RunTime:0.001000s ]
[ sql ] [ SQL ] SHOW COLUMNS FROM `dp_admin_hook_plugin` [ RunTime:0.004000s ]
[ sql ] [ SQL ] SELECT * FROM `dp_admin_hook_plugin` WHERE  `status` = 1 ORDER BY hook,sort [ RunTime:0.000000s ]
---------------------------------------------------------------
[ 2018-01-20T11:48:57+08:00 ] 127.0.0.1 GET /static/jquery-form/jquery.form.min.js.map
[ info ] dev.dophin.local/static/jquery-form/jquery.form.min.js.map [运行时间：0.098005s][吞吐率：10.20req/s] [内存消耗：496.61kb] [文件加载：59]
[ info ] [ LANG ] D:\UPUPW\UPUPW_AP7.0_64\vhosts\dev.dophin.local\thinkphp\lang\zh-cn.php
[ info ] [ ROUTE ] array (
  'type' => 'module',
  'module' => 
  array (
    0 => 'static',
    1 => 'jquery-form',
    2 => 'jquery.form.min.js.map',
  ),
)
[ info ] [ HEADER ] array (
  'host' => 'dev.dophin.local',
  'connection' => 'keep-alive',
  'user-agent' => 'Mozilla/5.0 (iPhone; CPU iPhone OS 9_1 like Mac OS X) AppleWebKit/601.1.46 (KHTML, like Gecko) Version/9.0 Mobile/13B143 Safari/601.1',
  'accept-encoding' => 'gzip, deflate',
  'accept-language' => 'zh-CN,zh;q=0.9',
  'cookie' => 'PHPSESSID=r13v3uarfmrdpshlt40oj6ass7',
)
[ info ] [ PARAM ] array (
  '/static/jquery-form/jquery_form_min_js_map' => '',
)
[ info ] [ CACHE ] INIT File
[ info ] [ DB ] INIT mysql
[ info ] [ BEHAVIOR ] Run app\common\behavior\Config @app_begin [ RunTime:0.031002s ]
[ info ] [ BEHAVIOR ] Run app\common\behavior\Hook @app_begin [ RunTime:0.021001s ]
[ info ] [ LOG ] INIT File
[ sql ] [ DB ] CONNECT:[ UseTime:0.000000s ] mysql:host=127.0.0.1;port=3306;dbname=dolphin;charset=utf8
[ sql ] [ SQL ] SHOW COLUMNS FROM `dp_admin_config` [ RunTime:0.005000s ]
[ sql ] [ SQL ] SELECT `name`,`value`,`type` FROM `dp_admin_config` [ RunTime:0.000000s ]
[ sql ] [ SQL ] SHOW COLUMNS FROM `dp_admin_module` [ RunTime:0.003001s ]
[ sql ] [ SQL ] SELECT `name`,`config` FROM `dp_admin_module` WHERE  `config` <> '' [ RunTime:0.001000s ]
[ sql ] [ SQL ] SHOW COLUMNS FROM `dp_admin_hook` [ RunTime:0.004000s ]
[ sql ] [ SQL ] SELECT `name`,`status` FROM `dp_admin_hook` WHERE  `status` = 1 [ RunTime:0.000000s ]
[ sql ] [ SQL ] SHOW COLUMNS FROM `dp_admin_plugin` [ RunTime:0.003000s ]
[ sql ] [ SQL ] SELECT `name`,`status` FROM `dp_admin_plugin` WHERE  `status` = 1 [ RunTime:0.001001s ]
[ sql ] [ SQL ] SHOW COLUMNS FROM `dp_admin_hook_plugin` [ RunTime:0.004000s ]
[ sql ] [ SQL ] SELECT * FROM `dp_admin_hook_plugin` WHERE  `status` = 1 ORDER BY hook,sort [ RunTime:0.000000s ]
---------------------------------------------------------------
[ 2018-01-20T11:48:59+08:00 ] 127.0.0.1 GET /user/release/index.html
[ info ] dev.dophin.local/user/release/index.html [运行时间：0.106006s][吞吐率：9.43req/s] [内存消耗：541.41kb] [文件加载：68]
[ info ] [ LANG ] D:\UPUPW\UPUPW_AP7.0_64\vhosts\dev.dophin.local\thinkphp\lang\zh-cn.php
[ info ] [ ROUTE ] array (
  'type' => 'module',
  'module' => 
  array (
    0 => 'user',
    1 => 'release',
    2 => 'index',
  ),
)
[ info ] [ HEADER ] array (
  'host' => 'dev.dophin.local',
  'connection' => 'keep-alive',
  'upgrade-insecure-requests' => '1',
  'user-agent' => 'Mozilla/5.0 (iPhone; CPU iPhone OS 9_1 like Mac OS X) AppleWebKit/601.1.46 (KHTML, like Gecko) Version/9.0 Mobile/13B143 Safari/601.1',
  'accept' => 'text/html,application/xhtml+xml,application/xml;q=0.9,image/webp,image/apng,*/*;q=0.8',
  'referer' => 'http://dev.dophin.local/user/release/index.html',
  'accept-encoding' => 'gzip, deflate',
  'accept-language' => 'zh-CN,zh;q=0.9',
  'cookie' => 'PHPSESSID=r13v3uarfmrdpshlt40oj6ass7',
)
[ info ] [ PARAM ] array (
  '/user/release/index_html' => '',
)
[ info ] [ CACHE ] INIT File
[ info ] [ DB ] INIT mysql
[ info ] [ BEHAVIOR ] Run app\common\behavior\Config @app_begin [ RunTime:0.025002s ]
[ info ] [ BEHAVIOR ] Run app\common\behavior\Hook @app_begin [ RunTime:0.021001s ]
[ info ] [ SESSION ] INIT array (
  'id' => '',
  'var_session_id' => '',
  'prefix' => 'dolphin_admin_',
  'type' => '',
  'auto_start' => true,
)
[ info ] [ RUN ] app\user\home\Release->index[ D:\UPUPW\UPUPW_AP7.0_64\vhosts\dev.dophin.local\application\user\home\Release.php ]
[ info ] [ VIEW ] D:\UPUPW\UPUPW_AP7.0_64\vhosts\dev.dophin.local\public/../application/user\view\release\index.html [ array (
) ]
[ info ] [ LOG ] INIT File
[ sql ] [ DB ] CONNECT:[ UseTime:0.001000s ] mysql:host=127.0.0.1;port=3306;dbname=dolphin;charset=utf8
[ sql ] [ SQL ] SHOW COLUMNS FROM `dp_admin_config` [ RunTime:0.004000s ]
[ sql ] [ SQL ] SELECT `name`,`value`,`type` FROM `dp_admin_config` [ RunTime:0.000000s ]
[ sql ] [ SQL ] SHOW COLUMNS FROM `dp_admin_module` [ RunTime:0.004000s ]
[ sql ] [ SQL ] SELECT `name`,`config` FROM `dp_admin_module` WHERE  `config` <> '' [ RunTime:0.000000s ]
[ sql ] [ SQL ] SHOW COLUMNS FROM `dp_admin_hook` [ RunTime:0.004000s ]
[ sql ] [ SQL ] SELECT `name`,`status` FROM `dp_admin_hook` WHERE  `status` = 1 [ RunTime:0.000000s ]
[ sql ] [ SQL ] SHOW COLUMNS FROM `dp_admin_plugin` [ RunTime:0.003001s ]
[ sql ] [ SQL ] SELECT `name`,`status` FROM `dp_admin_plugin` WHERE  `status` = 1 [ RunTime:0.001000s ]
[ sql ] [ SQL ] SHOW COLUMNS FROM `dp_admin_hook_plugin` [ RunTime:0.004000s ]
[ sql ] [ SQL ] SELECT * FROM `dp_admin_hook_plugin` WHERE  `status` = 1 ORDER BY hook,sort [ RunTime:0.000000s ]
---------------------------------------------------------------
[ 2018-01-20T11:48:59+08:00 ] 127.0.0.1 GET /static/jquery-form/jquery.form.min.js.map
[ info ] dev.dophin.local/static/jquery-form/jquery.form.min.js.map [运行时间：0.101006s][吞吐率：9.90req/s] [内存消耗：496.61kb] [文件加载：59]
[ info ] [ LANG ] D:\UPUPW\UPUPW_AP7.0_64\vhosts\dev.dophin.local\thinkphp\lang\zh-cn.php
[ info ] [ ROUTE ] array (
  'type' => 'module',
  'module' => 
  array (
    0 => 'static',
    1 => 'jquery-form',
    2 => 'jquery.form.min.js.map',
  ),
)
[ info ] [ HEADER ] array (
  'host' => 'dev.dophin.local',
  'connection' => 'keep-alive',
  'user-agent' => 'Mozilla/5.0 (iPhone; CPU iPhone OS 9_1 like Mac OS X) AppleWebKit/601.1.46 (KHTML, like Gecko) Version/9.0 Mobile/13B143 Safari/601.1',
  'accept-encoding' => 'gzip, deflate',
  'accept-language' => 'zh-CN,zh;q=0.9',
  'cookie' => 'PHPSESSID=r13v3uarfmrdpshlt40oj6ass7',
)
[ info ] [ PARAM ] array (
  '/static/jquery-form/jquery_form_min_js_map' => '',
)
[ info ] [ CACHE ] INIT File
[ info ] [ DB ] INIT mysql
[ info ] [ BEHAVIOR ] Run app\common\behavior\Config @app_begin [ RunTime:0.030001s ]
[ info ] [ BEHAVIOR ] Run app\common\behavior\Hook @app_begin [ RunTime:0.020002s ]
[ info ] [ LOG ] INIT File
[ sql ] [ DB ] CONNECT:[ UseTime:0.001000s ] mysql:host=127.0.0.1;port=3306;dbname=dolphin;charset=utf8
[ sql ] [ SQL ] SHOW COLUMNS FROM `dp_admin_config` [ RunTime:0.004000s ]
[ sql ] [ SQL ] SELECT `name`,`value`,`type` FROM `dp_admin_config` [ RunTime:0.000000s ]
[ sql ] [ SQL ] SHOW COLUMNS FROM `dp_admin_module` [ RunTime:0.004000s ]
[ sql ] [ SQL ] SELECT `name`,`config` FROM `dp_admin_module` WHERE  `config` <> '' [ RunTime:0.001000s ]
[ sql ] [ SQL ] SHOW COLUMNS FROM `dp_admin_hook` [ RunTime:0.003000s ]
[ sql ] [ SQL ] SELECT `name`,`status` FROM `dp_admin_hook` WHERE  `status` = 1 [ RunTime:0.000000s ]
[ sql ] [ SQL ] SHOW COLUMNS FROM `dp_admin_plugin` [ RunTime:0.003000s ]
[ sql ] [ SQL ] SELECT `name`,`status` FROM `dp_admin_plugin` WHERE  `status` = 1 [ RunTime:0.001000s ]
[ sql ] [ SQL ] SHOW COLUMNS FROM `dp_admin_hook_plugin` [ RunTime:0.003000s ]
[ sql ] [ SQL ] SELECT * FROM `dp_admin_hook_plugin` WHERE  `status` = 1 ORDER BY hook,sort [ RunTime:0.000000s ]
---------------------------------------------------------------
[ 2018-01-20T11:48:59+08:00 ] 127.0.0.1 GET /user/release/index.html
[ info ] dev.dophin.local/user/release/index.html [运行时间：0.108006s][吞吐率：9.26req/s] [内存消耗：541.41kb] [文件加载：68]
[ info ] [ LANG ] D:\UPUPW\UPUPW_AP7.0_64\vhosts\dev.dophin.local\thinkphp\lang\zh-cn.php
[ info ] [ ROUTE ] array (
  'type' => 'module',
  'module' => 
  array (
    0 => 'user',
    1 => 'release',
    2 => 'index',
  ),
)
[ info ] [ HEADER ] array (
  'host' => 'dev.dophin.local',
  'connection' => 'keep-alive',
  'upgrade-insecure-requests' => '1',
  'user-agent' => 'Mozilla/5.0 (iPhone; CPU iPhone OS 9_1 like Mac OS X) AppleWebKit/601.1.46 (KHTML, like Gecko) Version/9.0 Mobile/13B143 Safari/601.1',
  'accept' => 'text/html,application/xhtml+xml,application/xml;q=0.9,image/webp,image/apng,*/*;q=0.8',
  'referer' => 'http://dev.dophin.local/user/release/index.html',
  'accept-encoding' => 'gzip, deflate',
  'accept-language' => 'zh-CN,zh;q=0.9',
  'cookie' => 'PHPSESSID=r13v3uarfmrdpshlt40oj6ass7',
)
[ info ] [ PARAM ] array (
  '/user/release/index_html' => '',
)
[ info ] [ CACHE ] INIT File
[ info ] [ DB ] INIT mysql
[ info ] [ BEHAVIOR ] Run app\common\behavior\Config @app_begin [ RunTime:0.025002s ]
[ info ] [ BEHAVIOR ] Run app\common\behavior\Hook @app_begin [ RunTime:0.021001s ]
[ info ] [ SESSION ] INIT array (
  'id' => '',
  'var_session_id' => '',
  'prefix' => 'dolphin_admin_',
  'type' => '',
  'auto_start' => true,
)
[ info ] [ RUN ] app\user\home\Release->index[ D:\UPUPW\UPUPW_AP7.0_64\vhosts\dev.dophin.local\application\user\home\Release.php ]
[ info ] [ VIEW ] D:\UPUPW\UPUPW_AP7.0_64\vhosts\dev.dophin.local\public/../application/user\view\release\index.html [ array (
) ]
[ info ] [ LOG ] INIT File
[ sql ] [ DB ] CONNECT:[ UseTime:0.000000s ] mysql:host=127.0.0.1;port=3306;dbname=dolphin;charset=utf8
[ sql ] [ SQL ] SHOW COLUMNS FROM `dp_admin_config` [ RunTime:0.004001s ]
[ sql ] [ SQL ] SELECT `name`,`value`,`type` FROM `dp_admin_config` [ RunTime:0.000000s ]
[ sql ] [ SQL ] SHOW COLUMNS FROM `dp_admin_module` [ RunTime:0.004000s ]
[ sql ] [ SQL ] SELECT `name`,`config` FROM `dp_admin_module` WHERE  `config` <> '' [ RunTime:0.000000s ]
[ sql ] [ SQL ] SHOW COLUMNS FROM `dp_admin_hook` [ RunTime:0.004000s ]
[ sql ] [ SQL ] SELECT `name`,`status` FROM `dp_admin_hook` WHERE  `status` = 1 [ RunTime:0.000000s ]
[ sql ] [ SQL ] SHOW COLUMNS FROM `dp_admin_plugin` [ RunTime:0.003000s ]
[ sql ] [ SQL ] SELECT `name`,`status` FROM `dp_admin_plugin` WHERE  `status` = 1 [ RunTime:0.001000s ]
[ sql ] [ SQL ] SHOW COLUMNS FROM `dp_admin_hook_plugin` [ RunTime:0.004000s ]
[ sql ] [ SQL ] SELECT * FROM `dp_admin_hook_plugin` WHERE  `status` = 1 ORDER BY hook,sort [ RunTime:0.000000s ]
---------------------------------------------------------------
[ 2018-01-20T11:49:00+08:00 ] 127.0.0.1 GET /static/jquery-form/jquery.form.min.js.map
[ info ] dev.dophin.local/static/jquery-form/jquery.form.min.js.map [运行时间：0.133008s][吞吐率：7.52req/s] [内存消耗：496.61kb] [文件加载：59]
[ info ] [ LANG ] D:\UPUPW\UPUPW_AP7.0_64\vhosts\dev.dophin.local\thinkphp\lang\zh-cn.php
[ info ] [ ROUTE ] array (
  'type' => 'module',
  'module' => 
  array (
    0 => 'static',
    1 => 'jquery-form',
    2 => 'jquery.form.min.js.map',
  ),
)
[ info ] [ HEADER ] array (
  'host' => 'dev.dophin.local',
  'connection' => 'keep-alive',
  'user-agent' => 'Mozilla/5.0 (iPhone; CPU iPhone OS 9_1 like Mac OS X) AppleWebKit/601.1.46 (KHTML, like Gecko) Version/9.0 Mobile/13B143 Safari/601.1',
  'accept-encoding' => 'gzip, deflate',
  'accept-language' => 'zh-CN,zh;q=0.9',
  'cookie' => 'PHPSESSID=r13v3uarfmrdpshlt40oj6ass7',
)
[ info ] [ PARAM ] array (
  '/static/jquery-form/jquery_form_min_js_map' => '',
)
[ info ] [ CACHE ] INIT File
[ info ] [ DB ] INIT mysql
[ info ] [ BEHAVIOR ] Run app\common\behavior\Config @app_begin [ RunTime:0.048002s ]
[ info ] [ BEHAVIOR ] Run app\common\behavior\Hook @app_begin [ RunTime:0.031002s ]
[ info ] [ LOG ] INIT File
[ sql ] [ DB ] CONNECT:[ UseTime:0.001000s ] mysql:host=127.0.0.1;port=3306;dbname=dolphin;charset=utf8
[ sql ] [ SQL ] SHOW COLUMNS FROM `dp_admin_config` [ RunTime:0.005001s ]
[ sql ] [ SQL ] SELECT `name`,`value`,`type` FROM `dp_admin_config` [ RunTime:0.000000s ]
[ sql ] [ SQL ] SHOW COLUMNS FROM `dp_admin_module` [ RunTime:0.008000s ]
[ sql ] [ SQL ] SELECT `name`,`config` FROM `dp_admin_module` WHERE  `config` <> '' [ RunTime:0.002000s ]
[ sql ] [ SQL ] SHOW COLUMNS FROM `dp_admin_hook` [ RunTime:0.004000s ]
[ sql ] [ SQL ] SELECT `name`,`status` FROM `dp_admin_hook` WHERE  `status` = 1 [ RunTime:0.000000s ]
[ sql ] [ SQL ] SHOW COLUMNS FROM `dp_admin_plugin` [ RunTime:0.004000s ]
[ sql ] [ SQL ] SELECT `name`,`status` FROM `dp_admin_plugin` WHERE  `status` = 1 [ RunTime:0.000000s ]
[ sql ] [ SQL ] SHOW COLUMNS FROM `dp_admin_hook_plugin` [ RunTime:0.006000s ]
[ sql ] [ SQL ] SELECT * FROM `dp_admin_hook_plugin` WHERE  `status` = 1 ORDER BY hook,sort [ RunTime:0.001000s ]
---------------------------------------------------------------
[ 2018-01-20T11:49:03+08:00 ] 127.0.0.1 GET /index/index/index.html
[ info ] dev.dophin.local/index/index/index.html [运行时间：0.187011s][吞吐率：5.35req/s] [内存消耗：563.63kb] [文件加载：67]
[ info ] [ LANG ] D:\UPUPW\UPUPW_AP7.0_64\vhosts\dev.dophin.local\thinkphp\lang\zh-cn.php
[ info ] [ ROUTE ] array (
  'type' => 'module',
  'module' => 
  array (
    0 => 'index',
    1 => 'index',
    2 => 'index',
  ),
)
[ info ] [ HEADER ] array (
  'host' => 'dev.dophin.local',
  'connection' => 'keep-alive',
  'upgrade-insecure-requests' => '1',
  'user-agent' => 'Mozilla/5.0 (iPhone; CPU iPhone OS 9_1 like Mac OS X) AppleWebKit/601.1.46 (KHTML, like Gecko) Version/9.0 Mobile/13B143 Safari/601.1',
  'accept' => 'text/html,application/xhtml+xml,application/xml;q=0.9,image/webp,image/apng,*/*;q=0.8',
  'referer' => 'http://dev.dophin.local/user/release/index.html',
  'accept-encoding' => 'gzip, deflate',
  'accept-language' => 'zh-CN,zh;q=0.9',
  'cookie' => 'PHPSESSID=r13v3uarfmrdpshlt40oj6ass7',
)
[ info ] [ PARAM ] array (
  '/index/index/index_html' => '',
)
[ info ] [ CACHE ] INIT File
[ info ] [ DB ] INIT mysql
[ info ] [ BEHAVIOR ] Run app\common\behavior\Config @app_begin [ RunTime:0.043002s ]
[ info ] [ BEHAVIOR ] Run app\common\behavior\Hook @app_begin [ RunTime:0.047003s ]
[ info ] [ RUN ] app\index\controller\Index->index[ D:\UPUPW\UPUPW_AP7.0_64\vhosts\dev.dophin.local\application\index\controller\Index.php ]
[ info ] [ VIEW ] D:\UPUPW\UPUPW_AP7.0_64\vhosts\dev.dophin.local\public/../application/index\view\index\index.html [ array (
  0 => 'bindphone',
  1 => 'name',
) ]
[ info ] [ LOG ] INIT File
[ sql ] [ DB ] CONNECT:[ UseTime:0.001000s ] mysql:host=127.0.0.1;port=3306;dbname=dolphin;charset=utf8
[ sql ] [ SQL ] SHOW COLUMNS FROM `dp_admin_config` [ RunTime:0.011000s ]
[ sql ] [ SQL ] SELECT `name`,`value`,`type` FROM `dp_admin_config` [ RunTime:0.000000s ]
[ sql ] [ SQL ] SHOW COLUMNS FROM `dp_admin_module` [ RunTime:0.011000s ]
[ sql ] [ SQL ] SELECT `name`,`config` FROM `dp_admin_module` WHERE  `config` <> '' [ RunTime:0.000000s ]
[ sql ] [ SQL ] SHOW COLUMNS FROM `dp_admin_hook` [ RunTime:0.011000s ]
[ sql ] [ SQL ] SELECT `name`,`status` FROM `dp_admin_hook` WHERE  `status` = 1 [ RunTime:0.001000s ]
[ sql ] [ SQL ] SHOW COLUMNS FROM `dp_admin_plugin` [ RunTime:0.010001s ]
[ sql ] [ SQL ] SELECT `name`,`status` FROM `dp_admin_plugin` WHERE  `status` = 1 [ RunTime:0.000000s ]
[ sql ] [ SQL ] SHOW COLUMNS FROM `dp_admin_hook_plugin` [ RunTime:0.013001s ]
[ sql ] [ SQL ] SELECT * FROM `dp_admin_hook_plugin` WHERE  `status` = 1 ORDER BY hook,sort [ RunTime:0.000000s ]
[ sql ] [ SQL ] SHOW COLUMNS FROM `dp_user` [ RunTime:0.011001s ]
[ sql ] [ SQL ] SELECT * FROM `dp_user` WHERE  (  is_escort=1 ) [ RunTime:0.001000s ]
---------------------------------------------------------------
[ 2018-01-20T11:49:04+08:00 ] 127.0.0.1 GET /user/index/index.html
[ info ] dev.dophin.local/user/index/index.html [运行时间：0.155009s][吞吐率：6.45req/s] [内存消耗：683.58kb] [文件加载：72]
[ info ] [ LANG ] D:\UPUPW\UPUPW_AP7.0_64\vhosts\dev.dophin.local\thinkphp\lang\zh-cn.php
[ info ] [ ROUTE ] array (
  'type' => 'module',
  'module' => 
  array (
    0 => 'user',
    1 => 'index',
    2 => 'index',
  ),
)
[ info ] [ HEADER ] array (
  'host' => 'dev.dophin.local',
  'connection' => 'keep-alive',
  'upgrade-insecure-requests' => '1',
  'user-agent' => 'Mozilla/5.0 (iPhone; CPU iPhone OS 9_1 like Mac OS X) AppleWebKit/601.1.46 (KHTML, like Gecko) Version/9.0 Mobile/13B143 Safari/601.1',
  'accept' => 'text/html,application/xhtml+xml,application/xml;q=0.9,image/webp,image/apng,*/*;q=0.8',
  'referer' => 'http://dev.dophin.local/index/index/index.html',
  'accept-encoding' => 'gzip, deflate',
  'accept-language' => 'zh-CN,zh;q=0.9',
  'cookie' => 'PHPSESSID=r13v3uarfmrdpshlt40oj6ass7',
)
[ info ] [ PARAM ] array (
  '/user/index/index_html' => '',
)
[ info ] [ CACHE ] INIT File
[ info ] [ DB ] INIT mysql
[ info ] [ BEHAVIOR ] Run app\common\behavior\Config @app_begin [ RunTime:0.036002s ]
[ info ] [ BEHAVIOR ] Run app\common\behavior\Hook @app_begin [ RunTime:0.035002s ]
[ info ] [ SESSION ] INIT array (
  'id' => '',
  'var_session_id' => '',
  'prefix' => 'dolphin_admin_',
  'type' => '',
  'auto_start' => true,
)
[ info ] [ RUN ] app\user\home\Index->index[ D:\UPUPW\UPUPW_AP7.0_64\vhosts\dev.dophin.local\application\user\home\Index.php ]
[ info ] [ VIEW ] D:\UPUPW\UPUPW_AP7.0_64\vhosts\dev.dophin.local\public/../application/user\view\index\index.html [ array (
  0 => 'user_base_info',
) ]
[ info ] [ LOG ] INIT File
[ sql ] [ DB ] CONNECT:[ UseTime:0.001000s ] mysql:host=127.0.0.1;port=3306;dbname=dolphin;charset=utf8
[ sql ] [ SQL ] SHOW COLUMNS FROM `dp_admin_config` [ RunTime:0.009000s ]
[ sql ] [ SQL ] SELECT `name`,`value`,`type` FROM `dp_admin_config` [ RunTime:0.000000s ]
[ sql ] [ SQL ] SHOW COLUMNS FROM `dp_admin_module` [ RunTime:0.011001s ]
[ sql ] [ SQL ] SELECT `name`,`config` FROM `dp_admin_module` WHERE  `config` <> '' [ RunTime:0.000000s ]
[ sql ] [ SQL ] SHOW COLUMNS FROM `dp_admin_hook` [ RunTime:0.007001s ]
[ sql ] [ SQL ] SELECT `name`,`status` FROM `dp_admin_hook` WHERE  `status` = 1 [ RunTime:0.001000s ]
[ sql ] [ SQL ] SHOW COLUMNS FROM `dp_admin_plugin` [ RunTime:0.008000s ]
[ sql ] [ SQL ] SELECT `name`,`status` FROM `dp_admin_plugin` WHERE  `status` = 1 [ RunTime:0.000000s ]
[ sql ] [ SQL ] SHOW COLUMNS FROM `dp_admin_hook_plugin` [ RunTime:0.010001s ]
[ sql ] [ SQL ] SELECT * FROM `dp_admin_hook_plugin` WHERE  `status` = 1 ORDER BY hook,sort [ RunTime:0.000000s ]
[ sql ] [ SQL ] SHOW COLUMNS FROM `dp_user_video` [ RunTime:0.010001s ]
[ sql ] [ SQL ] SHOW COLUMNS FROM `dp_user` [ RunTime:0.010000s ]
[ sql ] [ SQL ] SELECT count(DISTINCT attention.id) as attention_num,count(DISTINCT attentioned.id) as attentioned_num,`img`.`img_num`,`video`.`video_num`,`User`.`nickname`,`User`.`head_img`,`User`.`sys_id`,`User`.`id`,`User`.`sex` FROM `dp_user` `User` LEFT JOIN `dp_user_attention` `attention` ON `attention`.`user_followid`=`User`.`id` LEFT JOIN `dp_user_attention` `attentioned` ON `attentioned`.`user_id`=`User`.`id` LEFT JOIN ( SELECT `uid`,count(id) as  img_num FROM `dp_user_video` WHERE  (  video_type=1 ) GROUP BY `video_type` ) `img` ON `img`.`uid`=`User`.`id` LEFT JOIN ( SELECT `uid`,count(id) as  video_num FROM `dp_user_video` WHERE  (  video_type=2 ) GROUP BY `video_type` ) `video` ON `video`.`uid`=`User`.`id` WHERE  `User`.`id` = 2 GROUP BY `User`.`id` LIMIT 1 [ RunTime:0.001000s ]
---------------------------------------------------------------
[ 2018-01-20T11:49:04+08:00 ] 127.0.0.1 GET /static/jquery-form/jquery.form.min.js.map
[ info ] dev.dophin.local/static/jquery-form/jquery.form.min.js.map [运行时间：0.160009s][吞吐率：6.25req/s] [内存消耗：496.61kb] [文件加载：59]
[ info ] [ LANG ] D:\UPUPW\UPUPW_AP7.0_64\vhosts\dev.dophin.local\thinkphp\lang\zh-cn.php
[ info ] [ ROUTE ] array (
  'type' => 'module',
  'module' => 
  array (
    0 => 'static',
    1 => 'jquery-form',
    2 => 'jquery.form.min.js.map',
  ),
)
[ info ] [ HEADER ] array (
  'host' => 'dev.dophin.local',
  'connection' => 'keep-alive',
  'user-agent' => 'Mozilla/5.0 (iPhone; CPU iPhone OS 9_1 like Mac OS X) AppleWebKit/601.1.46 (KHTML, like Gecko) Version/9.0 Mobile/13B143 Safari/601.1',
  'accept-encoding' => 'gzip, deflate',
  'accept-language' => 'zh-CN,zh;q=0.9',
  'cookie' => 'PHPSESSID=r13v3uarfmrdpshlt40oj6ass7',
)
[ info ] [ PARAM ] array (
  '/static/jquery-form/jquery_form_min_js_map' => '',
)
[ info ] [ CACHE ] INIT File
[ info ] [ DB ] INIT mysql
[ info ] [ BEHAVIOR ] Run app\common\behavior\Config @app_begin [ RunTime:0.055003s ]
[ info ] [ BEHAVIOR ] Run app\common\behavior\Hook @app_begin [ RunTime:0.053003s ]
[ info ] [ LOG ] INIT File
[ sql ] [ DB ] CONNECT:[ UseTime:0.000000s ] mysql:host=127.0.0.1;port=3306;dbname=dolphin;charset=utf8
[ sql ] [ SQL ] SHOW COLUMNS FROM `dp_admin_config` [ RunTime:0.014001s ]
[ sql ] [ SQL ] SELECT `name`,`value`,`type` FROM `dp_admin_config` [ RunTime:0.001000s ]
[ sql ] [ SQL ] SHOW COLUMNS FROM `dp_admin_module` [ RunTime:0.015001s ]
[ sql ] [ SQL ] SELECT `name`,`config` FROM `dp_admin_module` WHERE  `config` <> '' [ RunTime:0.000000s ]
[ sql ] [ SQL ] SHOW COLUMNS FROM `dp_admin_hook` [ RunTime:0.014001s ]
[ sql ] [ SQL ] SELECT `name`,`status` FROM `dp_admin_hook` WHERE  `status` = 1 [ RunTime:0.000000s ]
[ sql ] [ SQL ] SHOW COLUMNS FROM `dp_admin_plugin` [ RunTime:0.012001s ]
[ sql ] [ SQL ] SELECT `name`,`status` FROM `dp_admin_plugin` WHERE  `status` = 1 [ RunTime:0.001000s ]
[ sql ] [ SQL ] SHOW COLUMNS FROM `dp_admin_hook_plugin` [ RunTime:0.014001s ]
[ sql ] [ SQL ] SELECT * FROM `dp_admin_hook_plugin` WHERE  `status` = 1 ORDER BY hook,sort [ RunTime:0.001000s ]
---------------------------------------------------------------
[ 2018-01-20T11:49:07+08:00 ] 127.0.0.1 GET /user/become_escort/index.html
[ info ] dev.dophin.local/user/become_escort/index.html [运行时间：0.215012s][吞吐率：4.65req/s] [内存消耗：1,019.13kb] [文件加载：86]
[ info ] [ LANG ] D:\UPUPW\UPUPW_AP7.0_64\vhosts\dev.dophin.local\thinkphp\lang\zh-cn.php
[ info ] [ ROUTE ] array (
  'type' => 'module',
  'module' => 
  array (
    0 => 'user',
    1 => 'become_escort',
    2 => 'index',
  ),
)
[ info ] [ HEADER ] array (
  'host' => 'dev.dophin.local',
  'connection' => 'keep-alive',
  'upgrade-insecure-requests' => '1',
  'user-agent' => 'Mozilla/5.0 (iPhone; CPU iPhone OS 9_1 like Mac OS X) AppleWebKit/601.1.46 (KHTML, like Gecko) Version/9.0 Mobile/13B143 Safari/601.1',
  'accept' => 'text/html,application/xhtml+xml,application/xml;q=0.9,image/webp,image/apng,*/*;q=0.8',
  'referer' => 'http://dev.dophin.local/user/index/index.html',
  'accept-encoding' => 'gzip, deflate',
  'accept-language' => 'zh-CN,zh;q=0.9',
  'cookie' => 'PHPSESSID=r13v3uarfmrdpshlt40oj6ass7',
)
[ info ] [ PARAM ] array (
  '/user/become_escort/index_html' => '',
)
[ info ] [ CACHE ] INIT File
[ info ] [ DB ] INIT mysql
[ info ] [ BEHAVIOR ] Run app\common\behavior\Config @app_begin [ RunTime:0.052003s ]
[ info ] [ BEHAVIOR ] Run app\common\behavior\Hook @app_begin [ RunTime:0.042002s ]
[ info ] [ SESSION ] INIT array (
  'id' => '',
  'var_session_id' => '',
  'prefix' => 'dolphin_admin_',
  'type' => '',
  'auto_start' => true,
)
[ info ] [ RUN ] app\user\home\BecomeEscort->index[ D:\UPUPW\UPUPW_AP7.0_64\vhosts\dev.dophin.local\application\user\home\BecomeEscort.php ]
[ info ] [ VIEW ] D:\UPUPW\UPUPW_AP7.0_64\vhosts\dev.dophin.local\public/../application/user\view\become_escort\index.html [ array (
  0 => 'url_root',
  1 => 'data',
  2 => 'type',
  3 => 'forgetPass',
) ]
[ info ] [ LOG ] INIT File
[ sql ] [ DB ] CONNECT:[ UseTime:0.010001s ] mysql:host=127.0.0.1;port=3306;dbname=dolphin;charset=utf8
[ sql ] [ SQL ] SHOW COLUMNS FROM `dp_admin_config` [ RunTime:0.014001s ]
[ sql ] [ SQL ] SELECT `name`,`value`,`type` FROM `dp_admin_config` [ RunTime:0.001000s ]
[ sql ] [ SQL ] SHOW COLUMNS FROM `dp_admin_module` [ RunTime:0.011001s ]
[ sql ] [ SQL ] SELECT `name`,`config` FROM `dp_admin_module` WHERE  `config` <> '' [ RunTime:0.000000s ]
[ sql ] [ SQL ] SHOW COLUMNS FROM `dp_admin_hook` [ RunTime:0.009000s ]
[ sql ] [ SQL ] SELECT `name`,`status` FROM `dp_admin_hook` WHERE  `status` = 1 [ RunTime:0.001001s ]
[ sql ] [ SQL ] SHOW COLUMNS FROM `dp_admin_plugin` [ RunTime:0.011000s ]
[ sql ] [ SQL ] SELECT `name`,`status` FROM `dp_admin_plugin` WHERE  `status` = 1 [ RunTime:0.001000s ]
[ sql ] [ SQL ] SHOW COLUMNS FROM `dp_admin_hook_plugin` [ RunTime:0.011001s ]
[ sql ] [ SQL ] SELECT * FROM `dp_admin_hook_plugin` WHERE  `status` = 1 ORDER BY hook,sort [ RunTime:0.000000s ]
[ sql ] [ SQL ] SHOW COLUMNS FROM `dp_user` [ RunTime:0.011001s ]
[ sql ] [ SQL ] SELECT * FROM `dp_user` WHERE  `id` = 2 LIMIT 1 [ RunTime:0.000000s ]
[ sql ] [ SQL ] SHOW COLUMNS FROM `dp_user_identity` [ RunTime:0.008000s ]
[ sql ] [ SQL ] SELECT * FROM `dp_user_identity` WHERE  `uid` = 2 LIMIT 1 [ RunTime:0.001000s ]
---------------------------------------------------------------
[ 2018-01-20T11:49:07+08:00 ] 127.0.0.1 GET /static/jquery-form/jquery.form.min.js.map
[ info ] dev.dophin.local/static/jquery-form/jquery.form.min.js.map [运行时间：0.160009s][吞吐率：6.25req/s] [内存消耗：496.61kb] [文件加载：59]
[ info ] [ LANG ] D:\UPUPW\UPUPW_AP7.0_64\vhosts\dev.dophin.local\thinkphp\lang\zh-cn.php
[ info ] [ ROUTE ] array (
  'type' => 'module',
  'module' => 
  array (
    0 => 'static',
    1 => 'jquery-form',
    2 => 'jquery.form.min.js.map',
  ),
)
[ info ] [ HEADER ] array (
  'host' => 'dev.dophin.local',
  'connection' => 'keep-alive',
  'user-agent' => 'Mozilla/5.0 (iPhone; CPU iPhone OS 9_1 like Mac OS X) AppleWebKit/601.1.46 (KHTML, like Gecko) Version/9.0 Mobile/13B143 Safari/601.1',
  'accept-encoding' => 'gzip, deflate',
  'accept-language' => 'zh-CN,zh;q=0.9',
  'cookie' => 'PHPSESSID=r13v3uarfmrdpshlt40oj6ass7',
)
[ info ] [ PARAM ] array (
  '/static/jquery-form/jquery_form_min_js_map' => '',
)
[ info ] [ CACHE ] INIT File
[ info ] [ DB ] INIT mysql
[ info ] [ BEHAVIOR ] Run app\common\behavior\Config @app_begin [ RunTime:0.057003s ]
[ info ] [ BEHAVIOR ] Run app\common\behavior\Hook @app_begin [ RunTime:0.054004s ]
[ info ] [ LOG ] INIT File
[ sql ] [ DB ] CONNECT:[ UseTime:0.001001s ] mysql:host=127.0.0.1;port=3306;dbname=dolphin;charset=utf8
[ sql ] [ SQL ] SHOW COLUMNS FROM `dp_admin_config` [ RunTime:0.015000s ]
[ sql ] [ SQL ] SELECT `name`,`value`,`type` FROM `dp_admin_config` [ RunTime:0.001000s ]
[ sql ] [ SQL ] SHOW COLUMNS FROM `dp_admin_module` [ RunTime:0.015000s ]
[ sql ] [ SQL ] SELECT `name`,`config` FROM `dp_admin_module` WHERE  `config` <> '' [ RunTime:0.000000s ]
[ sql ] [ SQL ] SHOW COLUMNS FROM `dp_admin_hook` [ RunTime:0.013001s ]
[ sql ] [ SQL ] SELECT `name`,`status` FROM `dp_admin_hook` WHERE  `status` = 1 [ RunTime:0.001000s ]
[ sql ] [ SQL ] SHOW COLUMNS FROM `dp_admin_plugin` [ RunTime:0.014001s ]
[ sql ] [ SQL ] SELECT `name`,`status` FROM `dp_admin_plugin` WHERE  `status` = 1 [ RunTime:0.001000s ]
[ sql ] [ SQL ] SHOW COLUMNS FROM `dp_admin_hook_plugin` [ RunTime:0.015000s ]
[ sql ] [ SQL ] SELECT * FROM `dp_admin_hook_plugin` WHERE  `status` = 1 ORDER BY hook,sort [ RunTime:0.001001s ]
---------------------------------------------------------------
[ 2018-01-20T11:49:09+08:00 ] 127.0.0.1 GET /user/index/index.html
[ info ] dev.dophin.local/user/index/index.html [运行时间：0.163009s][吞吐率：6.13req/s] [内存消耗：588.38kb] [文件加载：70]
[ info ] [ LANG ] D:\UPUPW\UPUPW_AP7.0_64\vhosts\dev.dophin.local\thinkphp\lang\zh-cn.php
[ info ] [ ROUTE ] array (
  'type' => 'module',
  'module' => 
  array (
    0 => 'user',
    1 => 'index',
    2 => 'index',
  ),
)
[ info ] [ HEADER ] array (
  'host' => 'dev.dophin.local',
  'connection' => 'keep-alive',
  'user-agent' => 'Mozilla/5.0 (iPhone; CPU iPhone OS 9_1 like Mac OS X) AppleWebKit/601.1.46 (KHTML, like Gecko) Version/9.0 Mobile/13B143 Safari/601.1',
  'upgrade-insecure-requests' => '1',
  'accept' => 'text/html,application/xhtml+xml,application/xml;q=0.9,image/webp,image/apng,*/*;q=0.8',
  'referer' => 'http://dev.dophin.local/index/index/index.html',
  'accept-encoding' => 'gzip, deflate',
  'accept-language' => 'zh-CN,zh;q=0.9',
  'cookie' => 'PHPSESSID=r13v3uarfmrdpshlt40oj6ass7',
)
[ info ] [ PARAM ] array (
  '/user/index/index_html' => '',
)
[ info ] [ CACHE ] INIT File
[ info ] [ DB ] INIT mysql
[ info ] [ BEHAVIOR ] Run app\common\behavior\Config @app_begin [ RunTime:0.045003s ]
[ info ] [ BEHAVIOR ] Run app\common\behavior\Hook @app_begin [ RunTime:0.035002s ]
[ info ] [ SESSION ] INIT array (
  'id' => '',
  'var_session_id' => '',
  'prefix' => 'dolphin_admin_',
  'type' => '',
  'auto_start' => true,
)
[ info ] [ RUN ] app\user\home\Index->index[ D:\UPUPW\UPUPW_AP7.0_64\vhosts\dev.dophin.local\application\user\home\Index.php ]
[ info ] [ VIEW ] D:\UPUPW\UPUPW_AP7.0_64\vhosts\dev.dophin.local\public/../application/user\view\index\index.html [ array (
  0 => 'user_base_info',
) ]
[ info ] [ LOG ] INIT File
[ sql ] [ DB ] CONNECT:[ UseTime:0.011001s ] mysql:host=127.0.0.1;port=3306;dbname=dolphin;charset=utf8
[ sql ] [ SQL ] SHOW COLUMNS FROM `dp_admin_config` [ RunTime:0.010000s ]
[ sql ] [ SQL ] SELECT `name`,`value`,`type` FROM `dp_admin_config` [ RunTime:0.000000s ]
[ sql ] [ SQL ] SHOW COLUMNS FROM `dp_admin_module` [ RunTime:0.009001s ]
[ sql ] [ SQL ] SELECT `name`,`config` FROM `dp_admin_module` WHERE  `config` <> '' [ RunTime:0.000000s ]
[ sql ] [ SQL ] SHOW COLUMNS FROM `dp_admin_hook` [ RunTime:0.008001s ]
[ sql ] [ SQL ] SELECT `name`,`status` FROM `dp_admin_hook` WHERE  `status` = 1 [ RunTime:0.000000s ]
[ sql ] [ SQL ] SHOW COLUMNS FROM `dp_admin_plugin` [ RunTime:0.009000s ]
[ sql ] [ SQL ] SELECT `name`,`status` FROM `dp_admin_plugin` WHERE  `status` = 1 [ RunTime:0.001000s ]
[ sql ] [ SQL ] SHOW COLUMNS FROM `dp_admin_hook_plugin` [ RunTime:0.007000s ]
[ sql ] [ SQL ] SELECT * FROM `dp_admin_hook_plugin` WHERE  `status` = 1 ORDER BY hook,sort [ RunTime:0.001000s ]
[ sql ] [ SQL ] SHOW COLUMNS FROM `dp_user_video` [ RunTime:0.009001s ]
[ sql ] [ SQL ] SHOW COLUMNS FROM `dp_user` [ RunTime:0.010000s ]
[ sql ] [ SQL ] SELECT count(DISTINCT attention.id) as attention_num,count(DISTINCT attentioned.id) as attentioned_num,`img`.`img_num`,`video`.`video_num`,`User`.`nickname`,`User`.`head_img`,`User`.`sys_id`,`User`.`id`,`User`.`sex` FROM `dp_user` `User` LEFT JOIN `dp_user_attention` `attention` ON `attention`.`user_followid`=`User`.`id` LEFT JOIN `dp_user_attention` `attentioned` ON `attentioned`.`user_id`=`User`.`id` LEFT JOIN ( SELECT `uid`,count(id) as  img_num FROM `dp_user_video` WHERE  (  video_type=1 ) GROUP BY `video_type` ) `img` ON `img`.`uid`=`User`.`id` LEFT JOIN ( SELECT `uid`,count(id) as  video_num FROM `dp_user_video` WHERE  (  video_type=2 ) GROUP BY `video_type` ) `video` ON `video`.`uid`=`User`.`id` WHERE  `User`.`id` = 2 GROUP BY `User`.`id` LIMIT 1 [ RunTime:0.000000s ]
---------------------------------------------------------------
[ 2018-01-20T11:49:09+08:00 ] 127.0.0.1 GET /static/jquery-form/jquery.form.min.js.map
[ info ] dev.dophin.local/static/jquery-form/jquery.form.min.js.map [运行时间：0.150008s][吞吐率：6.67req/s] [内存消耗：496.61kb] [文件加载：59]
[ info ] [ LANG ] D:\UPUPW\UPUPW_AP7.0_64\vhosts\dev.dophin.local\thinkphp\lang\zh-cn.php
[ info ] [ ROUTE ] array (
  'type' => 'module',
  'module' => 
  array (
    0 => 'static',
    1 => 'jquery-form',
    2 => 'jquery.form.min.js.map',
  ),
)
[ info ] [ HEADER ] array (
  'host' => 'dev.dophin.local',
  'connection' => 'keep-alive',
  'user-agent' => 'Mozilla/5.0 (iPhone; CPU iPhone OS 9_1 like Mac OS X) AppleWebKit/601.1.46 (KHTML, like Gecko) Version/9.0 Mobile/13B143 Safari/601.1',
  'accept-encoding' => 'gzip, deflate',
  'accept-language' => 'zh-CN,zh;q=0.9',
  'cookie' => 'PHPSESSID=r13v3uarfmrdpshlt40oj6ass7',
)
[ info ] [ PARAM ] array (
  '/static/jquery-form/jquery_form_min_js_map' => '',
)
[ info ] [ CACHE ] INIT File
[ info ] [ DB ] INIT mysql
[ info ] [ BEHAVIOR ] Run app\common\behavior\Config @app_begin [ RunTime:0.051003s ]
[ info ] [ BEHAVIOR ] Run app\common\behavior\Hook @app_begin [ RunTime:0.044003s ]
[ info ] [ LOG ] INIT File
[ sql ] [ DB ] CONNECT:[ UseTime:0.001000s ] mysql:host=127.0.0.1;port=3306;dbname=dolphin;charset=utf8
[ sql ] [ SQL ] SHOW COLUMNS FROM `dp_admin_config` [ RunTime:0.014001s ]
[ sql ] [ SQL ] SELECT `name`,`value`,`type` FROM `dp_admin_config` [ RunTime:0.000000s ]
[ sql ] [ SQL ] SHOW COLUMNS FROM `dp_admin_module` [ RunTime:0.012000s ]
[ sql ] [ SQL ] SELECT `name`,`config` FROM `dp_admin_module` WHERE  `config` <> '' [ RunTime:0.000000s ]
[ sql ] [ SQL ] SHOW COLUMNS FROM `dp_admin_hook` [ RunTime:0.012000s ]
[ sql ] [ SQL ] SELECT `name`,`status` FROM `dp_admin_hook` WHERE  `status` = 1 [ RunTime:0.000000s ]
[ sql ] [ SQL ] SHOW COLUMNS FROM `dp_admin_plugin` [ RunTime:0.011001s ]
[ sql ] [ SQL ] SELECT `name`,`status` FROM `dp_admin_plugin` WHERE  `status` = 1 [ RunTime:0.001000s ]
[ sql ] [ SQL ] SHOW COLUMNS FROM `dp_admin_hook_plugin` [ RunTime:0.012001s ]
[ sql ] [ SQL ] SELECT * FROM `dp_admin_hook_plugin` WHERE  `status` = 1 ORDER BY hook,sort [ RunTime:0.000000s ]
---------------------------------------------------------------
[ 2018-01-20T11:49:10+08:00 ] 127.0.0.1 GET /user/index/index.html
[ info ] dev.dophin.local/user/index/index.html [运行时间：0.170010s][吞吐率：5.88req/s] [内存消耗：587.26kb] [文件加载：70]
[ info ] [ LANG ] D:\UPUPW\UPUPW_AP7.0_64\vhosts\dev.dophin.local\thinkphp\lang\zh-cn.php
[ info ] [ ROUTE ] array (
  'type' => 'module',
  'module' => 
  array (
    0 => 'user',
    1 => 'index',
    2 => 'index',
  ),
)
[ info ] [ HEADER ] array (
  'host' => 'dev.dophin.local',
  'connection' => 'keep-alive',
  'upgrade-insecure-requests' => '1',
  'user-agent' => 'Mozilla/5.0 (iPhone; CPU iPhone OS 9_1 like Mac OS X) AppleWebKit/601.1.46 (KHTML, like Gecko) Version/9.0 Mobile/13B143 Safari/601.1',
  'accept' => 'text/html,application/xhtml+xml,application/xml;q=0.9,image/webp,image/apng,*/*;q=0.8',
  'referer' => 'http://dev.dophin.local/user/index/index.html',
  'accept-encoding' => 'gzip, deflate',
  'accept-language' => 'zh-CN,zh;q=0.9',
  'cookie' => 'PHPSESSID=r13v3uarfmrdpshlt40oj6ass7',
)
[ info ] [ PARAM ] array (
  '/user/index/index_html' => '',
)
[ info ] [ CACHE ] INIT File
[ info ] [ DB ] INIT mysql
[ info ] [ BEHAVIOR ] Run app\common\behavior\Config @app_begin [ RunTime:0.043002s ]
[ info ] [ BEHAVIOR ] Run app\common\behavior\Hook @app_begin [ RunTime:0.046003s ]
[ info ] [ SESSION ] INIT array (
  'id' => '',
  'var_session_id' => '',
  'prefix' => 'dolphin_admin_',
  'type' => '',
  'auto_start' => true,
)
[ info ] [ RUN ] app\user\home\Index->index[ D:\UPUPW\UPUPW_AP7.0_64\vhosts\dev.dophin.local\application\user\home\Index.php ]
[ info ] [ VIEW ] D:\UPUPW\UPUPW_AP7.0_64\vhosts\dev.dophin.local\public/../application/user\view\index\index.html [ array (
  0 => 'user_base_info',
) ]
[ info ] [ LOG ] INIT File
[ sql ] [ DB ] CONNECT:[ UseTime:0.010001s ] mysql:host=127.0.0.1;port=3306;dbname=dolphin;charset=utf8
[ sql ] [ SQL ] SHOW COLUMNS FROM `dp_admin_config` [ RunTime:0.006000s ]
[ sql ] [ SQL ] SELECT `name`,`value`,`type` FROM `dp_admin_config` [ RunTime:0.001000s ]
[ sql ] [ SQL ] SHOW COLUMNS FROM `dp_admin_module` [ RunTime:0.010000s ]
[ sql ] [ SQL ] SELECT `name`,`config` FROM `dp_admin_module` WHERE  `config` <> '' [ RunTime:0.000000s ]
[ sql ] [ SQL ] SHOW COLUMNS FROM `dp_admin_hook` [ RunTime:0.011000s ]
[ sql ] [ SQL ] SELECT `name`,`status` FROM `dp_admin_hook` WHERE  `status` = 1 [ RunTime:0.000000s ]
[ sql ] [ SQL ] SHOW COLUMNS FROM `dp_admin_plugin` [ RunTime:0.011001s ]
[ sql ] [ SQL ] SELECT `name`,`status` FROM `dp_admin_plugin` WHERE  `status` = 1 [ RunTime:0.000000s ]
[ sql ] [ SQL ] SHOW COLUMNS FROM `dp_admin_hook_plugin` [ RunTime:0.011001s ]
[ sql ] [ SQL ] SELECT * FROM `dp_admin_hook_plugin` WHERE  `status` = 1 ORDER BY hook,sort [ RunTime:0.000000s ]
[ sql ] [ SQL ] SHOW COLUMNS FROM `dp_user_video` [ RunTime:0.012001s ]
[ sql ] [ SQL ] SHOW COLUMNS FROM `dp_user` [ RunTime:0.012000s ]
[ sql ] [ SQL ] SELECT count(DISTINCT attention.id) as attention_num,count(DISTINCT attentioned.id) as attentioned_num,`img`.`img_num`,`video`.`video_num`,`User`.`nickname`,`User`.`head_img`,`User`.`sys_id`,`User`.`id`,`User`.`sex` FROM `dp_user` `User` LEFT JOIN `dp_user_attention` `attention` ON `attention`.`user_followid`=`User`.`id` LEFT JOIN `dp_user_attention` `attentioned` ON `attentioned`.`user_id`=`User`.`id` LEFT JOIN ( SELECT `uid`,count(id) as  img_num FROM `dp_user_video` WHERE  (  video_type=1 ) GROUP BY `video_type` ) `img` ON `img`.`uid`=`User`.`id` LEFT JOIN ( SELECT `uid`,count(id) as  video_num FROM `dp_user_video` WHERE  (  video_type=2 ) GROUP BY `video_type` ) `video` ON `video`.`uid`=`User`.`id` WHERE  `User`.`id` = 2 GROUP BY `User`.`id` LIMIT 1 [ RunTime:0.000000s ]
---------------------------------------------------------------
[ 2018-01-20T11:49:10+08:00 ] 127.0.0.1 GET /static/jquery-form/jquery.form.min.js.map
[ info ] dev.dophin.local/static/jquery-form/jquery.form.min.js.map [运行时间：0.170010s][吞吐率：5.88req/s] [内存消耗：496.61kb] [文件加载：59]
[ info ] [ LANG ] D:\UPUPW\UPUPW_AP7.0_64\vhosts\dev.dophin.local\thinkphp\lang\zh-cn.php
[ info ] [ ROUTE ] array (
  'type' => 'module',
  'module' => 
  array (
    0 => 'static',
    1 => 'jquery-form',
    2 => 'jquery.form.min.js.map',
  ),
)
[ info ] [ HEADER ] array (
  'host' => 'dev.dophin.local',
  'connection' => 'keep-alive',
  'user-agent' => 'Mozilla/5.0 (iPhone; CPU iPhone OS 9_1 like Mac OS X) AppleWebKit/601.1.46 (KHTML, like Gecko) Version/9.0 Mobile/13B143 Safari/601.1',
  'accept-encoding' => 'gzip, deflate',
  'accept-language' => 'zh-CN,zh;q=0.9',
  'cookie' => 'PHPSESSID=r13v3uarfmrdpshlt40oj6ass7',
)
[ info ] [ PARAM ] array (
  '/static/jquery-form/jquery_form_min_js_map' => '',
)
[ info ] [ CACHE ] INIT File
[ info ] [ DB ] INIT mysql
[ info ] [ BEHAVIOR ] Run app\common\behavior\Config @app_begin [ RunTime:0.060003s ]
[ info ] [ BEHAVIOR ] Run app\common\behavior\Hook @app_begin [ RunTime:0.060004s ]
[ info ] [ LOG ] INIT File
[ sql ] [ DB ] CONNECT:[ UseTime:0.001000s ] mysql:host=127.0.0.1;port=3306;dbname=dolphin;charset=utf8
[ sql ] [ SQL ] SHOW COLUMNS FROM `dp_admin_config` [ RunTime:0.017001s ]
[ sql ] [ SQL ] SELECT `name`,`value`,`type` FROM `dp_admin_config` [ RunTime:0.001001s ]
[ sql ] [ SQL ] SHOW COLUMNS FROM `dp_admin_module` [ RunTime:0.011000s ]
[ sql ] [ SQL ] SELECT `name`,`config` FROM `dp_admin_module` WHERE  `config` <> '' [ RunTime:0.000000s ]
[ sql ] [ SQL ] SHOW COLUMNS FROM `dp_admin_hook` [ RunTime:0.014001s ]
[ sql ] [ SQL ] SELECT `name`,`status` FROM `dp_admin_hook` WHERE  `status` = 1 [ RunTime:0.001000s ]
[ sql ] [ SQL ] SHOW COLUMNS FROM `dp_admin_plugin` [ RunTime:0.015001s ]
[ sql ] [ SQL ] SELECT `name`,`status` FROM `dp_admin_plugin` WHERE  `status` = 1 [ RunTime:0.001000s ]
[ sql ] [ SQL ] SHOW COLUMNS FROM `dp_admin_hook_plugin` [ RunTime:0.016001s ]
[ sql ] [ SQL ] SELECT * FROM `dp_admin_hook_plugin` WHERE  `status` = 1 ORDER BY hook,sort [ RunTime:0.001000s ]
---------------------------------------------------------------
[ 2018-01-20T11:49:11+08:00 ] 127.0.0.1 GET /user/become_member/member_list.html
[ info ] dev.dophin.local/user/become_member/member_list.html [运行时间：0.147008s][吞吐率：6.80req/s] [内存消耗：583.07kb] [文件加载：69]
[ info ] [ LANG ] D:\UPUPW\UPUPW_AP7.0_64\vhosts\dev.dophin.local\thinkphp\lang\zh-cn.php
[ info ] [ ROUTE ] array (
  'type' => 'module',
  'module' => 
  array (
    0 => 'user',
    1 => 'become_member',
    2 => 'member_list',
  ),
)
[ info ] [ HEADER ] array (
  'host' => 'dev.dophin.local',
  'connection' => 'keep-alive',
  'upgrade-insecure-requests' => '1',
  'user-agent' => 'Mozilla/5.0 (iPhone; CPU iPhone OS 9_1 like Mac OS X) AppleWebKit/601.1.46 (KHTML, like Gecko) Version/9.0 Mobile/13B143 Safari/601.1',
  'accept' => 'text/html,application/xhtml+xml,application/xml;q=0.9,image/webp,image/apng,*/*;q=0.8',
  'referer' => 'http://dev.dophin.local/user/index/index.html',
  'accept-encoding' => 'gzip, deflate',
  'accept-language' => 'zh-CN,zh;q=0.9',
  'cookie' => 'PHPSESSID=r13v3uarfmrdpshlt40oj6ass7',
)
[ info ] [ PARAM ] array (
  '/user/become_member/member_list_html' => '',
)
[ info ] [ CACHE ] INIT File
[ info ] [ DB ] INIT mysql
[ info ] [ BEHAVIOR ] Run app\common\behavior\Config @app_begin [ RunTime:0.045003s ]
[ info ] [ BEHAVIOR ] Run app\common\behavior\Hook @app_begin [ RunTime:0.039002s ]
[ info ] [ SESSION ] INIT array (
  'id' => '',
  'var_session_id' => '',
  'prefix' => 'dolphin_admin_',
  'type' => '',
  'auto_start' => true,
)
[ info ] [ RUN ] app\user\home\BecomeMember->member_list[ D:\UPUPW\UPUPW_AP7.0_64\vhosts\dev.dophin.local\application\user\home\BecomeMember.php ]
[ info ] [ VIEW ] D:\UPUPW\UPUPW_AP7.0_64\vhosts\dev.dophin.local\public/../application/user\view\become_member\member_list.html [ array (
  0 => 'member_group',
) ]
[ info ] [ LOG ] INIT File
[ sql ] [ DB ] CONNECT:[ UseTime:0.010000s ] mysql:host=127.0.0.1;port=3306;dbname=dolphin;charset=utf8
[ sql ] [ SQL ] SHOW COLUMNS FROM `dp_admin_config` [ RunTime:0.010001s ]
[ sql ] [ SQL ] SELECT `name`,`value`,`type` FROM `dp_admin_config` [ RunTime:0.001000s ]
[ sql ] [ SQL ] SHOW COLUMNS FROM `dp_admin_module` [ RunTime:0.007001s ]
[ sql ] [ SQL ] SELECT `name`,`config` FROM `dp_admin_module` WHERE  `config` <> '' [ RunTime:0.001000s ]
[ sql ] [ SQL ] SHOW COLUMNS FROM `dp_admin_hook` [ RunTime:0.010000s ]
[ sql ] [ SQL ] SELECT `name`,`status` FROM `dp_admin_hook` WHERE  `status` = 1 [ RunTime:0.001001s ]
[ sql ] [ SQL ] SHOW COLUMNS FROM `dp_admin_plugin` [ RunTime:0.011000s ]
[ sql ] [ SQL ] SELECT `name`,`status` FROM `dp_admin_plugin` WHERE  `status` = 1 [ RunTime:0.001000s ]
[ sql ] [ SQL ] SHOW COLUMNS FROM `dp_admin_hook_plugin` [ RunTime:0.008001s ]
[ sql ] [ SQL ] SELECT * FROM `dp_admin_hook_plugin` WHERE  `status` = 1 ORDER BY hook,sort [ RunTime:0.000000s ]
[ sql ] [ SQL ] SHOW COLUMNS FROM `dp_user_group` [ RunTime:0.005000s ]
[ sql ] [ SQL ] SELECT `g`.`id`,`g`.`group_name`,`g`.`price_y`,`g`.`price_m`,`g`.`price_a`,`g`.`prestore`,`g`.`gift_money`,`g`.`icon`,`g`.`usernamecolor`,`gp`.`allow_priview_photo`,`gp`.`allow_priview_video`,`gp`.`allow_chat`,`gp`.`allow_insurance`,`gp`.`allow_recommend`,`gp`.`allow_videoconferencing`,`gp`.`allow_escort_recommend`,`gp`.`allow_date`,`g`.`member_type`,`g`.`discount_y`,`g`.`discount_m`,`g`.`discount_a`,`g`.`discount_pre` FROM `dp_user_group` `g` LEFT JOIN `dp_user_group_privilege` `gp` ON `g`.`id`=`gp`.`group_id` WHERE  `g`.`price_y` > '0.00' OR `g`.`prestore` > '0.00' [ RunTime:0.001000s ]
---------------------------------------------------------------
[ 2018-01-20T11:49:14+08:00 ] 127.0.0.1 GET /user/become_member/index/id/5/price_type/price_y.html
[ info ] dev.dophin.local/user/become_member/index/id/5/price_type/price_y.html [运行时间：0.178011s][吞吐率：5.62req/s] [内存消耗：640.89kb] [文件加载：71]
[ info ] [ LANG ] D:\UPUPW\UPUPW_AP7.0_64\vhosts\dev.dophin.local\thinkphp\lang\zh-cn.php
[ info ] [ ROUTE ] array (
  'type' => 'module',
  'module' => 
  array (
    0 => 'user',
    1 => 'become_member',
    2 => 'index',
  ),
)
[ info ] [ HEADER ] array (
  'host' => 'dev.dophin.local',
  'connection' => 'keep-alive',
  'upgrade-insecure-requests' => '1',
  'user-agent' => 'Mozilla/5.0 (iPhone; CPU iPhone OS 9_1 like Mac OS X) AppleWebKit/601.1.46 (KHTML, like Gecko) Version/9.0 Mobile/13B143 Safari/601.1',
  'accept' => 'text/html,application/xhtml+xml,application/xml;q=0.9,image/webp,image/apng,*/*;q=0.8',
  'referer' => 'http://dev.dophin.local/user/become_member/member_list.html',
  'accept-encoding' => 'gzip, deflate',
  'accept-language' => 'zh-CN,zh;q=0.9',
  'cookie' => 'PHPSESSID=r13v3uarfmrdpshlt40oj6ass7',
)
[ info ] [ PARAM ] array (
  '/user/become_member/index/id/5/price_type/price_y_html' => '',
  'id' => '5',
  'price_type' => 'price_y',
)
[ info ] [ CACHE ] INIT File
[ info ] [ DB ] INIT mysql
[ info ] [ BEHAVIOR ] Run app\common\behavior\Config @app_begin [ RunTime:0.041002s ]
[ info ] [ BEHAVIOR ] Run app\common\behavior\Hook @app_begin [ RunTime:0.045003s ]
[ info ] [ SESSION ] INIT array (
  'id' => '',
  'var_session_id' => '',
  'prefix' => 'dolphin_admin_',
  'type' => '',
  'auto_start' => true,
)
[ info ] [ RUN ] app\user\home\BecomeMember->index[ D:\UPUPW\UPUPW_AP7.0_64\vhosts\dev.dophin.local\application\user\home\BecomeMember.php ]
[ info ] [ VIEW ] D:\UPUPW\UPUPW_AP7.0_64\vhosts\dev.dophin.local\public/../application/user\view\become_member\index.html [ array (
  0 => 'data',
  1 => 'price',
  2 => 'price_type',
) ]
[ info ] [ LOG ] INIT File
[ sql ] [ DB ] CONNECT:[ UseTime:0.001000s ] mysql:host=127.0.0.1;port=3306;dbname=dolphin;charset=utf8
[ sql ] [ SQL ] SHOW COLUMNS FROM `dp_admin_config` [ RunTime:0.012000s ]
[ sql ] [ SQL ] SELECT `name`,`value`,`type` FROM `dp_admin_config` [ RunTime:0.000000s ]
[ sql ] [ SQL ] SHOW COLUMNS FROM `dp_admin_module` [ RunTime:0.011000s ]
[ sql ] [ SQL ] SELECT `name`,`config` FROM `dp_admin_module` WHERE  `config` <> '' [ RunTime:0.000000s ]
[ sql ] [ SQL ] SHOW COLUMNS FROM `dp_admin_hook` [ RunTime:0.011000s ]
[ sql ] [ SQL ] SELECT `name`,`status` FROM `dp_admin_hook` WHERE  `status` = 1 [ RunTime:0.001000s ]
[ sql ] [ SQL ] SHOW COLUMNS FROM `dp_admin_plugin` [ RunTime:0.011001s ]
[ sql ] [ SQL ] SELECT `name`,`status` FROM `dp_admin_plugin` WHERE  `status` = 1 [ RunTime:0.001000s ]
[ sql ] [ SQL ] SHOW COLUMNS FROM `dp_admin_hook_plugin` [ RunTime:0.012001s ]
[ sql ] [ SQL ] SELECT * FROM `dp_admin_hook_plugin` WHERE  `status` = 1 ORDER BY hook,sort [ RunTime:0.001000s ]
[ sql ] [ SQL ] SHOW COLUMNS FROM `dp_user_group` [ RunTime:0.012001s ]
[ sql ] [ SQL ] SELECT `p`.`id`,`p`.`group_name`,`p`.`price_y`,count(u.id) as people_num FROM `dp_user_group` `p` LEFT JOIN `dp_user` `u` ON `u`.`group_id`=`p`.`id` WHERE  `p`.`id` = '5' LIMIT 1 [ RunTime:0.000000s ]
---------------------------------------------------------------
[ 2018-01-20T11:49:16+08:00 ] 127.0.0.1 POST /index/wxpay/index
[ info ] dev.dophin.local/index/wxpay/index [运行时间：0.147009s][吞吐率：6.80req/s] [内存消耗：540.82kb] [文件加载：63]
[ info ] [ LANG ] D:\UPUPW\UPUPW_AP7.0_64\vhosts\dev.dophin.local\thinkphp\lang\zh-cn.php
[ info ] [ ROUTE ] array (
  'type' => 'module',
  'module' => 
  array (
    0 => 'index',
    1 => 'wxpay',
    2 => 'index',
  ),
)
[ info ] [ HEADER ] array (
  'host' => 'dev.dophin.local',
  'connection' => 'keep-alive',
  'content-length' => '83',
  'cache-control' => 'max-age=0',
  'origin' => 'http://dev.dophin.local',
  'upgrade-insecure-requests' => '1',
  'content-type' => 'application/x-www-form-urlencoded',
  'user-agent' => 'Mozilla/5.0 (iPhone; CPU iPhone OS 9_1 like Mac OS X) AppleWebKit/601.1.46 (KHTML, like Gecko) Version/9.0 Mobile/13B143 Safari/601.1',
  'accept' => 'text/html,application/xhtml+xml,application/xml;q=0.9,image/webp,image/apng,*/*;q=0.8',
  'referer' => 'http://dev.dophin.local/user/become_member/index/id/5/price_type/price_y.html',
  'accept-encoding' => 'gzip, deflate',
  'accept-language' => 'zh-CN,zh;q=0.9',
  'cookie' => 'PHPSESSID=r13v3uarfmrdpshlt40oj6ass7',
)
[ info ] [ PARAM ] array (
  '/index/wxpay/index' => '',
  'shiyong' => '2',
  'kt' => '5',
  'price_type' => 'price_y',
  'get_uid' => '2',
  'js' => '确认支付',
)
[ info ] [ CACHE ] INIT File
[ info ] [ DB ] INIT mysql
[ info ] [ BEHAVIOR ] Run app\common\behavior\Config @app_begin [ RunTime:0.046003s ]
[ info ] [ BEHAVIOR ] Run app\common\behavior\Hook @app_begin [ RunTime:0.039002s ]
[ info ] [ RUN ] app\index\controller\Wxpay->index[ D:\UPUPW\UPUPW_AP7.0_64\vhosts\dev.dophin.local\application\index\controller\Wxpay.php ]
[ info ] [ LOG ] INIT File
[ sql ] [ DB ] CONNECT:[ UseTime:0.010001s ] mysql:host=127.0.0.1;port=3306;dbname=dolphin;charset=utf8
[ sql ] [ SQL ] SHOW COLUMNS FROM `dp_admin_config` [ RunTime:0.008000s ]
[ sql ] [ SQL ] SELECT `name`,`value`,`type` FROM `dp_admin_config` [ RunTime:0.001000s ]
[ sql ] [ SQL ] SHOW COLUMNS FROM `dp_admin_module` [ RunTime:0.010001s ]
[ sql ] [ SQL ] SELECT `name`,`config` FROM `dp_admin_module` WHERE  `config` <> '' [ RunTime:0.000000s ]
[ sql ] [ SQL ] SHOW COLUMNS FROM `dp_admin_hook` [ RunTime:0.009001s ]
[ sql ] [ SQL ] SELECT `name`,`status` FROM `dp_admin_hook` WHERE  `status` = 1 [ RunTime:0.000000s ]
[ sql ] [ SQL ] SHOW COLUMNS FROM `dp_admin_plugin` [ RunTime:0.008000s ]
[ sql ] [ SQL ] SELECT `name`,`status` FROM `dp_admin_plugin` WHERE  `status` = 1 [ RunTime:0.000000s ]
[ sql ] [ SQL ] SHOW COLUMNS FROM `dp_admin_hook_plugin` [ RunTime:0.012001s ]
[ sql ] [ SQL ] SELECT * FROM `dp_admin_hook_plugin` WHERE  `status` = 1 ORDER BY hook,sort [ RunTime:0.000000s ]
[ sql ] [ SQL ] SHOW COLUMNS FROM `dp_user_group` [ RunTime:0.013000s ]
[ sql ] [ SQL ] SELECT `price_y`,`group_name` FROM `dp_user_group` WHERE  `id` = 5 LIMIT 1 [ RunTime:0.000000s ]
[ sql ] [ SQL ] SELECT `price_y`,`group_name` FROM `dp_user_group` WHERE  `id` = 5 LIMIT 1 [ RunTime:0.001001s ]
---------------------------------------------------------------
[ 2018-01-20T11:49:18+08:00 ] 127.0.0.1 GET /user/become_member/index/id/5/price_type/price_y.html
[ info ] dev.dophin.local/user/become_member/index/id/5/price_type/price_y.html [运行时间：0.155009s][吞吐率：6.45req/s] [内存消耗：563.16kb] [文件加载：69]
[ info ] [ LANG ] D:\UPUPW\UPUPW_AP7.0_64\vhosts\dev.dophin.local\thinkphp\lang\zh-cn.php
[ info ] [ ROUTE ] array (
  'type' => 'module',
  'module' => 
  array (
    0 => 'user',
    1 => 'become_member',
    2 => 'index',
  ),
)
[ info ] [ HEADER ] array (
  'host' => 'dev.dophin.local',
  'connection' => 'keep-alive',
  'user-agent' => 'Mozilla/5.0 (iPhone; CPU iPhone OS 9_1 like Mac OS X) AppleWebKit/601.1.46 (KHTML, like Gecko) Version/9.0 Mobile/13B143 Safari/601.1',
  'upgrade-insecure-requests' => '1',
  'accept' => 'text/html,application/xhtml+xml,application/xml;q=0.9,image/webp,image/apng,*/*;q=0.8',
  'referer' => 'http://dev.dophin.local/user/become_member/member_list.html',
  'accept-encoding' => 'gzip, deflate',
  'accept-language' => 'zh-CN,zh;q=0.9',
  'cookie' => 'PHPSESSID=r13v3uarfmrdpshlt40oj6ass7',
)
[ info ] [ PARAM ] array (
  '/user/become_member/index/id/5/price_type/price_y_html' => '',
  'id' => '5',
  'price_type' => 'price_y',
)
[ info ] [ CACHE ] INIT File
[ info ] [ DB ] INIT mysql
[ info ] [ BEHAVIOR ] Run app\common\behavior\Config @app_begin [ RunTime:0.043003s ]
[ info ] [ BEHAVIOR ] Run app\common\behavior\Hook @app_begin [ RunTime:0.043002s ]
[ info ] [ SESSION ] INIT array (
  'id' => '',
  'var_session_id' => '',
  'prefix' => 'dolphin_admin_',
  'type' => '',
  'auto_start' => true,
)
[ info ] [ RUN ] app\user\home\BecomeMember->index[ D:\UPUPW\UPUPW_AP7.0_64\vhosts\dev.dophin.local\application\user\home\BecomeMember.php ]
[ info ] [ VIEW ] D:\UPUPW\UPUPW_AP7.0_64\vhosts\dev.dophin.local\public/../application/user\view\become_member\index.html [ array (
  0 => 'data',
  1 => 'price',
  2 => 'price_type',
) ]
[ info ] [ LOG ] INIT File
[ sql ] [ DB ] CONNECT:[ UseTime:0.001000s ] mysql:host=127.0.0.1;port=3306;dbname=dolphin;charset=utf8
[ sql ] [ SQL ] SHOW COLUMNS FROM `dp_admin_config` [ RunTime:0.012001s ]
[ sql ] [ SQL ] SELECT `name`,`value`,`type` FROM `dp_admin_config` [ RunTime:0.000000s ]
[ sql ] [ SQL ] SHOW COLUMNS FROM `dp_admin_module` [ RunTime:0.011001s ]
[ sql ] [ SQL ] SELECT `name`,`config` FROM `dp_admin_module` WHERE  `config` <> '' [ RunTime:0.000000s ]
[ sql ] [ SQL ] SHOW COLUMNS FROM `dp_admin_hook` [ RunTime:0.013001s ]
[ sql ] [ SQL ] SELECT `name`,`status` FROM `dp_admin_hook` WHERE  `status` = 1 [ RunTime:0.000000s ]
[ sql ] [ SQL ] SHOW COLUMNS FROM `dp_admin_plugin` [ RunTime:0.010000s ]
[ sql ] [ SQL ] SELECT `name`,`status` FROM `dp_admin_plugin` WHERE  `status` = 1 [ RunTime:0.000000s ]
[ sql ] [ SQL ] SHOW COLUMNS FROM `dp_admin_hook_plugin` [ RunTime:0.011000s ]
[ sql ] [ SQL ] SELECT * FROM `dp_admin_hook_plugin` WHERE  `status` = 1 ORDER BY hook,sort [ RunTime:0.000000s ]
[ sql ] [ SQL ] SHOW COLUMNS FROM `dp_user_group` [ RunTime:0.012001s ]
[ sql ] [ SQL ] SELECT `p`.`id`,`p`.`group_name`,`p`.`price_y`,count(u.id) as people_num FROM `dp_user_group` `p` LEFT JOIN `dp_user` `u` ON `u`.`group_id`=`p`.`id` WHERE  `p`.`id` = '5' LIMIT 1 [ RunTime:0.000000s ]
---------------------------------------------------------------
[ 2018-01-20T11:49:19+08:00 ] 127.0.0.1 GET /user/become_member/member_list.html
[ info ] dev.dophin.local/user/become_member/member_list.html [运行时间：0.144009s][吞吐率：6.94req/s] [内存消耗：583.07kb] [文件加载：69]
[ info ] [ LANG ] D:\UPUPW\UPUPW_AP7.0_64\vhosts\dev.dophin.local\thinkphp\lang\zh-cn.php
[ info ] [ ROUTE ] array (
  'type' => 'module',
  'module' => 
  array (
    0 => 'user',
    1 => 'become_member',
    2 => 'member_list',
  ),
)
[ info ] [ HEADER ] array (
  'host' => 'dev.dophin.local',
  'connection' => 'keep-alive',
  'user-agent' => 'Mozilla/5.0 (iPhone; CPU iPhone OS 9_1 like Mac OS X) AppleWebKit/601.1.46 (KHTML, like Gecko) Version/9.0 Mobile/13B143 Safari/601.1',
  'upgrade-insecure-requests' => '1',
  'accept' => 'text/html,application/xhtml+xml,application/xml;q=0.9,image/webp,image/apng,*/*;q=0.8',
  'referer' => 'http://dev.dophin.local/user/index/index.html',
  'accept-encoding' => 'gzip, deflate',
  'accept-language' => 'zh-CN,zh;q=0.9',
  'cookie' => 'PHPSESSID=r13v3uarfmrdpshlt40oj6ass7',
)
[ info ] [ PARAM ] array (
  '/user/become_member/member_list_html' => '',
)
[ info ] [ CACHE ] INIT File
[ info ] [ DB ] INIT mysql
[ info ] [ BEHAVIOR ] Run app\common\behavior\Config @app_begin [ RunTime:0.045002s ]
[ info ] [ BEHAVIOR ] Run app\common\behavior\Hook @app_begin [ RunTime:0.033002s ]
[ info ] [ SESSION ] INIT array (
  'id' => '',
  'var_session_id' => '',
  'prefix' => 'dolphin_admin_',
  'type' => '',
  'auto_start' => true,
)
[ info ] [ RUN ] app\user\home\BecomeMember->member_list[ D:\UPUPW\UPUPW_AP7.0_64\vhosts\dev.dophin.local\application\user\home\BecomeMember.php ]
[ info ] [ VIEW ] D:\UPUPW\UPUPW_AP7.0_64\vhosts\dev.dophin.local\public/../application/user\view\become_member\member_list.html [ array (
  0 => 'member_group',
) ]
[ info ] [ LOG ] INIT File
[ sql ] [ DB ] CONNECT:[ UseTime:0.010000s ] mysql:host=127.0.0.1;port=3306;dbname=dolphin;charset=utf8
[ sql ] [ SQL ] SHOW COLUMNS FROM `dp_admin_config` [ RunTime:0.009001s ]
[ sql ] [ SQL ] SELECT `name`,`value`,`type` FROM `dp_admin_config` [ RunTime:0.000000s ]
[ sql ] [ SQL ] SHOW COLUMNS FROM `dp_admin_module` [ RunTime:0.009000s ]
[ sql ] [ SQL ] SELECT `name`,`config` FROM `dp_admin_module` WHERE  `config` <> '' [ RunTime:0.001000s ]
[ sql ] [ SQL ] SHOW COLUMNS FROM `dp_admin_hook` [ RunTime:0.009000s ]
[ sql ] [ SQL ] SELECT `name`,`status` FROM `dp_admin_hook` WHERE  `status` = 1 [ RunTime:0.001000s ]
[ sql ] [ SQL ] SHOW COLUMNS FROM `dp_admin_plugin` [ RunTime:0.007001s ]
[ sql ] [ SQL ] SELECT `name`,`status` FROM `dp_admin_plugin` WHERE  `status` = 1 [ RunTime:0.001000s ]
[ sql ] [ SQL ] SHOW COLUMNS FROM `dp_admin_hook_plugin` [ RunTime:0.007000s ]
[ sql ] [ SQL ] SELECT * FROM `dp_admin_hook_plugin` WHERE  `status` = 1 ORDER BY hook,sort [ RunTime:0.000000s ]
[ sql ] [ SQL ] SHOW COLUMNS FROM `dp_user_group` [ RunTime:0.008001s ]
[ sql ] [ SQL ] SELECT `g`.`id`,`g`.`group_name`,`g`.`price_y`,`g`.`price_m`,`g`.`price_a`,`g`.`prestore`,`g`.`gift_money`,`g`.`icon`,`g`.`usernamecolor`,`gp`.`allow_priview_photo`,`gp`.`allow_priview_video`,`gp`.`allow_chat`,`gp`.`allow_insurance`,`gp`.`allow_recommend`,`gp`.`allow_videoconferencing`,`gp`.`allow_escort_recommend`,`gp`.`allow_date`,`g`.`member_type`,`g`.`discount_y`,`g`.`discount_m`,`g`.`discount_a`,`g`.`discount_pre` FROM `dp_user_group` `g` LEFT JOIN `dp_user_group_privilege` `gp` ON `g`.`id`=`gp`.`group_id` WHERE  `g`.`price_y` > '0.00' OR `g`.`prestore` > '0.00' [ RunTime:0.001000s ]
---------------------------------------------------------------
[ 2018-01-20T11:49:19+08:00 ] 127.0.0.1 GET /user/become_member/member_list.html
[ info ] dev.dophin.local/user/become_member/member_list.html [运行时间：0.155009s][吞吐率：6.45req/s] [内存消耗：583.15kb] [文件加载：69]
[ info ] [ LANG ] D:\UPUPW\UPUPW_AP7.0_64\vhosts\dev.dophin.local\thinkphp\lang\zh-cn.php
[ info ] [ ROUTE ] array (
  'type' => 'module',
  'module' => 
  array (
    0 => 'user',
    1 => 'become_member',
    2 => 'member_list',
  ),
)
[ info ] [ HEADER ] array (
  'host' => 'dev.dophin.local',
  'connection' => 'keep-alive',
  'cache-control' => 'max-age=0',
  'upgrade-insecure-requests' => '1',
  'user-agent' => 'Mozilla/5.0 (iPhone; CPU iPhone OS 9_1 like Mac OS X) AppleWebKit/601.1.46 (KHTML, like Gecko) Version/9.0 Mobile/13B143 Safari/601.1',
  'accept' => 'text/html,application/xhtml+xml,application/xml;q=0.9,image/webp,image/apng,*/*;q=0.8',
  'referer' => 'http://dev.dophin.local/user/index/index.html',
  'accept-encoding' => 'gzip, deflate',
  'accept-language' => 'zh-CN,zh;q=0.9',
  'cookie' => 'PHPSESSID=r13v3uarfmrdpshlt40oj6ass7',
)
[ info ] [ PARAM ] array (
  '/user/become_member/member_list_html' => '',
)
[ info ] [ CACHE ] INIT File
[ info ] [ DB ] INIT mysql
[ info ] [ BEHAVIOR ] Run app\common\behavior\Config @app_begin [ RunTime:0.046002s ]
[ info ] [ BEHAVIOR ] Run app\common\behavior\Hook @app_begin [ RunTime:0.037002s ]
[ info ] [ SESSION ] INIT array (
  'id' => '',
  'var_session_id' => '',
  'prefix' => 'dolphin_admin_',
  'type' => '',
  'auto_start' => true,
)
[ info ] [ RUN ] app\user\home\BecomeMember->member_list[ D:\UPUPW\UPUPW_AP7.0_64\vhosts\dev.dophin.local\application\user\home\BecomeMember.php ]
[ info ] [ VIEW ] D:\UPUPW\UPUPW_AP7.0_64\vhosts\dev.dophin.local\public/../application/user\view\become_member\member_list.html [ array (
  0 => 'member_group',
) ]
[ info ] [ LOG ] INIT File
[ sql ] [ DB ] CONNECT:[ UseTime:0.010000s ] mysql:host=127.0.0.1;port=3306;dbname=dolphin;charset=utf8
[ sql ] [ SQL ] SHOW COLUMNS FROM `dp_admin_config` [ RunTime:0.008001s ]
[ sql ] [ SQL ] SELECT `name`,`value`,`type` FROM `dp_admin_config` [ RunTime:0.001000s ]
[ sql ] [ SQL ] SHOW COLUMNS FROM `dp_admin_module` [ RunTime:0.010000s ]
[ sql ] [ SQL ] SELECT `name`,`config` FROM `dp_admin_module` WHERE  `config` <> '' [ RunTime:0.001000s ]
[ sql ] [ SQL ] SHOW COLUMNS FROM `dp_admin_hook` [ RunTime:0.010000s ]
[ sql ] [ SQL ] SELECT `name`,`status` FROM `dp_admin_hook` WHERE  `status` = 1 [ RunTime:0.000000s ]
[ sql ] [ SQL ] SHOW COLUMNS FROM `dp_admin_plugin` [ RunTime:0.007001s ]
[ sql ] [ SQL ] SELECT `name`,`status` FROM `dp_admin_plugin` WHERE  `status` = 1 [ RunTime:0.001000s ]
[ sql ] [ SQL ] SHOW COLUMNS FROM `dp_admin_hook_plugin` [ RunTime:0.010000s ]
[ sql ] [ SQL ] SELECT * FROM `dp_admin_hook_plugin` WHERE  `status` = 1 ORDER BY hook,sort [ RunTime:0.000000s ]
[ sql ] [ SQL ] SHOW COLUMNS FROM `dp_user_group` [ RunTime:0.011000s ]
[ sql ] [ SQL ] SELECT `g`.`id`,`g`.`group_name`,`g`.`price_y`,`g`.`price_m`,`g`.`price_a`,`g`.`prestore`,`g`.`gift_money`,`g`.`icon`,`g`.`usernamecolor`,`gp`.`allow_priview_photo`,`gp`.`allow_priview_video`,`gp`.`allow_chat`,`gp`.`allow_insurance`,`gp`.`allow_recommend`,`gp`.`allow_videoconferencing`,`gp`.`allow_escort_recommend`,`gp`.`allow_date`,`g`.`member_type`,`g`.`discount_y`,`g`.`discount_m`,`g`.`discount_a`,`g`.`discount_pre` FROM `dp_user_group` `g` LEFT JOIN `dp_user_group_privilege` `gp` ON `g`.`id`=`gp`.`group_id` WHERE  `g`.`price_y` > '0.00' OR `g`.`prestore` > '0.00' [ RunTime:0.002000s ]
